2025-12-04 13:12:30,028 - MainThread - sqlmesh.core.console - WARNING - The databricks engine is not recommended for storing SQLMesh state in production deployments. Please see https://sqlmesh.readthedocs.io/en/stable/guides/configuration/#state-connection for a list of recommended engines and more information. (console.py:2335)
2025-12-04 13:12:30,343 - MainThread - databricks.sql.session - WARNING - [WARN] Parameter '_user_agent_entry' is deprecated; use 'user_agent_entry' instead. This parameter will be removed in the upcoming releases. (session.py:55)
2025-12-04 13:12:30,913 - MainThread - databricks.sql.auth.retry - INFO - Received status code 200 for POST request (retry.py:355)
2025-12-04 13:12:30,913 - MainThread - databricks.sql.auth.thrift_http_client - INFO - HTTP Response with status code 200, message: OK (thrift_http_client.py:208)
2025-12-04 13:12:30,929 - MainThread - databricks.sql.session - INFO - Successfully opened session 01f0d112-e3ba-1f0c-8e75-7e6c09b4688d (session.py:143)
2025-12-04 13:12:31,042 - MainThread - databricks.sql.auth.retry - INFO - Received status code 200 for POST request (retry.py:355)
2025-12-04 13:12:31,043 - MainThread - databricks.sql.auth.thrift_http_client - INFO - HTTP Response with status code 200, message: OK (thrift_http_client.py:208)
2025-12-04 13:12:40,928 - MainThread - databricks.sql.auth.retry - INFO - Received status code 200 for POST request (retry.py:355)
2025-12-04 13:12:40,928 - MainThread - databricks.sql.auth.thrift_http_client - INFO - HTTP Response with status code 200, message: OK (thrift_http_client.py:208)
2025-12-04 13:12:46,238 - MainThread - databricks.sql.auth.retry - INFO - Received status code 200 for POST request (retry.py:355)
2025-12-04 13:12:46,238 - MainThread - databricks.sql.auth.thrift_http_client - INFO - HTTP Response with status code 200, message: OK (thrift_http_client.py:208)
2025-12-04 13:12:48,241 - MainThread - databricks.sql.auth.retry - INFO - Received status code 200 for POST request (retry.py:355)
2025-12-04 13:12:48,241 - MainThread - databricks.sql.auth.thrift_http_client - INFO - HTTP Response with status code 200, message: OK (thrift_http_client.py:208)
2025-12-04 13:12:48,340 - MainThread - databricks.sql.auth.retry - INFO - Received status code 200 for POST request (retry.py:355)
2025-12-04 13:12:48,340 - MainThread - databricks.sql.auth.thrift_http_client - INFO - HTTP Response with status code 200, message: OK (thrift_http_client.py:208)
2025-12-04 13:12:48,498 - MainThread - databricks.sql.auth.retry - INFO - Received status code 200 for POST request (retry.py:355)
2025-12-04 13:12:48,498 - MainThread - databricks.sql.auth.thrift_http_client - INFO - HTTP Response with status code 200, message: OK (thrift_http_client.py:208)
2025-12-04 13:12:48,669 - MainThread - databricks.sql.auth.retry - INFO - Received status code 200 for POST request (retry.py:355)
2025-12-04 13:12:48,669 - MainThread - databricks.sql.auth.thrift_http_client - INFO - HTTP Response with status code 200, message: OK (thrift_http_client.py:208)
2025-12-04 13:12:53,512 - MainThread - databricks.sql.auth.retry - INFO - Received status code 200 for POST request (retry.py:355)
2025-12-04 13:12:53,512 - MainThread - databricks.sql.auth.thrift_http_client - INFO - HTTP Response with status code 200, message: OK (thrift_http_client.py:208)
2025-12-04 13:12:54,080 - MainThread - databricks.sql.auth.retry - INFO - Received status code 200 for POST request (retry.py:355)
2025-12-04 13:12:54,080 - MainThread - databricks.sql.auth.thrift_http_client - INFO - HTTP Response with status code 200, message: OK (thrift_http_client.py:208)
2025-12-04 13:12:54,339 - MainThread - databricks.sql.auth.retry - INFO - Received status code 200 for POST request (retry.py:355)
2025-12-04 13:12:54,339 - MainThread - databricks.sql.auth.thrift_http_client - INFO - HTTP Response with status code 200, message: OK (thrift_http_client.py:208)
2025-12-04 13:12:59,500 - MainThread - databricks.sql.auth.retry - INFO - Received status code 200 for POST request (retry.py:355)
2025-12-04 13:12:59,500 - MainThread - databricks.sql.auth.thrift_http_client - INFO - HTTP Response with status code 200, message: OK (thrift_http_client.py:208)
2025-12-04 13:13:00,078 - MainThread - databricks.sql.auth.retry - INFO - Received status code 200 for POST request (retry.py:355)
2025-12-04 13:13:00,078 - MainThread - databricks.sql.auth.thrift_http_client - INFO - HTTP Response with status code 200, message: OK (thrift_http_client.py:208)
2025-12-04 13:13:02,443 - MainThread - databricks.sql.auth.retry - INFO - Received status code 200 for POST request (retry.py:355)
2025-12-04 13:13:02,443 - MainThread - databricks.sql.auth.thrift_http_client - INFO - HTTP Response with status code 200, message: OK (thrift_http_client.py:208)
2025-12-04 13:13:04,997 - MainThread - databricks.sql.auth.retry - INFO - Received status code 200 for POST request (retry.py:355)
2025-12-04 13:13:04,998 - MainThread - databricks.sql.auth.thrift_http_client - INFO - HTTP Response with status code 200, message: OK (thrift_http_client.py:208)
2025-12-04 13:13:05,726 - MainThread - databricks.sql.auth.retry - INFO - Received status code 200 for POST request (retry.py:355)
2025-12-04 13:13:05,726 - MainThread - databricks.sql.auth.thrift_http_client - INFO - HTTP Response with status code 200, message: OK (thrift_http_client.py:208)
2025-12-04 13:13:06,013 - MainThread - databricks.sql.auth.retry - INFO - Received status code 200 for POST request (retry.py:355)
2025-12-04 13:13:06,013 - MainThread - databricks.sql.auth.thrift_http_client - INFO - HTTP Response with status code 200, message: OK (thrift_http_client.py:208)
2025-12-04 13:13:06,046 - MainThread - databricks.sql.session - INFO - Closing session 01f0d112-e3ba-1f0c-8e75-7e6c09b4688d (session.py:194)
2025-12-04 13:13:06,128 - MainThread - databricks.sql.auth.retry - INFO - Received status code 200 for POST request (retry.py:355)
2025-12-04 13:13:06,128 - MainThread - databricks.sql.auth.thrift_http_client - INFO - HTTP Response with status code 200, message: OK (thrift_http_client.py:208)
2025-12-04 13:13:06,132 - MainThread - root - INFO - Shutting down the event dispatcher (dispatcher.py:159)
