2025-12-03 13:35:19,579 - MainThread - sqlmesh.core.console - WARNING - The databricks engine is not recommended for storing SQLMesh state in production deployments. Please see https://sqlmesh.readthedocs.io/en/stable/guides/configuration/#state-connection for a list of recommended engines and more information. (console.py:2335)
2025-12-03 13:35:19,771 - MainThread - databricks.sql.session - WARNING - [WARN] Parameter '_user_agent_entry' is deprecated; use 'user_agent_entry' instead. This parameter will be removed in the upcoming releases. (session.py:55)
2025-12-03 13:35:20,021 - MainThread - databricks.sql.auth.retry - INFO - Received status code 200 for POST request (retry.py:355)
2025-12-03 13:35:20,021 - MainThread - databricks.sql.auth.thrift_http_client - INFO - HTTP Response with status code 200, message: OK (thrift_http_client.py:208)
2025-12-03 13:35:20,021 - MainThread - databricks.sql.session - INFO - Successfully opened session 01f0d04c-ea12-19c6-8cf3-d1f93c5eca52 (session.py:143)
2025-12-03 13:35:20,333 - MainThread - databricks.sql.auth.retry - INFO - Received status code 200 for POST request (retry.py:355)
2025-12-03 13:35:20,333 - MainThread - databricks.sql.auth.thrift_http_client - INFO - HTTP Response with status code 200, message: OK (thrift_http_client.py:208)
2025-12-03 13:35:20,504 - MainThread - databricks.sql.auth.retry - INFO - Received status code 200 for POST request (retry.py:355)
2025-12-03 13:35:20,504 - MainThread - databricks.sql.auth.thrift_http_client - INFO - HTTP Response with status code 200, message: OK (thrift_http_client.py:208)
2025-12-03 13:35:20,771 - MainThread - databricks.sql.auth.retry - INFO - Received status code 200 for POST request (retry.py:355)
2025-12-03 13:35:20,771 - MainThread - databricks.sql.auth.thrift_http_client - INFO - HTTP Response with status code 200, message: OK (thrift_http_client.py:208)
2025-12-03 13:35:20,904 - MainThread - databricks.sql.auth.retry - INFO - Received status code 200 for POST request (retry.py:355)
2025-12-03 13:35:20,904 - MainThread - databricks.sql.auth.thrift_http_client - INFO - HTTP Response with status code 200, message: OK (thrift_http_client.py:208)
2025-12-03 13:35:21,349 - MainThread - databricks.sql.auth.retry - INFO - Received status code 200 for POST request (retry.py:355)
2025-12-03 13:35:21,349 - MainThread - databricks.sql.auth.thrift_http_client - INFO - HTTP Response with status code 200, message: OK (thrift_http_client.py:208)
2025-12-03 13:35:21,818 - MainThread - databricks.sql.auth.retry - INFO - Received status code 200 for POST request (retry.py:355)
2025-12-03 13:35:21,818 - MainThread - databricks.sql.auth.thrift_http_client - INFO - HTTP Response with status code 200, message: OK (thrift_http_client.py:208)
2025-12-03 13:35:22,717 - MainThread - databricks.sql.auth.retry - INFO - Received status code 200 for POST request (retry.py:355)
2025-12-03 13:35:22,717 - MainThread - databricks.sql.auth.thrift_http_client - INFO - HTTP Response with status code 200, message: OK (thrift_http_client.py:208)
2025-12-03 13:35:22,929 - MainThread - databricks.sql.auth.retry - INFO - Received status code 200 for POST request (retry.py:355)
2025-12-03 13:35:22,929 - MainThread - databricks.sql.auth.thrift_http_client - INFO - HTTP Response with status code 200, message: OK (thrift_http_client.py:208)
2025-12-03 13:35:23,414 - MainThread - databricks.sql.auth.retry - INFO - Received status code 200 for POST request (retry.py:355)
2025-12-03 13:35:23,414 - MainThread - databricks.sql.auth.thrift_http_client - INFO - HTTP Response with status code 200, message: OK (thrift_http_client.py:208)
2025-12-03 13:35:24,042 - MainThread - databricks.sql.auth.retry - INFO - Received status code 200 for POST request (retry.py:355)
2025-12-03 13:35:24,042 - MainThread - databricks.sql.auth.thrift_http_client - INFO - HTTP Response with status code 200, message: OK (thrift_http_client.py:208)
2025-12-03 13:35:24,752 - MainThread - databricks.sql.auth.retry - INFO - Received status code 200 for POST request (retry.py:355)
2025-12-03 13:35:24,752 - MainThread - databricks.sql.auth.thrift_http_client - INFO - HTTP Response with status code 200, message: OK (thrift_http_client.py:208)
2025-12-03 13:35:25,224 - MainThread - databricks.sql.auth.retry - INFO - Received status code 200 for POST request (retry.py:355)
2025-12-03 13:35:25,224 - MainThread - databricks.sql.auth.thrift_http_client - INFO - HTTP Response with status code 200, message: OK (thrift_http_client.py:208)
2025-12-03 13:35:26,138 - MainThread - databricks.sql.auth.retry - INFO - Received status code 200 for POST request (retry.py:355)
2025-12-03 13:35:26,139 - MainThread - databricks.sql.auth.thrift_http_client - INFO - HTTP Response with status code 200, message: OK (thrift_http_client.py:208)
2025-12-03 13:35:26,332 - MainThread - databricks.sql.auth.retry - INFO - Received status code 200 for POST request (retry.py:355)
2025-12-03 13:35:26,332 - MainThread - databricks.sql.auth.thrift_http_client - INFO - HTTP Response with status code 200, message: OK (thrift_http_client.py:208)
2025-12-03 13:35:39,701 - MainThread - databricks.sql.auth.retry - INFO - Received status code 200 for POST request (retry.py:355)
2025-12-03 13:35:39,701 - MainThread - databricks.sql.auth.thrift_http_client - INFO - HTTP Response with status code 200, message: OK (thrift_http_client.py:208)
2025-12-03 13:35:40,400 - MainThread - databricks.sql.auth.retry - INFO - Received status code 200 for POST request (retry.py:355)
2025-12-03 13:35:40,400 - MainThread - databricks.sql.auth.thrift_http_client - INFO - HTTP Response with status code 200, message: OK (thrift_http_client.py:208)
2025-12-03 13:35:40,416 - MainThread - sqlmesh.core.plan.evaluator - INFO - Evaluating plan stage CreateSnapshotRecordsStage (evaluator.py:123)
2025-12-03 13:35:40,826 - MainThread - databricks.sql.auth.retry - INFO - Received status code 200 for POST request (retry.py:355)
2025-12-03 13:35:40,826 - MainThread - databricks.sql.auth.thrift_http_client - INFO - HTTP Response with status code 200, message: OK (thrift_http_client.py:208)
2025-12-03 13:35:42,622 - MainThread - databricks.sql.auth.retry - INFO - Received status code 200 for POST request (retry.py:355)
2025-12-03 13:35:42,622 - MainThread - databricks.sql.auth.thrift_http_client - INFO - HTTP Response with status code 200, message: OK (thrift_http_client.py:208)
2025-12-03 13:35:42,643 - MainThread - sqlmesh.core.plan.evaluator - INFO - Evaluating plan stage PhysicalLayerSchemaCreationStage (evaluator.py:123)
2025-12-03 13:35:42,643 - MainThread - sqlmesh.core.snapshot.evaluator - INFO - Creating schema 'newbankingdemo.sqlmesh__silver' (evaluator.py:1449)
2025-12-03 13:35:42,643 - MainThread - sqlmesh.core.engine_adapter.base - INFO - Executing SQL: /* SQLMESH_PLAN: 405e3cfe1d5d4c23bd66fca93ca919b0 */ CREATE SCHEMA IF NOT EXISTS `newbankingdemo`.`sqlmesh__silver` (base.py:2619)
2025-12-03 13:35:42,674 - MainThread - databricks.sql.session - WARNING - [WARN] Parameter '_user_agent_entry' is deprecated; use 'user_agent_entry' instead. This parameter will be removed in the upcoming releases. (session.py:55)
2025-12-03 13:35:42,884 - MainThread - databricks.sql.auth.retry - INFO - Received status code 200 for POST request (retry.py:355)
2025-12-03 13:35:42,884 - MainThread - databricks.sql.auth.thrift_http_client - INFO - HTTP Response with status code 200, message: OK (thrift_http_client.py:208)
2025-12-03 13:35:42,898 - MainThread - databricks.sql.session - INFO - Successfully opened session 01f0d04c-f7b5-1b9e-bd4b-caa5e14263a3 (session.py:143)
2025-12-03 13:35:43,142 - MainThread - databricks.sql.auth.retry - INFO - Received status code 200 for POST request (retry.py:355)
2025-12-03 13:35:43,142 - MainThread - databricks.sql.auth.thrift_http_client - INFO - HTTP Response with status code 200, message: OK (thrift_http_client.py:208)
2025-12-03 13:35:43,142 - MainThread - sqlmesh.core.snapshot.evaluator - INFO - Creating schema 'newbankingdemo.sqlmesh__gold' (evaluator.py:1449)
2025-12-03 13:35:43,142 - MainThread - sqlmesh.core.engine_adapter.base - INFO - Executing SQL: /* SQLMESH_PLAN: 405e3cfe1d5d4c23bd66fca93ca919b0 */ CREATE SCHEMA IF NOT EXISTS `newbankingdemo`.`sqlmesh__gold` (base.py:2619)
2025-12-03 13:35:43,322 - MainThread - databricks.sql.auth.retry - INFO - Received status code 200 for POST request (retry.py:355)
2025-12-03 13:35:43,322 - MainThread - databricks.sql.auth.thrift_http_client - INFO - HTTP Response with status code 200, message: OK (thrift_http_client.py:208)
2025-12-03 13:35:43,334 - MainThread - sqlmesh.core.plan.evaluator - INFO - Evaluating plan stage BackfillStage (evaluator.py:123)
2025-12-03 13:35:43,350 - MainThread - sqlmesh.core.snapshot.evaluator - INFO - Listing data objects in schema newbankingdemo.sqlmesh__silver (evaluator.py:1616)
2025-12-03 13:35:43,357 - MainThread - sqlmesh.core.engine_adapter.base - INFO - Executing SQL: /* SQLMESH_PLAN: 405e3cfe1d5d4c23bd66fca93ca919b0 */ SELECT `table_name` AS `name`, `table_schema` AS `schema`, `table_catalog` AS `catalog`, CASE `table_type` WHEN 'VIEW' THEN 'view' WHEN 'MATERIALIZED_VIEW' THEN 'materialized_view' ELSE 'table' END AS `type` FROM `system`.`information_schema`.`tables` WHERE (`table_catalog` = 'newbankingdemo' AND `table_schema` = 'sqlmesh__silver') AND `table_name` IN ('silver__transactions_2__3316432348') (base.py:2619)
2025-12-03 13:35:43,604 - MainThread - databricks.sql.auth.retry - INFO - Received status code 200 for POST request (retry.py:355)
2025-12-03 13:35:43,604 - MainThread - databricks.sql.auth.thrift_http_client - INFO - HTTP Response with status code 200, message: OK (thrift_http_client.py:208)
2025-12-03 13:35:43,622 - MainThread - sqlmesh.core.snapshot.evaluator - INFO - Listing data objects in schema newbankingdemo.sqlmesh__gold (evaluator.py:1616)
2025-12-03 13:35:43,627 - MainThread - sqlmesh.core.engine_adapter.base - INFO - Executing SQL: /* SQLMESH_PLAN: 405e3cfe1d5d4c23bd66fca93ca919b0 */ SELECT `table_name` AS `name`, `table_schema` AS `schema`, `table_catalog` AS `catalog`, CASE `table_type` WHEN 'VIEW' THEN 'view' WHEN 'MATERIALIZED_VIEW' THEN 'materialized_view' ELSE 'table' END AS `type` FROM `system`.`information_schema`.`tables` WHERE (`table_catalog` = 'newbankingdemo' AND `table_schema` = 'sqlmesh__gold') AND `table_name` IN ('gold__transactions_2__3765301057') (base.py:2619)
2025-12-03 13:35:43,908 - MainThread - databricks.sql.auth.retry - INFO - Received status code 200 for POST request (retry.py:355)
2025-12-03 13:35:43,908 - MainThread - databricks.sql.auth.thrift_http_client - INFO - HTTP Response with status code 200, message: OK (thrift_http_client.py:208)
2025-12-03 13:35:43,912 - MainThread - sqlmesh.core.snapshot.evaluator - INFO - Evaluating snapshot SnapshotId<"newbankingdemo"."silver"."transactions_2": 3397586131> (evaluator.py:711)
2025-12-03 13:35:43,912 - MainThread - sqlmesh.core.engine_adapter.base - INFO - Executing SQL: /* SQLMESH_PLAN: 405e3cfe1d5d4c23bd66fca93ca919b0 */ USE CATALOG `newbankingdemo` (base.py:2619)
2025-12-03 13:35:44,077 - MainThread - databricks.sql.auth.retry - INFO - Received status code 200 for POST request (retry.py:355)
2025-12-03 13:35:44,077 - MainThread - databricks.sql.auth.thrift_http_client - INFO - HTTP Response with status code 200, message: OK (thrift_http_client.py:208)
2025-12-03 13:35:44,083 - MainThread - sqlmesh.core.snapshot.evaluator - INFO - Inserting data for snapshot SnapshotId<"newbankingdemo"."silver"."transactions_2": 3397586131> (evaluator.py:952)
2025-12-03 13:35:44,089 - MainThread - sqlmesh.core.snapshot.evaluator - INFO - Inserting batch (2025-12-01 00:00:00, 2025-12-02 00:00:00) into newbankingdemo.sqlmesh__silver.silver__transactions_2__3316432348' (evaluator.py:984)
2025-12-03 13:35:44,091 - MainThread - sqlmesh.core.engine_adapter.base - INFO - Executing SQL: /* SQLMESH_PLAN: 405e3cfe1d5d4c23bd66fca93ca919b0 */ DESCRIBE `newbankingdemo`.`sqlmesh__silver`.`silver__transactions_2__3316432348` (base.py:2619)
2025-12-03 13:35:44,260 - MainThread - databricks.sql.auth.retry - INFO - Received status code 200 for POST request (retry.py:355)
2025-12-03 13:35:44,260 - MainThread - databricks.sql.auth.thrift_http_client - INFO - HTTP Response with status code 200, message: OK (thrift_http_client.py:208)
2025-12-03 13:35:44,274 - MainThread - sqlmesh.core.engine_adapter.base - INFO - Executing SQL: /* SQLMESH_PLAN: 405e3cfe1d5d4c23bd66fca93ca919b0 */ CREATE TABLE IF NOT EXISTS `newbankingdemo`.`sqlmesh__silver`.`silver__transactions_2__3316432348` AS SELECT CAST(`accountnumber` AS STRING) AS `accountnumber`, CAST(`customernumber` AS STRING) AS `customernumber`, CAST(`transactiondate` AS TIMESTAMP_NTZ) AS `transactiondate`, CAST(`transactionamount` AS DECIMAL(15, 2)) AS `transactionamount` FROM `newbankingdemo`.`bronze`.`transactions_2` AS `transactions_2` (base.py:2619)
2025-12-03 13:35:46,862 - MainThread - databricks.sql.auth.retry - INFO - Received status code 200 for POST request (retry.py:355)
2025-12-03 13:35:46,865 - MainThread - databricks.sql.auth.thrift_http_client - INFO - HTTP Response with status code 200, message: OK (thrift_http_client.py:208)
2025-12-03 13:35:46,872 - MainThread - sqlmesh.core.engine_adapter.base - INFO - Executing SQL: /* SQLMESH_PLAN: 405e3cfe1d5d4c23bd66fca93ca919b0 */ SELECT CURRENT_CATALOG() (base.py:2619)
2025-12-03 13:35:47,073 - MainThread - databricks.sql.auth.retry - INFO - Received status code 200 for POST request (retry.py:355)
2025-12-03 13:35:47,073 - MainThread - databricks.sql.auth.thrift_http_client - INFO - HTTP Response with status code 200, message: OK (thrift_http_client.py:208)
2025-12-03 13:35:47,079 - MainThread - sqlmesh.core.engine_adapter.base - INFO - Executing SQL: /* SQLMESH_PLAN: 405e3cfe1d5d4c23bd66fca93ca919b0 */ ALTER TABLE `newbankingdemo`.`sqlmesh__silver`.`silver__transactions_2__3316432348` ALTER COLUMN `accountnumber` COMMENT 'The Account Number of the account' (base.py:2619)
2025-12-03 13:35:47,908 - MainThread - databricks.sql.auth.retry - INFO - Received status code 200 for POST request (retry.py:355)
2025-12-03 13:35:47,908 - MainThread - databricks.sql.auth.thrift_http_client - INFO - HTTP Response with status code 200, message: OK (thrift_http_client.py:208)
2025-12-03 13:35:47,919 - MainThread - sqlmesh.core.engine_adapter.base - INFO - Executing SQL: /* SQLMESH_PLAN: 405e3cfe1d5d4c23bd66fca93ca919b0 */ SELECT CURRENT_CATALOG() (base.py:2619)
2025-12-03 13:35:48,067 - MainThread - databricks.sql.auth.retry - INFO - Received status code 200 for POST request (retry.py:355)
2025-12-03 13:35:48,067 - MainThread - databricks.sql.auth.thrift_http_client - INFO - HTTP Response with status code 200, message: OK (thrift_http_client.py:208)
2025-12-03 13:35:48,067 - MainThread - sqlmesh.core.engine_adapter.base - INFO - Executing SQL: /* SQLMESH_PLAN: 405e3cfe1d5d4c23bd66fca93ca919b0 */ ALTER TABLE `newbankingdemo`.`sqlmesh__silver`.`silver__transactions_2__3316432348` ALTER COLUMN `customernumber` COMMENT 'The Customer Number of the account owner' (base.py:2619)
2025-12-03 13:35:48,953 - MainThread - databricks.sql.auth.retry - INFO - Received status code 200 for POST request (retry.py:355)
2025-12-03 13:35:48,953 - MainThread - databricks.sql.auth.thrift_http_client - INFO - HTTP Response with status code 200, message: OK (thrift_http_client.py:208)
2025-12-03 13:35:48,953 - MainThread - sqlmesh.core.engine_adapter.base - INFO - Executing SQL: /* SQLMESH_PLAN: 405e3cfe1d5d4c23bd66fca93ca919b0 */ SELECT CURRENT_CATALOG() (base.py:2619)
2025-12-03 13:35:49,099 - MainThread - databricks.sql.auth.retry - INFO - Received status code 200 for POST request (retry.py:355)
2025-12-03 13:35:49,099 - MainThread - databricks.sql.auth.thrift_http_client - INFO - HTTP Response with status code 200, message: OK (thrift_http_client.py:208)
2025-12-03 13:35:49,099 - MainThread - sqlmesh.core.engine_adapter.base - INFO - Executing SQL: /* SQLMESH_PLAN: 405e3cfe1d5d4c23bd66fca93ca919b0 */ ALTER TABLE `newbankingdemo`.`sqlmesh__silver`.`silver__transactions_2__3316432348` ALTER COLUMN `transactiondate` COMMENT 'The date of the account transaction' (base.py:2619)
2025-12-03 13:35:49,979 - MainThread - databricks.sql.auth.retry - INFO - Received status code 200 for POST request (retry.py:355)
2025-12-03 13:35:49,979 - MainThread - databricks.sql.auth.thrift_http_client - INFO - HTTP Response with status code 200, message: OK (thrift_http_client.py:208)
2025-12-03 13:35:49,995 - MainThread - sqlmesh.core.engine_adapter.base - INFO - Executing SQL: /* SQLMESH_PLAN: 405e3cfe1d5d4c23bd66fca93ca919b0 */ SELECT CURRENT_CATALOG() (base.py:2619)
2025-12-03 13:35:50,148 - MainThread - databricks.sql.auth.retry - INFO - Received status code 200 for POST request (retry.py:355)
2025-12-03 13:35:50,149 - MainThread - databricks.sql.auth.thrift_http_client - INFO - HTTP Response with status code 200, message: OK (thrift_http_client.py:208)
2025-12-03 13:35:50,149 - MainThread - sqlmesh.core.engine_adapter.base - INFO - Executing SQL: /* SQLMESH_PLAN: 405e3cfe1d5d4c23bd66fca93ca919b0 */ ALTER TABLE `newbankingdemo`.`sqlmesh__silver`.`silver__transactions_2__3316432348` ALTER COLUMN `transactionamount` COMMENT 'The amount of the transaction' (base.py:2619)
2025-12-03 13:35:51,050 - MainThread - databricks.sql.auth.retry - INFO - Received status code 200 for POST request (retry.py:355)
2025-12-03 13:35:51,050 - MainThread - databricks.sql.auth.thrift_http_client - INFO - HTTP Response with status code 200, message: OK (thrift_http_client.py:208)
2025-12-03 13:35:51,051 - MainThread - sqlmesh.core.state_sync.db.facade - INFO - Adding interval (2025-12-01 00:00:00, 2025-12-02 00:00:00) for snapshot SnapshotId<"newbankingdemo"."silver"."transactions_2": 3397586131> (facade.py:637)
2025-12-03 13:35:51,051 - MainThread - sqlmesh.core.state_sync.db.interval - INFO - Pushing intervals for snapshot SnapshotId<"newbankingdemo"."silver"."transactions_2": 3397586131> (interval.py:215)
2025-12-03 13:35:52,363 - MainThread - databricks.sql.auth.retry - INFO - Received status code 200 for POST request (retry.py:355)
2025-12-03 13:35:52,363 - MainThread - databricks.sql.auth.thrift_http_client - INFO - HTTP Response with status code 200, message: OK (thrift_http_client.py:208)
2025-12-03 13:35:52,379 - MainThread - sqlmesh.core.snapshot.evaluator - INFO - Evaluating snapshot SnapshotId<"newbankingdemo"."gold"."transactions_2": 3992093364> (evaluator.py:711)
2025-12-03 13:35:52,380 - MainThread - sqlmesh.core.engine_adapter.base - INFO - Executing SQL: /* SQLMESH_PLAN: 405e3cfe1d5d4c23bd66fca93ca919b0 */ USE CATALOG `newbankingdemo` (base.py:2619)
2025-12-03 13:35:52,541 - MainThread - databricks.sql.auth.retry - INFO - Received status code 200 for POST request (retry.py:355)
2025-12-03 13:35:52,541 - MainThread - databricks.sql.auth.thrift_http_client - INFO - HTTP Response with status code 200, message: OK (thrift_http_client.py:208)
2025-12-03 13:35:52,541 - MainThread - sqlmesh.core.snapshot.evaluator - INFO - Inserting data for snapshot SnapshotId<"newbankingdemo"."gold"."transactions_2": 3992093364> (evaluator.py:952)
2025-12-03 13:35:52,579 - MainThread - sqlmesh.core.snapshot.evaluator - INFO - Inserting batch (2025-12-01 00:00:00, 2025-12-02 00:00:00) into newbankingdemo.sqlmesh__gold.gold__transactions_2__3765301057' (evaluator.py:984)
2025-12-03 13:35:52,579 - MainThread - sqlmesh.core.engine_adapter.base - INFO - Executing SQL: /* SQLMESH_PLAN: 405e3cfe1d5d4c23bd66fca93ca919b0 */ DESCRIBE `newbankingdemo`.`sqlmesh__gold`.`gold__transactions_2__3765301057` (base.py:2619)
2025-12-03 13:35:52,748 - MainThread - databricks.sql.auth.retry - INFO - Received status code 200 for POST request (retry.py:355)
2025-12-03 13:35:52,749 - MainThread - databricks.sql.auth.thrift_http_client - INFO - HTTP Response with status code 200, message: OK (thrift_http_client.py:208)
2025-12-03 13:35:52,762 - MainThread - sqlmesh.core.engine_adapter.base - INFO - Executing SQL: /* SQLMESH_PLAN: 405e3cfe1d5d4c23bd66fca93ca919b0 */ CREATE TABLE IF NOT EXISTS `newbankingdemo`.`sqlmesh__gold`.`gold__transactions_2__3765301057` AS SELECT CAST(`transactions_2`.`accountnumber` AS STRING) AS `accountnumber`, CAST(`transactions_2`.`customernumber` AS STRING) AS `customernumber`, CAST(YEAR(`transactions_2`.`transactiondate`) AS INT) AS `transactionyear`, CAST(MONTH(`transactions_2`.`transactiondate`) AS INT) AS `transactionmonth`, CAST(MONTHNAME(`transactions_2`.`transactiondate`) AS STRING) AS `transactionmonthname`, CAST(DAY(`transactions_2`.`transactiondate`) AS INT) AS `transactionday`, CAST(DAYNAME(`transactions_2`.`transactiondate`) AS STRING) AS `transactiondayname`, CAST(`transactions_2`.`transactionamount` AS DECIMAL(15, 2)) AS `transactionamount` FROM `newbankingdemo`.`sqlmesh__silver`.`silver__transactions_2__3316432348` AS `transactions_2` (base.py:2619)
2025-12-03 13:35:55,366 - MainThread - databricks.sql.auth.retry - INFO - Received status code 200 for POST request (retry.py:355)
2025-12-03 13:35:55,366 - MainThread - databricks.sql.auth.thrift_http_client - INFO - HTTP Response with status code 200, message: OK (thrift_http_client.py:208)
2025-12-03 13:35:55,382 - MainThread - sqlmesh.core.engine_adapter.base - INFO - Executing SQL: /* SQLMESH_PLAN: 405e3cfe1d5d4c23bd66fca93ca919b0 */ SELECT CURRENT_CATALOG() (base.py:2619)
2025-12-03 13:35:55,544 - MainThread - databricks.sql.auth.retry - INFO - Received status code 200 for POST request (retry.py:355)
2025-12-03 13:35:55,544 - MainThread - databricks.sql.auth.thrift_http_client - INFO - HTTP Response with status code 200, message: OK (thrift_http_client.py:208)
2025-12-03 13:35:55,553 - MainThread - sqlmesh.core.engine_adapter.base - INFO - Executing SQL: /* SQLMESH_PLAN: 405e3cfe1d5d4c23bd66fca93ca919b0 */ ALTER TABLE `newbankingdemo`.`sqlmesh__gold`.`gold__transactions_2__3765301057` ALTER COLUMN `accountnumber` COMMENT 'The Account Number of the account' (base.py:2619)
2025-12-03 13:35:56,506 - MainThread - databricks.sql.auth.retry - INFO - Received status code 200 for POST request (retry.py:355)
2025-12-03 13:35:56,522 - MainThread - databricks.sql.auth.thrift_http_client - INFO - HTTP Response with status code 200, message: OK (thrift_http_client.py:208)
2025-12-03 13:35:56,530 - MainThread - sqlmesh.core.engine_adapter.base - INFO - Executing SQL: /* SQLMESH_PLAN: 405e3cfe1d5d4c23bd66fca93ca919b0 */ SELECT CURRENT_CATALOG() (base.py:2619)
2025-12-03 13:35:56,673 - MainThread - databricks.sql.auth.retry - INFO - Received status code 200 for POST request (retry.py:355)
2025-12-03 13:35:56,673 - MainThread - databricks.sql.auth.thrift_http_client - INFO - HTTP Response with status code 200, message: OK (thrift_http_client.py:208)
2025-12-03 13:35:56,678 - MainThread - sqlmesh.core.engine_adapter.base - INFO - Executing SQL: /* SQLMESH_PLAN: 405e3cfe1d5d4c23bd66fca93ca919b0 */ ALTER TABLE `newbankingdemo`.`sqlmesh__gold`.`gold__transactions_2__3765301057` ALTER COLUMN `customernumber` COMMENT 'The Customer Number of the account owner' (base.py:2619)
2025-12-03 13:35:57,427 - MainThread - databricks.sql.auth.retry - INFO - Received status code 200 for POST request (retry.py:355)
2025-12-03 13:35:57,427 - MainThread - databricks.sql.auth.thrift_http_client - INFO - HTTP Response with status code 200, message: OK (thrift_http_client.py:208)
2025-12-03 13:35:57,427 - MainThread - sqlmesh.core.engine_adapter.base - INFO - Executing SQL: /* SQLMESH_PLAN: 405e3cfe1d5d4c23bd66fca93ca919b0 */ SELECT CURRENT_CATALOG() (base.py:2619)
2025-12-03 13:35:57,574 - MainThread - databricks.sql.auth.retry - INFO - Received status code 200 for POST request (retry.py:355)
2025-12-03 13:35:57,575 - MainThread - databricks.sql.auth.thrift_http_client - INFO - HTTP Response with status code 200, message: OK (thrift_http_client.py:208)
2025-12-03 13:35:57,582 - MainThread - sqlmesh.core.engine_adapter.base - INFO - Executing SQL: /* SQLMESH_PLAN: 405e3cfe1d5d4c23bd66fca93ca919b0 */ ALTER TABLE `newbankingdemo`.`sqlmesh__gold`.`gold__transactions_2__3765301057` ALTER COLUMN `transactionyear` COMMENT 'The Year the transaction occurred' (base.py:2619)
2025-12-03 13:35:58,288 - MainThread - databricks.sql.auth.retry - INFO - Received status code 200 for POST request (retry.py:355)
2025-12-03 13:35:58,288 - MainThread - databricks.sql.auth.thrift_http_client - INFO - HTTP Response with status code 200, message: OK (thrift_http_client.py:208)
2025-12-03 13:35:58,308 - MainThread - sqlmesh.core.engine_adapter.base - INFO - Executing SQL: /* SQLMESH_PLAN: 405e3cfe1d5d4c23bd66fca93ca919b0 */ SELECT CURRENT_CATALOG() (base.py:2619)
2025-12-03 13:35:58,469 - MainThread - databricks.sql.auth.retry - INFO - Received status code 200 for POST request (retry.py:355)
2025-12-03 13:35:58,469 - MainThread - databricks.sql.auth.thrift_http_client - INFO - HTTP Response with status code 200, message: OK (thrift_http_client.py:208)
2025-12-03 13:35:58,477 - MainThread - sqlmesh.core.engine_adapter.base - INFO - Executing SQL: /* SQLMESH_PLAN: 405e3cfe1d5d4c23bd66fca93ca919b0 */ ALTER TABLE `newbankingdemo`.`sqlmesh__gold`.`gold__transactions_2__3765301057` ALTER COLUMN `transactionmonth` COMMENT 'The Month the transaction occurred' (base.py:2619)
2025-12-03 13:35:59,271 - MainThread - databricks.sql.auth.retry - INFO - Received status code 200 for POST request (retry.py:355)
2025-12-03 13:35:59,272 - MainThread - databricks.sql.auth.thrift_http_client - INFO - HTTP Response with status code 200, message: OK (thrift_http_client.py:208)
2025-12-03 13:35:59,277 - MainThread - sqlmesh.core.engine_adapter.base - INFO - Executing SQL: /* SQLMESH_PLAN: 405e3cfe1d5d4c23bd66fca93ca919b0 */ SELECT CURRENT_CATALOG() (base.py:2619)
2025-12-03 13:35:59,414 - MainThread - databricks.sql.auth.retry - INFO - Received status code 200 for POST request (retry.py:355)
2025-12-03 13:35:59,414 - MainThread - databricks.sql.auth.thrift_http_client - INFO - HTTP Response with status code 200, message: OK (thrift_http_client.py:208)
2025-12-03 13:35:59,424 - MainThread - sqlmesh.core.engine_adapter.base - INFO - Executing SQL: /* SQLMESH_PLAN: 405e3cfe1d5d4c23bd66fca93ca919b0 */ ALTER TABLE `newbankingdemo`.`sqlmesh__gold`.`gold__transactions_2__3765301057` ALTER COLUMN `transactionmonthname` COMMENT 'The MonthName the transaction occurred' (base.py:2619)
2025-12-03 13:36:00,292 - MainThread - databricks.sql.auth.retry - INFO - Received status code 200 for POST request (retry.py:355)
2025-12-03 13:36:00,292 - MainThread - databricks.sql.auth.thrift_http_client - INFO - HTTP Response with status code 200, message: OK (thrift_http_client.py:208)
2025-12-03 13:36:00,306 - MainThread - sqlmesh.core.engine_adapter.base - INFO - Executing SQL: /* SQLMESH_PLAN: 405e3cfe1d5d4c23bd66fca93ca919b0 */ SELECT CURRENT_CATALOG() (base.py:2619)
2025-12-03 13:36:00,629 - MainThread - databricks.sql.auth.retry - INFO - Received status code 200 for POST request (retry.py:355)
2025-12-03 13:36:00,630 - MainThread - databricks.sql.auth.thrift_http_client - INFO - HTTP Response with status code 200, message: OK (thrift_http_client.py:208)
2025-12-03 13:36:00,634 - MainThread - sqlmesh.core.engine_adapter.base - INFO - Executing SQL: /* SQLMESH_PLAN: 405e3cfe1d5d4c23bd66fca93ca919b0 */ ALTER TABLE `newbankingdemo`.`sqlmesh__gold`.`gold__transactions_2__3765301057` ALTER COLUMN `transactionday` COMMENT 'The Day the transaction occurred' (base.py:2619)
2025-12-03 13:36:01,397 - MainThread - databricks.sql.auth.retry - INFO - Received status code 200 for POST request (retry.py:355)
2025-12-03 13:36:01,397 - MainThread - databricks.sql.auth.thrift_http_client - INFO - HTTP Response with status code 200, message: OK (thrift_http_client.py:208)
2025-12-03 13:36:01,404 - MainThread - sqlmesh.core.engine_adapter.base - INFO - Executing SQL: /* SQLMESH_PLAN: 405e3cfe1d5d4c23bd66fca93ca919b0 */ SELECT CURRENT_CATALOG() (base.py:2619)
2025-12-03 13:36:01,551 - MainThread - databricks.sql.auth.retry - INFO - Received status code 200 for POST request (retry.py:355)
2025-12-03 13:36:01,551 - MainThread - databricks.sql.auth.thrift_http_client - INFO - HTTP Response with status code 200, message: OK (thrift_http_client.py:208)
2025-12-03 13:36:01,560 - MainThread - sqlmesh.core.engine_adapter.base - INFO - Executing SQL: /* SQLMESH_PLAN: 405e3cfe1d5d4c23bd66fca93ca919b0 */ ALTER TABLE `newbankingdemo`.`sqlmesh__gold`.`gold__transactions_2__3765301057` ALTER COLUMN `transactiondayname` COMMENT 'The Day Name the transaction occurred' (base.py:2619)
2025-12-03 13:36:02,375 - MainThread - databricks.sql.auth.retry - INFO - Received status code 200 for POST request (retry.py:355)
2025-12-03 13:36:02,375 - MainThread - databricks.sql.auth.thrift_http_client - INFO - HTTP Response with status code 200, message: OK (thrift_http_client.py:208)
2025-12-03 13:36:02,382 - MainThread - sqlmesh.core.engine_adapter.base - INFO - Executing SQL: /* SQLMESH_PLAN: 405e3cfe1d5d4c23bd66fca93ca919b0 */ SELECT CURRENT_CATALOG() (base.py:2619)
2025-12-03 13:36:02,509 - MainThread - databricks.sql.auth.retry - INFO - Received status code 200 for POST request (retry.py:355)
2025-12-03 13:36:02,509 - MainThread - databricks.sql.auth.thrift_http_client - INFO - HTTP Response with status code 200, message: OK (thrift_http_client.py:208)
2025-12-03 13:36:02,526 - MainThread - sqlmesh.core.engine_adapter.base - INFO - Executing SQL: /* SQLMESH_PLAN: 405e3cfe1d5d4c23bd66fca93ca919b0 */ ALTER TABLE `newbankingdemo`.`sqlmesh__gold`.`gold__transactions_2__3765301057` ALTER COLUMN `transactionamount` COMMENT 'The amount of the transaction' (base.py:2619)
2025-12-03 13:36:03,285 - MainThread - databricks.sql.auth.retry - INFO - Received status code 200 for POST request (retry.py:355)
2025-12-03 13:36:03,286 - MainThread - databricks.sql.auth.thrift_http_client - INFO - HTTP Response with status code 200, message: OK (thrift_http_client.py:208)
2025-12-03 13:36:03,293 - MainThread - sqlmesh.core.state_sync.db.facade - INFO - Adding interval (2025-12-01 00:00:00, 2025-12-02 00:00:00) for snapshot SnapshotId<"newbankingdemo"."gold"."transactions_2": 3992093364> (facade.py:637)
2025-12-03 13:36:03,294 - MainThread - sqlmesh.core.state_sync.db.interval - INFO - Pushing intervals for snapshot SnapshotId<"newbankingdemo"."gold"."transactions_2": 3992093364> (interval.py:215)
2025-12-03 13:36:04,789 - MainThread - databricks.sql.auth.retry - INFO - Received status code 200 for POST request (retry.py:355)
2025-12-03 13:36:04,789 - MainThread - databricks.sql.auth.thrift_http_client - INFO - HTTP Response with status code 200, message: OK (thrift_http_client.py:208)
2025-12-03 13:36:04,818 - MainThread - sqlmesh.core.plan.evaluator - INFO - Evaluating plan stage EnvironmentRecordUpdateStage (evaluator.py:123)
2025-12-03 13:36:04,818 - MainThread - sqlmesh.core.state_sync.db.facade - INFO - Promoting environment 'dd' (facade.py:167)
2025-12-03 13:36:05,296 - MainThread - databricks.sql.auth.retry - INFO - Received status code 200 for POST request (retry.py:355)
2025-12-03 13:36:05,296 - MainThread - databricks.sql.auth.thrift_http_client - INFO - HTTP Response with status code 200, message: OK (thrift_http_client.py:208)
2025-12-03 13:36:05,457 - MainThread - databricks.sql.auth.retry - INFO - Received status code 200 for POST request (retry.py:355)
2025-12-03 13:36:05,457 - MainThread - databricks.sql.auth.thrift_http_client - INFO - HTTP Response with status code 200, message: OK (thrift_http_client.py:208)
2025-12-03 13:36:07,298 - MainThread - databricks.sql.auth.retry - INFO - Received status code 200 for POST request (retry.py:355)
2025-12-03 13:36:07,298 - MainThread - databricks.sql.auth.thrift_http_client - INFO - HTTP Response with status code 200, message: OK (thrift_http_client.py:208)
2025-12-03 13:36:08,031 - MainThread - databricks.sql.auth.retry - INFO - Received status code 200 for POST request (retry.py:355)
2025-12-03 13:36:08,031 - MainThread - databricks.sql.auth.thrift_http_client - INFO - HTTP Response with status code 200, message: OK (thrift_http_client.py:208)
2025-12-03 13:36:09,423 - MainThread - databricks.sql.auth.retry - INFO - Received status code 200 for POST request (retry.py:355)
2025-12-03 13:36:09,423 - MainThread - databricks.sql.auth.thrift_http_client - INFO - HTTP Response with status code 200, message: OK (thrift_http_client.py:208)
2025-12-03 13:36:10,090 - MainThread - databricks.sql.auth.retry - INFO - Received status code 200 for POST request (retry.py:355)
2025-12-03 13:36:10,090 - MainThread - databricks.sql.auth.thrift_http_client - INFO - HTTP Response with status code 200, message: OK (thrift_http_client.py:208)
2025-12-03 13:36:10,090 - MainThread - sqlmesh.core.plan.evaluator - INFO - Evaluating plan stage VirtualLayerUpdateStage (evaluator.py:123)
2025-12-03 13:36:10,113 - MainThread - sqlmesh.core.snapshot.evaluator - INFO - Creating schema 'newbankingdemo.gold__dd' (evaluator.py:1449)
2025-12-03 13:36:10,113 - MainThread - sqlmesh.core.engine_adapter.base - INFO - Executing SQL: /* SQLMESH_PLAN: 405e3cfe1d5d4c23bd66fca93ca919b0 */ CREATE SCHEMA IF NOT EXISTS `newbankingdemo`.`gold__dd` (base.py:2619)
2025-12-03 13:36:10,305 - MainThread - databricks.sql.auth.retry - INFO - Received status code 200 for POST request (retry.py:355)
2025-12-03 13:36:10,305 - MainThread - databricks.sql.auth.thrift_http_client - INFO - HTTP Response with status code 200, message: OK (thrift_http_client.py:208)
2025-12-03 13:36:10,311 - MainThread - sqlmesh.core.snapshot.evaluator - INFO - Creating schema 'newbankingdemo.silver__dd' (evaluator.py:1449)
2025-12-03 13:36:10,312 - MainThread - sqlmesh.core.engine_adapter.base - INFO - Executing SQL: /* SQLMESH_PLAN: 405e3cfe1d5d4c23bd66fca93ca919b0 */ CREATE SCHEMA IF NOT EXISTS `newbankingdemo`.`silver__dd` (base.py:2619)
2025-12-03 13:36:10,515 - MainThread - databricks.sql.auth.retry - INFO - Received status code 200 for POST request (retry.py:355)
2025-12-03 13:36:10,515 - MainThread - databricks.sql.auth.thrift_http_client - INFO - HTTP Response with status code 200, message: OK (thrift_http_client.py:208)
2025-12-03 13:36:10,533 - MainThread - sqlmesh.core.snapshot.evaluator - INFO - Listing data objects in schema newbankingdemo.silver__dd (evaluator.py:1616)
2025-12-03 13:36:10,536 - MainThread - sqlmesh.core.engine_adapter.base - INFO - Executing SQL: /* SQLMESH_PLAN: 405e3cfe1d5d4c23bd66fca93ca919b0 */ SELECT `table_name` AS `name`, `table_schema` AS `schema`, `table_catalog` AS `catalog`, CASE `table_type` WHEN 'VIEW' THEN 'view' WHEN 'MATERIALIZED_VIEW' THEN 'materialized_view' ELSE 'table' END AS `type` FROM `system`.`information_schema`.`tables` WHERE (`table_catalog` = 'newbankingdemo' AND `table_schema` = 'silver__dd') AND `table_name` IN ('transactions_2', 'customers_2', 'accounts_2') (base.py:2619)
2025-12-03 13:36:10,979 - MainThread - databricks.sql.auth.retry - INFO - Received status code 200 for POST request (retry.py:355)
2025-12-03 13:36:10,979 - MainThread - databricks.sql.auth.thrift_http_client - INFO - HTTP Response with status code 200, message: OK (thrift_http_client.py:208)
2025-12-03 13:36:10,991 - MainThread - sqlmesh.core.snapshot.evaluator - INFO - Listing data objects in schema newbankingdemo.gold__dd (evaluator.py:1616)
2025-12-03 13:36:10,995 - MainThread - sqlmesh.core.engine_adapter.base - INFO - Executing SQL: /* SQLMESH_PLAN: 405e3cfe1d5d4c23bd66fca93ca919b0 */ SELECT `table_name` AS `name`, `table_schema` AS `schema`, `table_catalog` AS `catalog`, CASE `table_type` WHEN 'VIEW' THEN 'view' WHEN 'MATERIALIZED_VIEW' THEN 'materialized_view' ELSE 'table' END AS `type` FROM `system`.`information_schema`.`tables` WHERE (`table_catalog` = 'newbankingdemo' AND `table_schema` = 'gold__dd') AND `table_name` IN ('transactions_2', 'customers_2', 'accounts_2') (base.py:2619)
2025-12-03 13:36:11,244 - MainThread - databricks.sql.auth.retry - INFO - Received status code 200 for POST request (retry.py:355)
2025-12-03 13:36:11,244 - MainThread - databricks.sql.auth.thrift_http_client - INFO - HTTP Response with status code 200, message: OK (thrift_http_client.py:208)
2025-12-03 13:36:11,276 - MainThread - sqlmesh.core.engine_adapter.base - INFO - Executing SQL: /* SQLMESH_PLAN: 405e3cfe1d5d4c23bd66fca93ca919b0 */ USE CATALOG `newbankingdemo` (base.py:2619)
2025-12-03 13:36:11,431 - MainThread - databricks.sql.auth.retry - INFO - Received status code 200 for POST request (retry.py:355)
2025-12-03 13:36:11,431 - MainThread - databricks.sql.auth.thrift_http_client - INFO - HTTP Response with status code 200, message: OK (thrift_http_client.py:208)
2025-12-03 13:36:11,431 - MainThread - sqlmesh.core.snapshot.evaluator - INFO - Updating view 'newbankingdemo.silver__dd.accounts_2' to point at table 'newbankingdemo.sqlmesh__silver.silver__accounts_2__3741260822' (evaluator.py:1988)
2025-12-03 13:36:11,431 - MainThread - sqlmesh.core.engine_adapter.base - INFO - Executing SQL: /* SQLMESH_PLAN: 405e3cfe1d5d4c23bd66fca93ca919b0 */ CREATE OR REPLACE VIEW `newbankingdemo`.`silver__dd`.`accounts_2` AS SELECT * FROM `newbankingdemo`.`sqlmesh__silver`.`silver__accounts_2__3741260822` (base.py:2619)
2025-12-03 13:36:12,001 - MainThread - databricks.sql.auth.retry - INFO - Received status code 200 for POST request (retry.py:355)
2025-12-03 13:36:12,001 - MainThread - databricks.sql.auth.thrift_http_client - INFO - HTTP Response with status code 200, message: OK (thrift_http_client.py:208)
2025-12-03 13:36:12,018 - MainThread - sqlmesh.core.engine_adapter.base - INFO - Executing SQL: /* SQLMESH_PLAN: 405e3cfe1d5d4c23bd66fca93ca919b0 */ USE CATALOG `newbankingdemo` (base.py:2619)
2025-12-03 13:36:12,150 - MainThread - databricks.sql.auth.retry - INFO - Received status code 200 for POST request (retry.py:355)
2025-12-03 13:36:12,150 - MainThread - databricks.sql.auth.thrift_http_client - INFO - HTTP Response with status code 200, message: OK (thrift_http_client.py:208)
2025-12-03 13:36:12,164 - MainThread - sqlmesh.core.snapshot.evaluator - INFO - Updating view 'newbankingdemo.silver__dd.customers_2' to point at table 'newbankingdemo.sqlmesh__silver.silver__customers_2__562887494' (evaluator.py:1988)
2025-12-03 13:36:12,167 - MainThread - sqlmesh.core.engine_adapter.base - INFO - Executing SQL: /* SQLMESH_PLAN: 405e3cfe1d5d4c23bd66fca93ca919b0 */ CREATE OR REPLACE VIEW `newbankingdemo`.`silver__dd`.`customers_2` AS SELECT * FROM `newbankingdemo`.`sqlmesh__silver`.`silver__customers_2__562887494` (base.py:2619)
2025-12-03 13:36:12,713 - MainThread - databricks.sql.auth.retry - INFO - Received status code 200 for POST request (retry.py:355)
2025-12-03 13:36:12,715 - MainThread - databricks.sql.auth.thrift_http_client - INFO - HTTP Response with status code 200, message: OK (thrift_http_client.py:208)
2025-12-03 13:36:12,729 - MainThread - sqlmesh.core.engine_adapter.base - INFO - Executing SQL: /* SQLMESH_PLAN: 405e3cfe1d5d4c23bd66fca93ca919b0 */ USE CATALOG `newbankingdemo` (base.py:2619)
2025-12-03 13:36:12,929 - MainThread - databricks.sql.auth.retry - INFO - Received status code 200 for POST request (retry.py:355)
2025-12-03 13:36:12,930 - MainThread - databricks.sql.auth.thrift_http_client - INFO - HTTP Response with status code 200, message: OK (thrift_http_client.py:208)
2025-12-03 13:36:12,935 - MainThread - sqlmesh.core.snapshot.evaluator - INFO - Updating view 'newbankingdemo.silver__dd.transactions_2' to point at table 'newbankingdemo.sqlmesh__silver.silver__transactions_2__3316432348' (evaluator.py:1988)
2025-12-03 13:36:12,935 - MainThread - sqlmesh.core.engine_adapter.base - INFO - Executing SQL: /* SQLMESH_PLAN: 405e3cfe1d5d4c23bd66fca93ca919b0 */ CREATE OR REPLACE VIEW `newbankingdemo`.`silver__dd`.`transactions_2` AS SELECT * FROM `newbankingdemo`.`sqlmesh__silver`.`silver__transactions_2__3316432348` (base.py:2619)
2025-12-03 13:36:13,458 - MainThread - databricks.sql.auth.retry - INFO - Received status code 200 for POST request (retry.py:355)
2025-12-03 13:36:13,458 - MainThread - databricks.sql.auth.thrift_http_client - INFO - HTTP Response with status code 200, message: OK (thrift_http_client.py:208)
2025-12-03 13:36:13,474 - MainThread - sqlmesh.core.engine_adapter.base - INFO - Executing SQL: /* SQLMESH_PLAN: 405e3cfe1d5d4c23bd66fca93ca919b0 */ USE CATALOG `newbankingdemo` (base.py:2619)
2025-12-03 13:36:13,635 - MainThread - databricks.sql.auth.retry - INFO - Received status code 200 for POST request (retry.py:355)
2025-12-03 13:36:13,635 - MainThread - databricks.sql.auth.thrift_http_client - INFO - HTTP Response with status code 200, message: OK (thrift_http_client.py:208)
2025-12-03 13:36:13,646 - MainThread - sqlmesh.core.snapshot.evaluator - INFO - Updating view 'newbankingdemo.gold__dd.accounts_2' to point at table 'newbankingdemo.sqlmesh__gold.gold__accounts_2__2894313673' (evaluator.py:1988)
2025-12-03 13:36:13,646 - MainThread - sqlmesh.core.engine_adapter.base - INFO - Executing SQL: /* SQLMESH_PLAN: 405e3cfe1d5d4c23bd66fca93ca919b0 */ CREATE OR REPLACE VIEW `newbankingdemo`.`gold__dd`.`accounts_2` AS SELECT * FROM `newbankingdemo`.`sqlmesh__gold`.`gold__accounts_2__2894313673` (base.py:2619)
2025-12-03 13:36:14,204 - MainThread - databricks.sql.auth.retry - INFO - Received status code 200 for POST request (retry.py:355)
2025-12-03 13:36:14,204 - MainThread - databricks.sql.auth.thrift_http_client - INFO - HTTP Response with status code 200, message: OK (thrift_http_client.py:208)
2025-12-03 13:36:14,211 - MainThread - sqlmesh.core.engine_adapter.base - INFO - Executing SQL: /* SQLMESH_PLAN: 405e3cfe1d5d4c23bd66fca93ca919b0 */ USE CATALOG `newbankingdemo` (base.py:2619)
2025-12-03 13:36:14,368 - MainThread - databricks.sql.auth.retry - INFO - Received status code 200 for POST request (retry.py:355)
2025-12-03 13:36:14,368 - MainThread - databricks.sql.auth.thrift_http_client - INFO - HTTP Response with status code 200, message: OK (thrift_http_client.py:208)
2025-12-03 13:36:14,377 - MainThread - sqlmesh.core.snapshot.evaluator - INFO - Updating view 'newbankingdemo.gold__dd.customers_2' to point at table 'newbankingdemo.sqlmesh__gold.gold__customers_2__2439568028' (evaluator.py:1988)
2025-12-03 13:36:14,381 - MainThread - sqlmesh.core.engine_adapter.base - INFO - Executing SQL: /* SQLMESH_PLAN: 405e3cfe1d5d4c23bd66fca93ca919b0 */ CREATE OR REPLACE VIEW `newbankingdemo`.`gold__dd`.`customers_2` AS SELECT * FROM `newbankingdemo`.`sqlmesh__gold`.`gold__customers_2__2439568028` (base.py:2619)
2025-12-03 13:36:14,971 - MainThread - databricks.sql.auth.retry - INFO - Received status code 200 for POST request (retry.py:355)
2025-12-03 13:36:14,971 - MainThread - databricks.sql.auth.thrift_http_client - INFO - HTTP Response with status code 200, message: OK (thrift_http_client.py:208)
2025-12-03 13:36:14,985 - MainThread - sqlmesh.core.engine_adapter.base - INFO - Executing SQL: /* SQLMESH_PLAN: 405e3cfe1d5d4c23bd66fca93ca919b0 */ USE CATALOG `newbankingdemo` (base.py:2619)
2025-12-03 13:36:15,148 - MainThread - databricks.sql.auth.retry - INFO - Received status code 200 for POST request (retry.py:355)
2025-12-03 13:36:15,148 - MainThread - databricks.sql.auth.thrift_http_client - INFO - HTTP Response with status code 200, message: OK (thrift_http_client.py:208)
2025-12-03 13:36:15,148 - MainThread - sqlmesh.core.snapshot.evaluator - INFO - Updating view 'newbankingdemo.gold__dd.transactions_2' to point at table 'newbankingdemo.sqlmesh__gold.gold__transactions_2__3765301057' (evaluator.py:1988)
2025-12-03 13:36:15,161 - MainThread - sqlmesh.core.engine_adapter.base - INFO - Executing SQL: /* SQLMESH_PLAN: 405e3cfe1d5d4c23bd66fca93ca919b0 */ CREATE OR REPLACE VIEW `newbankingdemo`.`gold__dd`.`transactions_2` AS SELECT * FROM `newbankingdemo`.`sqlmesh__gold`.`gold__transactions_2__3765301057` (base.py:2619)
2025-12-03 13:36:15,791 - MainThread - databricks.sql.auth.retry - INFO - Received status code 200 for POST request (retry.py:355)
2025-12-03 13:36:15,791 - MainThread - databricks.sql.auth.thrift_http_client - INFO - HTTP Response with status code 200, message: OK (thrift_http_client.py:208)
2025-12-03 13:36:15,829 - MainThread - sqlmesh.core.plan.evaluator - INFO - Evaluating plan stage FinalizeEnvironmentStage (evaluator.py:123)
2025-12-03 13:36:15,830 - MainThread - sqlmesh.core.state_sync.db.environment - INFO - Finalizing environment 'dd' (environment.py:141)
2025-12-03 13:36:16,298 - MainThread - databricks.sql.auth.retry - INFO - Received status code 200 for POST request (retry.py:355)
2025-12-03 13:36:16,298 - MainThread - databricks.sql.auth.thrift_http_client - INFO - HTTP Response with status code 200, message: OK (thrift_http_client.py:208)
2025-12-03 13:36:18,102 - MainThread - databricks.sql.auth.retry - INFO - Received status code 200 for POST request (retry.py:355)
2025-12-03 13:36:18,102 - MainThread - databricks.sql.auth.thrift_http_client - INFO - HTTP Response with status code 200, message: OK (thrift_http_client.py:208)
2025-12-03 13:36:18,102 - MainThread - databricks.sql.session - INFO - Closing session 01f0d04c-f7b5-1b9e-bd4b-caa5e14263a3 (session.py:194)
2025-12-03 13:36:18,178 - MainThread - databricks.sql.auth.retry - INFO - Received status code 200 for POST request (retry.py:355)
2025-12-03 13:36:18,178 - MainThread - databricks.sql.auth.thrift_http_client - INFO - HTTP Response with status code 200, message: OK (thrift_http_client.py:208)
2025-12-03 13:36:18,194 - MainThread - databricks.sql.session - INFO - Closing session 01f0d04c-ea12-19c6-8cf3-d1f93c5eca52 (session.py:194)
2025-12-03 13:36:18,276 - MainThread - databricks.sql.auth.retry - INFO - Received status code 200 for POST request (retry.py:355)
2025-12-03 13:36:18,276 - MainThread - databricks.sql.auth.thrift_http_client - INFO - HTTP Response with status code 200, message: OK (thrift_http_client.py:208)
2025-12-03 13:36:18,281 - MainThread - root - INFO - Shutting down the event dispatcher (dispatcher.py:159)
