2025-12-03 13:19:55,540 - MainThread - sqlmesh.core.console - WARNING - The databricks engine is not recommended for storing SQLMesh state in production deployments. Please see https://sqlmesh.readthedocs.io/en/stable/guides/configuration/#state-connection for a list of recommended engines and more information. (console.py:2335)
2025-12-03 13:19:55,741 - MainThread - databricks.sql.session - WARNING - [WARN] Parameter '_user_agent_entry' is deprecated; use 'user_agent_entry' instead. This parameter will be removed in the upcoming releases. (session.py:55)
2025-12-03 13:19:56,300 - MainThread - databricks.sql.auth.retry - INFO - Received status code 200 for POST request (retry.py:355)
2025-12-03 13:19:56,304 - MainThread - databricks.sql.auth.thrift_http_client - INFO - HTTP Response with status code 200, message: OK (thrift_http_client.py:208)
2025-12-03 13:19:56,304 - MainThread - databricks.sql.session - INFO - Successfully opened session 01f0d04a-c36d-156a-8bf7-306226d47193 (session.py:143)
2025-12-03 13:19:56,416 - MainThread - databricks.sql.auth.retry - INFO - Received status code 200 for POST request (retry.py:355)
2025-12-03 13:19:56,416 - MainThread - databricks.sql.auth.thrift_http_client - INFO - HTTP Response with status code 200, message: OK (thrift_http_client.py:208)
2025-12-03 13:20:06,511 - MainThread - databricks.sql.auth.retry - INFO - Received status code 200 for POST request (retry.py:355)
2025-12-03 13:20:06,511 - MainThread - databricks.sql.auth.thrift_http_client - INFO - HTTP Response with status code 200, message: OK (thrift_http_client.py:208)
2025-12-03 13:20:06,639 - MainThread - databricks.sql.auth.retry - INFO - Received status code 200 for POST request (retry.py:355)
2025-12-03 13:20:06,639 - MainThread - databricks.sql.auth.thrift_http_client - INFO - HTTP Response with status code 200, message: OK (thrift_http_client.py:208)
2025-12-03 13:20:12,019 - MainThread - databricks.sql.auth.retry - INFO - Received status code 200 for POST request (retry.py:355)
2025-12-03 13:20:12,020 - MainThread - databricks.sql.auth.thrift_http_client - INFO - HTTP Response with status code 200, message: OK (thrift_http_client.py:208)
2025-12-03 13:20:13,002 - MainThread - databricks.sql.auth.retry - INFO - Received status code 200 for POST request (retry.py:355)
2025-12-03 13:20:13,002 - MainThread - databricks.sql.auth.thrift_http_client - INFO - HTTP Response with status code 200, message: OK (thrift_http_client.py:208)
2025-12-03 13:20:13,117 - MainThread - databricks.sql.auth.retry - INFO - Received status code 200 for POST request (retry.py:355)
2025-12-03 13:20:13,119 - MainThread - databricks.sql.auth.thrift_http_client - INFO - HTTP Response with status code 200, message: OK (thrift_http_client.py:208)
2025-12-03 13:20:13,237 - MainThread - databricks.sql.auth.retry - INFO - Received status code 200 for POST request (retry.py:355)
2025-12-03 13:20:13,237 - MainThread - databricks.sql.auth.thrift_http_client - INFO - HTTP Response with status code 200, message: OK (thrift_http_client.py:208)
2025-12-03 13:20:13,389 - MainThread - databricks.sql.auth.retry - INFO - Received status code 200 for POST request (retry.py:355)
2025-12-03 13:20:13,389 - MainThread - databricks.sql.auth.thrift_http_client - INFO - HTTP Response with status code 200, message: OK (thrift_http_client.py:208)
2025-12-03 13:20:17,483 - MainThread - databricks.sql.auth.retry - INFO - Received status code 200 for POST request (retry.py:355)
2025-12-03 13:20:17,483 - MainThread - databricks.sql.auth.thrift_http_client - INFO - HTTP Response with status code 200, message: OK (thrift_http_client.py:208)
2025-12-03 13:20:17,963 - MainThread - databricks.sql.auth.retry - INFO - Received status code 200 for POST request (retry.py:355)
2025-12-03 13:20:17,963 - MainThread - databricks.sql.auth.thrift_http_client - INFO - HTTP Response with status code 200, message: OK (thrift_http_client.py:208)
2025-12-03 13:20:18,318 - MainThread - databricks.sql.auth.retry - INFO - Received status code 200 for POST request (retry.py:355)
2025-12-03 13:20:18,318 - MainThread - databricks.sql.auth.thrift_http_client - INFO - HTTP Response with status code 200, message: OK (thrift_http_client.py:208)
2025-12-03 13:20:20,624 - MainThread - databricks.sql.auth.retry - INFO - Received status code 200 for POST request (retry.py:355)
2025-12-03 13:20:20,624 - MainThread - databricks.sql.auth.thrift_http_client - INFO - HTTP Response with status code 200, message: OK (thrift_http_client.py:208)
2025-12-03 13:20:24,982 - MainThread - databricks.sql.auth.retry - INFO - Received status code 200 for POST request (retry.py:355)
2025-12-03 13:20:24,982 - MainThread - databricks.sql.auth.thrift_http_client - INFO - HTTP Response with status code 200, message: OK (thrift_http_client.py:208)
2025-12-03 13:20:27,500 - MainThread - databricks.sql.auth.retry - INFO - Received status code 200 for POST request (retry.py:355)
2025-12-03 13:20:27,500 - MainThread - databricks.sql.auth.thrift_http_client - INFO - HTTP Response with status code 200, message: OK (thrift_http_client.py:208)
2025-12-03 13:20:29,244 - MainThread - databricks.sql.auth.retry - INFO - Received status code 200 for POST request (retry.py:355)
2025-12-03 13:20:29,244 - MainThread - databricks.sql.auth.thrift_http_client - INFO - HTTP Response with status code 200, message: OK (thrift_http_client.py:208)
2025-12-03 13:20:29,972 - MainThread - databricks.sql.auth.retry - INFO - Received status code 200 for POST request (retry.py:355)
2025-12-03 13:20:29,972 - MainThread - databricks.sql.auth.thrift_http_client - INFO - HTTP Response with status code 200, message: OK (thrift_http_client.py:208)
2025-12-03 13:20:31,051 - MainThread - databricks.sql.auth.retry - INFO - Received status code 200 for POST request (retry.py:355)
2025-12-03 13:20:31,051 - MainThread - databricks.sql.auth.thrift_http_client - INFO - HTTP Response with status code 200, message: OK (thrift_http_client.py:208)
2025-12-03 13:20:32,396 - MainThread - databricks.sql.auth.retry - INFO - Received status code 200 for POST request (retry.py:355)
2025-12-03 13:20:32,398 - MainThread - databricks.sql.auth.thrift_http_client - INFO - HTTP Response with status code 200, message: OK (thrift_http_client.py:208)
2025-12-03 13:20:33,073 - MainThread - databricks.sql.auth.retry - INFO - Received status code 200 for POST request (retry.py:355)
2025-12-03 13:20:33,073 - MainThread - databricks.sql.auth.thrift_http_client - INFO - HTTP Response with status code 200, message: OK (thrift_http_client.py:208)
2025-12-03 13:20:33,752 - MainThread - databricks.sql.auth.retry - INFO - Received status code 200 for POST request (retry.py:355)
2025-12-03 13:20:33,752 - MainThread - databricks.sql.auth.thrift_http_client - INFO - HTTP Response with status code 200, message: OK (thrift_http_client.py:208)
2025-12-03 13:20:34,021 - MainThread - databricks.sql.auth.retry - INFO - Received status code 200 for POST request (retry.py:355)
2025-12-03 13:20:34,021 - MainThread - databricks.sql.auth.thrift_http_client - INFO - HTTP Response with status code 200, message: OK (thrift_http_client.py:208)
2025-12-03 13:20:50,174 - MainThread - databricks.sql.auth.retry - INFO - Received status code 200 for POST request (retry.py:355)
2025-12-03 13:20:50,174 - MainThread - databricks.sql.auth.thrift_http_client - INFO - HTTP Response with status code 200, message: OK (thrift_http_client.py:208)
2025-12-03 13:20:51,464 - MainThread - databricks.sql.auth.retry - INFO - Received status code 200 for POST request (retry.py:355)
2025-12-03 13:20:51,464 - MainThread - databricks.sql.auth.thrift_http_client - INFO - HTTP Response with status code 200, message: OK (thrift_http_client.py:208)
2025-12-03 13:20:51,496 - MainThread - sqlmesh.core.plan.evaluator - INFO - Evaluating plan stage CreateSnapshotRecordsStage (evaluator.py:123)
2025-12-03 13:20:52,027 - MainThread - databricks.sql.auth.retry - INFO - Received status code 200 for POST request (retry.py:355)
2025-12-03 13:20:52,027 - MainThread - databricks.sql.auth.thrift_http_client - INFO - HTTP Response with status code 200, message: OK (thrift_http_client.py:208)
2025-12-03 13:20:56,009 - MainThread - databricks.sql.auth.retry - INFO - Received status code 200 for POST request (retry.py:355)
2025-12-03 13:20:56,009 - MainThread - databricks.sql.auth.thrift_http_client - INFO - HTTP Response with status code 200, message: OK (thrift_http_client.py:208)
2025-12-03 13:20:56,020 - MainThread - sqlmesh.core.plan.evaluator - INFO - Evaluating plan stage PhysicalLayerSchemaCreationStage (evaluator.py:123)
2025-12-03 13:20:56,022 - MainThread - sqlmesh.core.snapshot.evaluator - INFO - Creating schema 'newbankingdemo.sqlmesh__gold' (evaluator.py:1449)
2025-12-03 13:20:56,023 - MainThread - sqlmesh.core.engine_adapter.base - INFO - Executing SQL: /* SQLMESH_PLAN: 22d77960f43843ed9e6258e7f1cce907 */ CREATE SCHEMA IF NOT EXISTS `newbankingdemo`.`sqlmesh__gold` (base.py:2619)
2025-12-03 13:20:56,033 - MainThread - databricks.sql.session - WARNING - [WARN] Parameter '_user_agent_entry' is deprecated; use 'user_agent_entry' instead. This parameter will be removed in the upcoming releases. (session.py:55)
2025-12-03 13:20:56,308 - MainThread - databricks.sql.auth.retry - INFO - Received status code 200 for POST request (retry.py:355)
2025-12-03 13:20:56,308 - MainThread - databricks.sql.auth.thrift_http_client - INFO - HTTP Response with status code 200, message: OK (thrift_http_client.py:208)
2025-12-03 13:20:56,308 - MainThread - databricks.sql.session - INFO - Successfully opened session 01f0d04a-e740-1185-ae44-9a899464da1e (session.py:143)
2025-12-03 13:20:56,744 - MainThread - databricks.sql.auth.retry - INFO - Received status code 200 for POST request (retry.py:355)
2025-12-03 13:20:56,744 - MainThread - databricks.sql.auth.thrift_http_client - INFO - HTTP Response with status code 200, message: OK (thrift_http_client.py:208)
2025-12-03 13:20:56,762 - MainThread - sqlmesh.core.snapshot.evaluator - INFO - Creating schema 'newbankingdemo.sqlmesh__silver' (evaluator.py:1449)
2025-12-03 13:20:56,764 - MainThread - sqlmesh.core.engine_adapter.base - INFO - Executing SQL: /* SQLMESH_PLAN: 22d77960f43843ed9e6258e7f1cce907 */ CREATE SCHEMA IF NOT EXISTS `newbankingdemo`.`sqlmesh__silver` (base.py:2619)
2025-12-03 13:20:57,097 - MainThread - databricks.sql.auth.retry - INFO - Received status code 200 for POST request (retry.py:355)
2025-12-03 13:20:57,097 - MainThread - databricks.sql.auth.thrift_http_client - INFO - HTTP Response with status code 200, message: OK (thrift_http_client.py:208)
2025-12-03 13:20:57,110 - MainThread - sqlmesh.core.plan.evaluator - INFO - Evaluating plan stage BackfillStage (evaluator.py:123)
2025-12-03 13:20:57,112 - MainThread - sqlmesh.core.snapshot.evaluator - INFO - Listing data objects in schema newbankingdemo.sqlmesh__gold (evaluator.py:1616)
2025-12-03 13:20:57,114 - MainThread - sqlmesh.core.engine_adapter.base - INFO - Executing SQL: /* SQLMESH_PLAN: 22d77960f43843ed9e6258e7f1cce907 */ SELECT `table_name` AS `name`, `table_schema` AS `schema`, `table_catalog` AS `catalog`, CASE `table_type` WHEN 'VIEW' THEN 'view' WHEN 'MATERIALIZED_VIEW' THEN 'materialized_view' ELSE 'table' END AS `type` FROM `system`.`information_schema`.`tables` WHERE (`table_catalog` = 'newbankingdemo' AND `table_schema` = 'sqlmesh__gold') AND `table_name` IN ('gold__transactions_2__3716642666') (base.py:2619)
2025-12-03 13:20:57,681 - MainThread - databricks.sql.auth.retry - INFO - Received status code 200 for POST request (retry.py:355)
2025-12-03 13:20:57,681 - MainThread - databricks.sql.auth.thrift_http_client - INFO - HTTP Response with status code 200, message: OK (thrift_http_client.py:208)
2025-12-03 13:20:57,704 - MainThread - sqlmesh.core.snapshot.evaluator - INFO - Listing data objects in schema newbankingdemo.sqlmesh__silver (evaluator.py:1616)
2025-12-03 13:20:57,707 - MainThread - sqlmesh.core.engine_adapter.base - INFO - Executing SQL: /* SQLMESH_PLAN: 22d77960f43843ed9e6258e7f1cce907 */ SELECT `table_name` AS `name`, `table_schema` AS `schema`, `table_catalog` AS `catalog`, CASE `table_type` WHEN 'VIEW' THEN 'view' WHEN 'MATERIALIZED_VIEW' THEN 'materialized_view' ELSE 'table' END AS `type` FROM `system`.`information_schema`.`tables` WHERE (`table_catalog` = 'newbankingdemo' AND `table_schema` = 'sqlmesh__silver') AND `table_name` IN ('silver__transactions_2__2179663067') (base.py:2619)
2025-12-03 13:20:58,017 - MainThread - databricks.sql.auth.retry - INFO - Received status code 200 for POST request (retry.py:355)
2025-12-03 13:20:58,017 - MainThread - databricks.sql.auth.thrift_http_client - INFO - HTTP Response with status code 200, message: OK (thrift_http_client.py:208)
2025-12-03 13:20:58,034 - MainThread - sqlmesh.core.snapshot.evaluator - INFO - Evaluating snapshot SnapshotId<"newbankingdemo"."silver"."transactions_2": 915784264> (evaluator.py:711)
2025-12-03 13:20:58,034 - MainThread - sqlmesh.core.engine_adapter.base - INFO - Executing SQL: /* SQLMESH_PLAN: 22d77960f43843ed9e6258e7f1cce907 */ USE CATALOG `newbankingdemo` (base.py:2619)
2025-12-03 13:20:58,248 - MainThread - databricks.sql.auth.retry - INFO - Received status code 200 for POST request (retry.py:355)
2025-12-03 13:20:58,248 - MainThread - databricks.sql.auth.thrift_http_client - INFO - HTTP Response with status code 200, message: OK (thrift_http_client.py:208)
2025-12-03 13:20:58,254 - MainThread - sqlmesh.core.snapshot.evaluator - INFO - Inserting data for snapshot SnapshotId<"newbankingdemo"."silver"."transactions_2": 915784264> (evaluator.py:952)
2025-12-03 13:20:58,269 - MainThread - sqlmesh.core.snapshot.evaluator - INFO - Inserting batch (2025-12-01 00:00:00, 2025-12-02 00:00:00) into newbankingdemo.sqlmesh__silver.silver__transactions_2__2179663067' (evaluator.py:984)
2025-12-03 13:20:58,270 - MainThread - sqlmesh.core.engine_adapter.base - INFO - Executing SQL: /* SQLMESH_PLAN: 22d77960f43843ed9e6258e7f1cce907 */ DESCRIBE `newbankingdemo`.`sqlmesh__silver`.`silver__transactions_2__2179663067` (base.py:2619)
2025-12-03 13:20:58,563 - MainThread - databricks.sql.auth.retry - INFO - Received status code 200 for POST request (retry.py:355)
2025-12-03 13:20:58,563 - MainThread - databricks.sql.auth.thrift_http_client - INFO - HTTP Response with status code 200, message: OK (thrift_http_client.py:208)
2025-12-03 13:20:58,571 - MainThread - sqlmesh.core.engine_adapter.base - INFO - Executing SQL: /* SQLMESH_PLAN: 22d77960f43843ed9e6258e7f1cce907 */ CREATE TABLE IF NOT EXISTS `newbankingdemo`.`sqlmesh__silver`.`silver__transactions_2__2179663067` AS SELECT CAST(`accountnumber` AS STRING) AS `accountnumber`, CAST(`customernumber` AS STRING) AS `customernumber`, CAST(`transactiondate` AS TIMESTAMP_NTZ) AS `transactiondate`, CAST(`transactionamount` AS DECIMAL(15, 2)) AS `transactionamount` FROM `newbankingdemo`.`bronze`.`transactions_2` AS `transactions_2` (base.py:2619)
2025-12-03 13:21:02,984 - MainThread - databricks.sql.auth.retry - INFO - Received status code 200 for POST request (retry.py:355)
2025-12-03 13:21:02,984 - MainThread - databricks.sql.auth.thrift_http_client - INFO - HTTP Response with status code 200, message: OK (thrift_http_client.py:208)
2025-12-03 13:21:02,990 - MainThread - sqlmesh.core.engine_adapter.base - INFO - Executing SQL: /* SQLMESH_PLAN: 22d77960f43843ed9e6258e7f1cce907 */ SELECT CURRENT_CATALOG() (base.py:2619)
2025-12-03 13:21:03,259 - MainThread - databricks.sql.auth.retry - INFO - Received status code 200 for POST request (retry.py:355)
2025-12-03 13:21:03,260 - MainThread - databricks.sql.auth.thrift_http_client - INFO - HTTP Response with status code 200, message: OK (thrift_http_client.py:208)
2025-12-03 13:21:03,262 - MainThread - sqlmesh.core.engine_adapter.base - INFO - Executing SQL: /* SQLMESH_PLAN: 22d77960f43843ed9e6258e7f1cce907 */ ALTER TABLE `newbankingdemo`.`sqlmesh__silver`.`silver__transactions_2__2179663067` ALTER COLUMN `accountnumber` COMMENT 'The Account Number of the account' (base.py:2619)
2025-12-03 13:21:04,350 - MainThread - databricks.sql.auth.retry - INFO - Received status code 200 for POST request (retry.py:355)
2025-12-03 13:21:04,351 - MainThread - databricks.sql.auth.thrift_http_client - INFO - HTTP Response with status code 200, message: OK (thrift_http_client.py:208)
2025-12-03 13:21:04,359 - MainThread - sqlmesh.core.engine_adapter.base - INFO - Executing SQL: /* SQLMESH_PLAN: 22d77960f43843ed9e6258e7f1cce907 */ SELECT CURRENT_CATALOG() (base.py:2619)
2025-12-03 13:21:04,508 - MainThread - databricks.sql.auth.retry - INFO - Received status code 200 for POST request (retry.py:355)
2025-12-03 13:21:04,510 - MainThread - databricks.sql.auth.thrift_http_client - INFO - HTTP Response with status code 200, message: OK (thrift_http_client.py:208)
2025-12-03 13:21:04,512 - MainThread - sqlmesh.core.engine_adapter.base - INFO - Executing SQL: /* SQLMESH_PLAN: 22d77960f43843ed9e6258e7f1cce907 */ ALTER TABLE `newbankingdemo`.`sqlmesh__silver`.`silver__transactions_2__2179663067` ALTER COLUMN `customernumber` COMMENT 'The Customer Number of the account owner' (base.py:2619)
2025-12-03 13:21:05,495 - MainThread - databricks.sql.auth.retry - INFO - Received status code 200 for POST request (retry.py:355)
2025-12-03 13:21:05,495 - MainThread - databricks.sql.auth.thrift_http_client - INFO - HTTP Response with status code 200, message: OK (thrift_http_client.py:208)
2025-12-03 13:21:05,499 - MainThread - sqlmesh.core.engine_adapter.base - INFO - Executing SQL: /* SQLMESH_PLAN: 22d77960f43843ed9e6258e7f1cce907 */ SELECT CURRENT_CATALOG() (base.py:2619)
2025-12-03 13:21:05,790 - MainThread - databricks.sql.auth.retry - INFO - Received status code 200 for POST request (retry.py:355)
2025-12-03 13:21:05,790 - MainThread - databricks.sql.auth.thrift_http_client - INFO - HTTP Response with status code 200, message: OK (thrift_http_client.py:208)
2025-12-03 13:21:05,806 - MainThread - sqlmesh.core.engine_adapter.base - INFO - Executing SQL: /* SQLMESH_PLAN: 22d77960f43843ed9e6258e7f1cce907 */ ALTER TABLE `newbankingdemo`.`sqlmesh__silver`.`silver__transactions_2__2179663067` ALTER COLUMN `transactiondate` COMMENT 'The date of the account transaction' (base.py:2619)
2025-12-03 13:21:06,999 - MainThread - databricks.sql.auth.retry - INFO - Received status code 200 for POST request (retry.py:355)
2025-12-03 13:21:07,000 - MainThread - databricks.sql.auth.thrift_http_client - INFO - HTTP Response with status code 200, message: OK (thrift_http_client.py:208)
2025-12-03 13:21:07,006 - MainThread - sqlmesh.core.engine_adapter.base - INFO - Executing SQL: /* SQLMESH_PLAN: 22d77960f43843ed9e6258e7f1cce907 */ SELECT CURRENT_CATALOG() (base.py:2619)
2025-12-03 13:21:07,184 - MainThread - databricks.sql.auth.retry - INFO - Received status code 200 for POST request (retry.py:355)
2025-12-03 13:21:07,184 - MainThread - databricks.sql.auth.thrift_http_client - INFO - HTTP Response with status code 200, message: OK (thrift_http_client.py:208)
2025-12-03 13:21:07,190 - MainThread - sqlmesh.core.engine_adapter.base - INFO - Executing SQL: /* SQLMESH_PLAN: 22d77960f43843ed9e6258e7f1cce907 */ ALTER TABLE `newbankingdemo`.`sqlmesh__silver`.`silver__transactions_2__2179663067` ALTER COLUMN `transactionamount` COMMENT 'The amount of the transaction' (base.py:2619)
2025-12-03 13:21:08,121 - MainThread - databricks.sql.auth.retry - INFO - Received status code 200 for POST request (retry.py:355)
2025-12-03 13:21:08,122 - MainThread - databricks.sql.auth.thrift_http_client - INFO - HTTP Response with status code 200, message: OK (thrift_http_client.py:208)
2025-12-03 13:21:08,129 - MainThread - sqlmesh.core.state_sync.db.facade - INFO - Adding interval (2025-12-01 00:00:00, 2025-12-02 00:00:00) for snapshot SnapshotId<"newbankingdemo"."silver"."transactions_2": 915784264> (facade.py:637)
2025-12-03 13:21:08,129 - MainThread - sqlmesh.core.state_sync.db.interval - INFO - Pushing intervals for snapshot SnapshotId<"newbankingdemo"."silver"."transactions_2": 915784264> (interval.py:215)
2025-12-03 13:21:10,093 - MainThread - databricks.sql.auth.retry - INFO - Received status code 200 for POST request (retry.py:355)
2025-12-03 13:21:10,093 - MainThread - databricks.sql.auth.thrift_http_client - INFO - HTTP Response with status code 200, message: OK (thrift_http_client.py:208)
2025-12-03 13:21:10,113 - MainThread - sqlmesh.core.snapshot.evaluator - INFO - Evaluating snapshot SnapshotId<"newbankingdemo"."gold"."transactions_2": 927298813> (evaluator.py:711)
2025-12-03 13:21:10,115 - MainThread - sqlmesh.core.engine_adapter.base - INFO - Executing SQL: /* SQLMESH_PLAN: 22d77960f43843ed9e6258e7f1cce907 */ USE CATALOG `newbankingdemo` (base.py:2619)
2025-12-03 13:21:10,297 - MainThread - databricks.sql.auth.retry - INFO - Received status code 200 for POST request (retry.py:355)
2025-12-03 13:21:10,297 - MainThread - databricks.sql.auth.thrift_http_client - INFO - HTTP Response with status code 200, message: OK (thrift_http_client.py:208)
2025-12-03 13:21:10,310 - MainThread - sqlmesh.core.snapshot.evaluator - INFO - Inserting data for snapshot SnapshotId<"newbankingdemo"."gold"."transactions_2": 927298813> (evaluator.py:952)
2025-12-03 13:21:10,322 - MainThread - sqlmesh.core.snapshot.evaluator - INFO - Inserting batch (2025-12-01 00:00:00, 2025-12-02 00:00:00) into newbankingdemo.sqlmesh__gold.gold__transactions_2__3716642666' (evaluator.py:984)
2025-12-03 13:21:10,322 - MainThread - sqlmesh.core.engine_adapter.base - INFO - Executing SQL: /* SQLMESH_PLAN: 22d77960f43843ed9e6258e7f1cce907 */ DESCRIBE `newbankingdemo`.`sqlmesh__gold`.`gold__transactions_2__3716642666` (base.py:2619)
2025-12-03 13:21:10,553 - MainThread - databricks.sql.auth.retry - INFO - Received status code 200 for POST request (retry.py:355)
2025-12-03 13:21:10,554 - MainThread - databricks.sql.auth.thrift_http_client - INFO - HTTP Response with status code 200, message: OK (thrift_http_client.py:208)
2025-12-03 13:21:10,567 - MainThread - sqlmesh.core.engine_adapter.base - INFO - Executing SQL: /* SQLMESH_PLAN: 22d77960f43843ed9e6258e7f1cce907 */ CREATE TABLE IF NOT EXISTS `newbankingdemo`.`sqlmesh__gold`.`gold__transactions_2__3716642666` AS SELECT CAST(`transactions_2`.`accountnumber` AS STRING) AS `accountnumber`, CAST(`transactions_2`.`customernumber` AS STRING) AS `customernumber`, CAST(YEAR(`transactions_2`.`transactiondate`) AS INT) AS `transactionyear`, CAST(MONTH(`transactions_2`.`transactiondate`) AS INT) AS `transactionmonth`, CAST(MONTHNAME(`transactions_2`.`transactiondate`) AS STRING) AS `transactionmonthname`, CAST(DAY(`transactions_2`.`transactiondate`) AS INT) AS `transactionday`, CAST(DAYNAME(`transactions_2`.`transactiondate`) AS STRING) AS `transactiondayname`, CAST(`transactions_2`.`transactionamount` AS DECIMAL(15, 2)) AS `transactionamount` FROM `newbankingdemo`.`sqlmesh__silver`.`silver__transactions_2__2179663067` AS `transactions_2` (base.py:2619)
2025-12-03 13:21:13,908 - MainThread - databricks.sql.auth.retry - INFO - Received status code 200 for POST request (retry.py:355)
2025-12-03 13:21:13,908 - MainThread - databricks.sql.auth.thrift_http_client - INFO - HTTP Response with status code 200, message: OK (thrift_http_client.py:208)
2025-12-03 13:21:13,912 - MainThread - sqlmesh.core.engine_adapter.base - INFO - Executing SQL: /* SQLMESH_PLAN: 22d77960f43843ed9e6258e7f1cce907 */ SELECT CURRENT_CATALOG() (base.py:2619)
2025-12-03 13:21:14,120 - MainThread - databricks.sql.auth.retry - INFO - Received status code 200 for POST request (retry.py:355)
2025-12-03 13:21:14,120 - MainThread - databricks.sql.auth.thrift_http_client - INFO - HTTP Response with status code 200, message: OK (thrift_http_client.py:208)
2025-12-03 13:21:14,120 - MainThread - sqlmesh.core.engine_adapter.base - INFO - Executing SQL: /* SQLMESH_PLAN: 22d77960f43843ed9e6258e7f1cce907 */ ALTER TABLE `newbankingdemo`.`sqlmesh__gold`.`gold__transactions_2__3716642666` ALTER COLUMN `accountnumber` COMMENT 'The Account Number of the account' (base.py:2619)
2025-12-03 13:21:15,120 - MainThread - databricks.sql.auth.retry - INFO - Received status code 200 for POST request (retry.py:355)
2025-12-03 13:21:15,120 - MainThread - databricks.sql.auth.thrift_http_client - INFO - HTTP Response with status code 200, message: OK (thrift_http_client.py:208)
2025-12-03 13:21:15,124 - MainThread - sqlmesh.core.engine_adapter.base - INFO - Executing SQL: /* SQLMESH_PLAN: 22d77960f43843ed9e6258e7f1cce907 */ SELECT CURRENT_CATALOG() (base.py:2619)
2025-12-03 13:21:15,339 - MainThread - databricks.sql.auth.retry - INFO - Received status code 200 for POST request (retry.py:355)
2025-12-03 13:21:15,339 - MainThread - databricks.sql.auth.thrift_http_client - INFO - HTTP Response with status code 200, message: OK (thrift_http_client.py:208)
2025-12-03 13:21:15,342 - MainThread - sqlmesh.core.engine_adapter.base - INFO - Executing SQL: /* SQLMESH_PLAN: 22d77960f43843ed9e6258e7f1cce907 */ ALTER TABLE `newbankingdemo`.`sqlmesh__gold`.`gold__transactions_2__3716642666` ALTER COLUMN `customernumber` COMMENT 'The Customer Number of the account owner' (base.py:2619)
2025-12-03 13:21:16,171 - MainThread - databricks.sql.auth.retry - INFO - Received status code 200 for POST request (retry.py:355)
2025-12-03 13:21:16,171 - MainThread - databricks.sql.auth.thrift_http_client - INFO - HTTP Response with status code 200, message: OK (thrift_http_client.py:208)
2025-12-03 13:21:16,171 - MainThread - sqlmesh.core.engine_adapter.base - INFO - Executing SQL: /* SQLMESH_PLAN: 22d77960f43843ed9e6258e7f1cce907 */ SELECT CURRENT_CATALOG() (base.py:2619)
2025-12-03 13:21:16,365 - MainThread - databricks.sql.auth.retry - INFO - Received status code 200 for POST request (retry.py:355)
2025-12-03 13:21:16,365 - MainThread - databricks.sql.auth.thrift_http_client - INFO - HTTP Response with status code 200, message: OK (thrift_http_client.py:208)
2025-12-03 13:21:16,365 - MainThread - sqlmesh.core.engine_adapter.base - INFO - Executing SQL: /* SQLMESH_PLAN: 22d77960f43843ed9e6258e7f1cce907 */ ALTER TABLE `newbankingdemo`.`sqlmesh__gold`.`gold__transactions_2__3716642666` ALTER COLUMN `transactionyear` COMMENT 'The Year the transaction occurred' (base.py:2619)
2025-12-03 13:21:17,312 - MainThread - databricks.sql.auth.retry - INFO - Received status code 200 for POST request (retry.py:355)
2025-12-03 13:21:17,312 - MainThread - databricks.sql.auth.thrift_http_client - INFO - HTTP Response with status code 200, message: OK (thrift_http_client.py:208)
2025-12-03 13:21:17,316 - MainThread - sqlmesh.core.engine_adapter.base - INFO - Executing SQL: /* SQLMESH_PLAN: 22d77960f43843ed9e6258e7f1cce907 */ SELECT CURRENT_CATALOG() (base.py:2619)
2025-12-03 13:21:17,496 - MainThread - databricks.sql.auth.retry - INFO - Received status code 200 for POST request (retry.py:355)
2025-12-03 13:21:17,496 - MainThread - databricks.sql.auth.thrift_http_client - INFO - HTTP Response with status code 200, message: OK (thrift_http_client.py:208)
2025-12-03 13:21:17,497 - MainThread - sqlmesh.core.engine_adapter.base - INFO - Executing SQL: /* SQLMESH_PLAN: 22d77960f43843ed9e6258e7f1cce907 */ ALTER TABLE `newbankingdemo`.`sqlmesh__gold`.`gold__transactions_2__3716642666` ALTER COLUMN `transactionmonth` COMMENT 'The Month the transaction occurred' (base.py:2619)
2025-12-03 13:21:18,368 - MainThread - databricks.sql.auth.retry - INFO - Received status code 200 for POST request (retry.py:355)
2025-12-03 13:21:18,368 - MainThread - databricks.sql.auth.thrift_http_client - INFO - HTTP Response with status code 200, message: OK (thrift_http_client.py:208)
2025-12-03 13:21:18,378 - MainThread - sqlmesh.core.engine_adapter.base - INFO - Executing SQL: /* SQLMESH_PLAN: 22d77960f43843ed9e6258e7f1cce907 */ SELECT CURRENT_CATALOG() (base.py:2619)
2025-12-03 13:21:18,536 - MainThread - databricks.sql.auth.retry - INFO - Received status code 200 for POST request (retry.py:355)
2025-12-03 13:21:18,536 - MainThread - databricks.sql.auth.thrift_http_client - INFO - HTTP Response with status code 200, message: OK (thrift_http_client.py:208)
2025-12-03 13:21:18,545 - MainThread - sqlmesh.core.engine_adapter.base - INFO - Executing SQL: /* SQLMESH_PLAN: 22d77960f43843ed9e6258e7f1cce907 */ ALTER TABLE `newbankingdemo`.`sqlmesh__gold`.`gold__transactions_2__3716642666` ALTER COLUMN `transactionmonthname` COMMENT 'The MonthName the transaction occurred' (base.py:2619)
2025-12-03 13:21:19,417 - MainThread - databricks.sql.auth.retry - INFO - Received status code 200 for POST request (retry.py:355)
2025-12-03 13:21:19,421 - MainThread - databricks.sql.auth.thrift_http_client - INFO - HTTP Response with status code 200, message: OK (thrift_http_client.py:208)
2025-12-03 13:21:19,423 - MainThread - sqlmesh.core.engine_adapter.base - INFO - Executing SQL: /* SQLMESH_PLAN: 22d77960f43843ed9e6258e7f1cce907 */ SELECT CURRENT_CATALOG() (base.py:2619)
2025-12-03 13:21:19,592 - MainThread - databricks.sql.auth.retry - INFO - Received status code 200 for POST request (retry.py:355)
2025-12-03 13:21:19,592 - MainThread - databricks.sql.auth.thrift_http_client - INFO - HTTP Response with status code 200, message: OK (thrift_http_client.py:208)
2025-12-03 13:21:19,598 - MainThread - sqlmesh.core.engine_adapter.base - INFO - Executing SQL: /* SQLMESH_PLAN: 22d77960f43843ed9e6258e7f1cce907 */ ALTER TABLE `newbankingdemo`.`sqlmesh__gold`.`gold__transactions_2__3716642666` ALTER COLUMN `transactionday` COMMENT 'The Day the transaction occurred' (base.py:2619)
2025-12-03 13:21:20,657 - MainThread - databricks.sql.auth.retry - INFO - Received status code 200 for POST request (retry.py:355)
2025-12-03 13:21:20,657 - MainThread - databricks.sql.auth.thrift_http_client - INFO - HTTP Response with status code 200, message: OK (thrift_http_client.py:208)
2025-12-03 13:21:20,663 - MainThread - sqlmesh.core.engine_adapter.base - INFO - Executing SQL: /* SQLMESH_PLAN: 22d77960f43843ed9e6258e7f1cce907 */ SELECT CURRENT_CATALOG() (base.py:2619)
2025-12-03 13:21:21,030 - MainThread - databricks.sql.auth.retry - INFO - Received status code 200 for POST request (retry.py:355)
2025-12-03 13:21:21,031 - MainThread - databricks.sql.auth.thrift_http_client - INFO - HTTP Response with status code 200, message: OK (thrift_http_client.py:208)
2025-12-03 13:21:21,037 - MainThread - sqlmesh.core.engine_adapter.base - INFO - Executing SQL: /* SQLMESH_PLAN: 22d77960f43843ed9e6258e7f1cce907 */ ALTER TABLE `newbankingdemo`.`sqlmesh__gold`.`gold__transactions_2__3716642666` ALTER COLUMN `transactiondayname` COMMENT 'The Day Name the transaction occurred' (base.py:2619)
2025-12-03 13:21:22,063 - MainThread - databricks.sql.auth.retry - INFO - Received status code 200 for POST request (retry.py:355)
2025-12-03 13:21:22,063 - MainThread - databricks.sql.auth.thrift_http_client - INFO - HTTP Response with status code 200, message: OK (thrift_http_client.py:208)
2025-12-03 13:21:22,067 - MainThread - sqlmesh.core.engine_adapter.base - INFO - Executing SQL: /* SQLMESH_PLAN: 22d77960f43843ed9e6258e7f1cce907 */ SELECT CURRENT_CATALOG() (base.py:2619)
2025-12-03 13:21:22,217 - MainThread - databricks.sql.auth.retry - INFO - Received status code 200 for POST request (retry.py:355)
2025-12-03 13:21:22,217 - MainThread - databricks.sql.auth.thrift_http_client - INFO - HTTP Response with status code 200, message: OK (thrift_http_client.py:208)
2025-12-03 13:21:22,229 - MainThread - sqlmesh.core.engine_adapter.base - INFO - Executing SQL: /* SQLMESH_PLAN: 22d77960f43843ed9e6258e7f1cce907 */ ALTER TABLE `newbankingdemo`.`sqlmesh__gold`.`gold__transactions_2__3716642666` ALTER COLUMN `transactionamount` COMMENT 'The amount of the transaction' (base.py:2619)
2025-12-03 13:21:23,185 - MainThread - databricks.sql.auth.retry - INFO - Received status code 200 for POST request (retry.py:355)
2025-12-03 13:21:23,185 - MainThread - databricks.sql.auth.thrift_http_client - INFO - HTTP Response with status code 200, message: OK (thrift_http_client.py:208)
2025-12-03 13:21:23,192 - MainThread - sqlmesh.core.state_sync.db.facade - INFO - Adding interval (2025-12-01 00:00:00, 2025-12-02 00:00:00) for snapshot SnapshotId<"newbankingdemo"."gold"."transactions_2": 927298813> (facade.py:637)
2025-12-03 13:21:23,193 - MainThread - sqlmesh.core.state_sync.db.interval - INFO - Pushing intervals for snapshot SnapshotId<"newbankingdemo"."gold"."transactions_2": 927298813> (interval.py:215)
2025-12-03 13:21:24,811 - MainThread - databricks.sql.auth.retry - INFO - Received status code 200 for POST request (retry.py:355)
2025-12-03 13:21:24,811 - MainThread - databricks.sql.auth.thrift_http_client - INFO - HTTP Response with status code 200, message: OK (thrift_http_client.py:208)
2025-12-03 13:21:24,839 - MainThread - sqlmesh.core.plan.evaluator - INFO - Evaluating plan stage EnvironmentRecordUpdateStage (evaluator.py:123)
2025-12-03 13:21:24,839 - MainThread - sqlmesh.core.state_sync.db.facade - INFO - Promoting environment 'dd' (facade.py:167)
2025-12-03 13:21:25,519 - MainThread - databricks.sql.auth.retry - INFO - Received status code 200 for POST request (retry.py:355)
2025-12-03 13:21:25,535 - MainThread - databricks.sql.auth.thrift_http_client - INFO - HTTP Response with status code 200, message: OK (thrift_http_client.py:208)
2025-12-03 13:21:25,727 - MainThread - databricks.sql.auth.retry - INFO - Received status code 200 for POST request (retry.py:355)
2025-12-03 13:21:25,727 - MainThread - databricks.sql.auth.thrift_http_client - INFO - HTTP Response with status code 200, message: OK (thrift_http_client.py:208)
2025-12-03 13:21:29,067 - MainThread - databricks.sql.auth.retry - INFO - Received status code 200 for POST request (retry.py:355)
2025-12-03 13:21:29,067 - MainThread - databricks.sql.auth.thrift_http_client - INFO - HTTP Response with status code 200, message: OK (thrift_http_client.py:208)
2025-12-03 13:21:30,114 - MainThread - databricks.sql.auth.retry - INFO - Received status code 200 for POST request (retry.py:355)
2025-12-03 13:21:30,114 - MainThread - databricks.sql.auth.thrift_http_client - INFO - HTTP Response with status code 200, message: OK (thrift_http_client.py:208)
2025-12-03 13:21:32,708 - MainThread - databricks.sql.auth.retry - INFO - Received status code 200 for POST request (retry.py:355)
2025-12-03 13:21:32,708 - MainThread - databricks.sql.auth.thrift_http_client - INFO - HTTP Response with status code 200, message: OK (thrift_http_client.py:208)
2025-12-03 13:21:33,560 - MainThread - databricks.sql.auth.retry - INFO - Received status code 200 for POST request (retry.py:355)
2025-12-03 13:21:33,560 - MainThread - databricks.sql.auth.thrift_http_client - INFO - HTTP Response with status code 200, message: OK (thrift_http_client.py:208)
2025-12-03 13:21:33,576 - MainThread - sqlmesh.core.plan.evaluator - INFO - Evaluating plan stage VirtualLayerUpdateStage (evaluator.py:123)
2025-12-03 13:21:33,576 - MainThread - sqlmesh.core.snapshot.evaluator - INFO - Creating schema 'newbankingdemo.silver__dd' (evaluator.py:1449)
2025-12-03 13:21:33,576 - MainThread - sqlmesh.core.engine_adapter.base - INFO - Executing SQL: /* SQLMESH_PLAN: 22d77960f43843ed9e6258e7f1cce907 */ CREATE SCHEMA IF NOT EXISTS `newbankingdemo`.`silver__dd` (base.py:2619)
2025-12-03 13:21:33,836 - MainThread - databricks.sql.auth.retry - INFO - Received status code 200 for POST request (retry.py:355)
2025-12-03 13:21:33,836 - MainThread - databricks.sql.auth.thrift_http_client - INFO - HTTP Response with status code 200, message: OK (thrift_http_client.py:208)
2025-12-03 13:21:33,841 - MainThread - sqlmesh.core.snapshot.evaluator - INFO - Creating schema 'newbankingdemo.gold__dd' (evaluator.py:1449)
2025-12-03 13:21:33,841 - MainThread - sqlmesh.core.engine_adapter.base - INFO - Executing SQL: /* SQLMESH_PLAN: 22d77960f43843ed9e6258e7f1cce907 */ CREATE SCHEMA IF NOT EXISTS `newbankingdemo`.`gold__dd` (base.py:2619)
2025-12-03 13:21:34,111 - MainThread - databricks.sql.auth.retry - INFO - Received status code 200 for POST request (retry.py:355)
2025-12-03 13:21:34,112 - MainThread - databricks.sql.auth.thrift_http_client - INFO - HTTP Response with status code 200, message: OK (thrift_http_client.py:208)
2025-12-03 13:21:34,124 - MainThread - sqlmesh.core.snapshot.evaluator - INFO - Listing data objects in schema newbankingdemo.gold__dd (evaluator.py:1616)
2025-12-03 13:21:34,128 - MainThread - sqlmesh.core.engine_adapter.base - INFO - Executing SQL: /* SQLMESH_PLAN: 22d77960f43843ed9e6258e7f1cce907 */ SELECT `table_name` AS `name`, `table_schema` AS `schema`, `table_catalog` AS `catalog`, CASE `table_type` WHEN 'VIEW' THEN 'view' WHEN 'MATERIALIZED_VIEW' THEN 'materialized_view' ELSE 'table' END AS `type` FROM `system`.`information_schema`.`tables` WHERE (`table_catalog` = 'newbankingdemo' AND `table_schema` = 'gold__dd') AND `table_name` IN ('transactions_2', 'accounts_2', 'customers_2') (base.py:2619)
2025-12-03 13:21:34,505 - MainThread - databricks.sql.auth.retry - INFO - Received status code 200 for POST request (retry.py:355)
2025-12-03 13:21:34,505 - MainThread - databricks.sql.auth.thrift_http_client - INFO - HTTP Response with status code 200, message: OK (thrift_http_client.py:208)
2025-12-03 13:21:34,524 - MainThread - sqlmesh.core.snapshot.evaluator - INFO - Listing data objects in schema newbankingdemo.silver__dd (evaluator.py:1616)
2025-12-03 13:21:34,530 - MainThread - sqlmesh.core.engine_adapter.base - INFO - Executing SQL: /* SQLMESH_PLAN: 22d77960f43843ed9e6258e7f1cce907 */ SELECT `table_name` AS `name`, `table_schema` AS `schema`, `table_catalog` AS `catalog`, CASE `table_type` WHEN 'VIEW' THEN 'view' WHEN 'MATERIALIZED_VIEW' THEN 'materialized_view' ELSE 'table' END AS `type` FROM `system`.`information_schema`.`tables` WHERE (`table_catalog` = 'newbankingdemo' AND `table_schema` = 'silver__dd') AND `table_name` IN ('customers_2', 'accounts_2', 'transactions_2') (base.py:2619)
2025-12-03 13:21:34,941 - MainThread - databricks.sql.auth.retry - INFO - Received status code 200 for POST request (retry.py:355)
2025-12-03 13:21:34,942 - MainThread - databricks.sql.auth.thrift_http_client - INFO - HTTP Response with status code 200, message: OK (thrift_http_client.py:208)
2025-12-03 13:21:34,950 - MainThread - sqlmesh.core.engine_adapter.base - INFO - Executing SQL: /* SQLMESH_PLAN: 22d77960f43843ed9e6258e7f1cce907 */ USE CATALOG `newbankingdemo` (base.py:2619)
2025-12-03 13:21:35,222 - MainThread - databricks.sql.auth.retry - INFO - Received status code 200 for POST request (retry.py:355)
2025-12-03 13:21:35,222 - MainThread - databricks.sql.auth.thrift_http_client - INFO - HTTP Response with status code 200, message: OK (thrift_http_client.py:208)
2025-12-03 13:21:35,230 - MainThread - sqlmesh.core.snapshot.evaluator - INFO - Updating view 'newbankingdemo.silver__dd.accounts_2' to point at table 'newbankingdemo.sqlmesh__silver.silver__accounts_2__3741260822' (evaluator.py:1988)
2025-12-03 13:21:35,233 - MainThread - sqlmesh.core.engine_adapter.base - INFO - Executing SQL: /* SQLMESH_PLAN: 22d77960f43843ed9e6258e7f1cce907 */ CREATE OR REPLACE VIEW `newbankingdemo`.`silver__dd`.`accounts_2` AS SELECT * FROM `newbankingdemo`.`sqlmesh__silver`.`silver__accounts_2__3741260822` (base.py:2619)
2025-12-03 13:21:36,993 - MainThread - databricks.sql.auth.retry - INFO - Received status code 200 for POST request (retry.py:355)
2025-12-03 13:21:36,993 - MainThread - databricks.sql.auth.thrift_http_client - INFO - HTTP Response with status code 200, message: OK (thrift_http_client.py:208)
2025-12-03 13:21:37,008 - MainThread - sqlmesh.core.engine_adapter.base - INFO - Executing SQL: /* SQLMESH_PLAN: 22d77960f43843ed9e6258e7f1cce907 */ USE CATALOG `newbankingdemo` (base.py:2619)
2025-12-03 13:21:37,298 - MainThread - databricks.sql.auth.retry - INFO - Received status code 200 for POST request (retry.py:355)
2025-12-03 13:21:37,298 - MainThread - databricks.sql.auth.thrift_http_client - INFO - HTTP Response with status code 200, message: OK (thrift_http_client.py:208)
2025-12-03 13:21:37,298 - MainThread - sqlmesh.core.snapshot.evaluator - INFO - Updating view 'newbankingdemo.silver__dd.customers_2' to point at table 'newbankingdemo.sqlmesh__silver.silver__customers_2__562887494' (evaluator.py:1988)
2025-12-03 13:21:37,314 - MainThread - sqlmesh.core.engine_adapter.base - INFO - Executing SQL: /* SQLMESH_PLAN: 22d77960f43843ed9e6258e7f1cce907 */ CREATE OR REPLACE VIEW `newbankingdemo`.`silver__dd`.`customers_2` AS SELECT * FROM `newbankingdemo`.`sqlmesh__silver`.`silver__customers_2__562887494` (base.py:2619)
2025-12-03 13:21:38,605 - MainThread - databricks.sql.auth.retry - INFO - Received status code 200 for POST request (retry.py:355)
2025-12-03 13:21:38,605 - MainThread - databricks.sql.auth.thrift_http_client - INFO - HTTP Response with status code 200, message: OK (thrift_http_client.py:208)
2025-12-03 13:21:38,625 - MainThread - sqlmesh.core.engine_adapter.base - INFO - Executing SQL: /* SQLMESH_PLAN: 22d77960f43843ed9e6258e7f1cce907 */ USE CATALOG `newbankingdemo` (base.py:2619)
2025-12-03 13:21:38,931 - MainThread - databricks.sql.auth.retry - INFO - Received status code 200 for POST request (retry.py:355)
2025-12-03 13:21:38,931 - MainThread - databricks.sql.auth.thrift_http_client - INFO - HTTP Response with status code 200, message: OK (thrift_http_client.py:208)
2025-12-03 13:21:38,931 - MainThread - sqlmesh.core.snapshot.evaluator - INFO - Updating view 'newbankingdemo.silver__dd.transactions_2' to point at table 'newbankingdemo.sqlmesh__silver.silver__transactions_2__2179663067' (evaluator.py:1988)
2025-12-03 13:21:38,946 - MainThread - sqlmesh.core.engine_adapter.base - INFO - Executing SQL: /* SQLMESH_PLAN: 22d77960f43843ed9e6258e7f1cce907 */ CREATE OR REPLACE VIEW `newbankingdemo`.`silver__dd`.`transactions_2` AS SELECT * FROM `newbankingdemo`.`sqlmesh__silver`.`silver__transactions_2__2179663067` (base.py:2619)
2025-12-03 13:21:39,611 - MainThread - databricks.sql.auth.retry - INFO - Received status code 200 for POST request (retry.py:355)
2025-12-03 13:21:39,611 - MainThread - databricks.sql.auth.thrift_http_client - INFO - HTTP Response with status code 200, message: OK (thrift_http_client.py:208)
2025-12-03 13:21:39,625 - MainThread - sqlmesh.core.engine_adapter.base - INFO - Executing SQL: /* SQLMESH_PLAN: 22d77960f43843ed9e6258e7f1cce907 */ USE CATALOG `newbankingdemo` (base.py:2619)
2025-12-03 13:21:39,904 - MainThread - databricks.sql.auth.retry - INFO - Received status code 200 for POST request (retry.py:355)
2025-12-03 13:21:39,904 - MainThread - databricks.sql.auth.thrift_http_client - INFO - HTTP Response with status code 200, message: OK (thrift_http_client.py:208)
2025-12-03 13:21:39,910 - MainThread - sqlmesh.core.snapshot.evaluator - INFO - Updating view 'newbankingdemo.gold__dd.accounts_2' to point at table 'newbankingdemo.sqlmesh__gold.gold__accounts_2__2894313673' (evaluator.py:1988)
2025-12-03 13:21:39,917 - MainThread - sqlmesh.core.engine_adapter.base - INFO - Executing SQL: /* SQLMESH_PLAN: 22d77960f43843ed9e6258e7f1cce907 */ CREATE OR REPLACE VIEW `newbankingdemo`.`gold__dd`.`accounts_2` AS SELECT * FROM `newbankingdemo`.`sqlmesh__gold`.`gold__accounts_2__2894313673` (base.py:2619)
2025-12-03 13:21:40,852 - MainThread - databricks.sql.auth.retry - INFO - Received status code 200 for POST request (retry.py:355)
2025-12-03 13:21:40,852 - MainThread - databricks.sql.auth.thrift_http_client - INFO - HTTP Response with status code 200, message: OK (thrift_http_client.py:208)
2025-12-03 13:21:40,864 - MainThread - sqlmesh.core.engine_adapter.base - INFO - Executing SQL: /* SQLMESH_PLAN: 22d77960f43843ed9e6258e7f1cce907 */ USE CATALOG `newbankingdemo` (base.py:2619)
2025-12-03 13:21:41,063 - MainThread - databricks.sql.auth.retry - INFO - Received status code 200 for POST request (retry.py:355)
2025-12-03 13:21:41,063 - MainThread - databricks.sql.auth.thrift_http_client - INFO - HTTP Response with status code 200, message: OK (thrift_http_client.py:208)
2025-12-03 13:21:41,066 - MainThread - sqlmesh.core.snapshot.evaluator - INFO - Updating view 'newbankingdemo.gold__dd.customers_2' to point at table 'newbankingdemo.sqlmesh__gold.gold__customers_2__2439568028' (evaluator.py:1988)
2025-12-03 13:21:41,067 - MainThread - sqlmesh.core.engine_adapter.base - INFO - Executing SQL: /* SQLMESH_PLAN: 22d77960f43843ed9e6258e7f1cce907 */ CREATE OR REPLACE VIEW `newbankingdemo`.`gold__dd`.`customers_2` AS SELECT * FROM `newbankingdemo`.`sqlmesh__gold`.`gold__customers_2__2439568028` (base.py:2619)
2025-12-03 13:21:41,911 - MainThread - databricks.sql.auth.retry - INFO - Received status code 200 for POST request (retry.py:355)
2025-12-03 13:21:41,911 - MainThread - databricks.sql.auth.thrift_http_client - INFO - HTTP Response with status code 200, message: OK (thrift_http_client.py:208)
2025-12-03 13:21:41,918 - MainThread - sqlmesh.core.engine_adapter.base - INFO - Executing SQL: /* SQLMESH_PLAN: 22d77960f43843ed9e6258e7f1cce907 */ USE CATALOG `newbankingdemo` (base.py:2619)
2025-12-03 13:21:42,100 - MainThread - databricks.sql.auth.retry - INFO - Received status code 200 for POST request (retry.py:355)
2025-12-03 13:21:42,100 - MainThread - databricks.sql.auth.thrift_http_client - INFO - HTTP Response with status code 200, message: OK (thrift_http_client.py:208)
2025-12-03 13:21:42,100 - MainThread - sqlmesh.core.snapshot.evaluator - INFO - Updating view 'newbankingdemo.gold__dd.transactions_2' to point at table 'newbankingdemo.sqlmesh__gold.gold__transactions_2__3716642666' (evaluator.py:1988)
2025-12-03 13:21:42,100 - MainThread - sqlmesh.core.engine_adapter.base - INFO - Executing SQL: /* SQLMESH_PLAN: 22d77960f43843ed9e6258e7f1cce907 */ CREATE OR REPLACE VIEW `newbankingdemo`.`gold__dd`.`transactions_2` AS SELECT * FROM `newbankingdemo`.`sqlmesh__gold`.`gold__transactions_2__3716642666` (base.py:2619)
2025-12-03 13:21:42,657 - MainThread - databricks.sql.auth.retry - INFO - Received status code 200 for POST request (retry.py:355)
2025-12-03 13:21:42,657 - MainThread - databricks.sql.auth.thrift_http_client - INFO - HTTP Response with status code 200, message: OK (thrift_http_client.py:208)
2025-12-03 13:21:42,669 - MainThread - sqlmesh.core.plan.evaluator - INFO - Evaluating plan stage FinalizeEnvironmentStage (evaluator.py:123)
2025-12-03 13:21:42,669 - MainThread - sqlmesh.core.state_sync.db.environment - INFO - Finalizing environment 'dd' (environment.py:141)
2025-12-03 13:21:43,360 - MainThread - databricks.sql.auth.retry - INFO - Received status code 200 for POST request (retry.py:355)
2025-12-03 13:21:43,361 - MainThread - databricks.sql.auth.thrift_http_client - INFO - HTTP Response with status code 200, message: OK (thrift_http_client.py:208)
2025-12-03 13:21:45,587 - MainThread - databricks.sql.auth.retry - INFO - Received status code 200 for POST request (retry.py:355)
2025-12-03 13:21:45,587 - MainThread - databricks.sql.auth.thrift_http_client - INFO - HTTP Response with status code 200, message: OK (thrift_http_client.py:208)
2025-12-03 13:21:45,604 - MainThread - databricks.sql.session - INFO - Closing session 01f0d04a-e740-1185-ae44-9a899464da1e (session.py:194)
2025-12-03 13:21:45,666 - MainThread - databricks.sql.auth.retry - INFO - Received status code 200 for POST request (retry.py:355)
2025-12-03 13:21:45,666 - MainThread - databricks.sql.auth.thrift_http_client - INFO - HTTP Response with status code 200, message: OK (thrift_http_client.py:208)
2025-12-03 13:21:45,684 - MainThread - databricks.sql.session - INFO - Closing session 01f0d04a-c36d-156a-8bf7-306226d47193 (session.py:194)
2025-12-03 13:21:45,751 - MainThread - databricks.sql.auth.retry - INFO - Received status code 200 for POST request (retry.py:355)
2025-12-03 13:21:45,751 - MainThread - databricks.sql.auth.thrift_http_client - INFO - HTTP Response with status code 200, message: OK (thrift_http_client.py:208)
2025-12-03 13:21:45,765 - MainThread - root - INFO - Shutting down the event dispatcher (dispatcher.py:159)
