2025-12-15 12:58:47,053 - MainThread - sqlmesh.core.console - WARNING - The databricks engine is not recommended for storing SQLMesh state in production deployments. Please see https://sqlmesh.readthedocs.io/en/stable/guides/configuration/#state-connection for a list of recommended engines and more information. (console.py:2335)
2025-12-15 12:58:47,265 - MainThread - databricks.sql.session - WARNING - [WARN] Parameter '_user_agent_entry' is deprecated; use 'user_agent_entry' instead. This parameter will be removed in the upcoming releases. (session.py:55)
2025-12-15 12:58:47,576 - MainThread - databricks.sql.auth.retry - INFO - Received status code 200 for POST request (retry.py:355)
2025-12-15 12:58:47,578 - MainThread - databricks.sql.auth.thrift_http_client - INFO - HTTP Response with status code 200, message: OK (thrift_http_client.py:208)
2025-12-15 12:58:47,580 - MainThread - databricks.sql.session - INFO - Successfully opened session 01f0d9b5-cbcc-14b4-aa3e-a2ba080075d3 (session.py:143)
2025-12-15 12:58:48,002 - MainThread - databricks.sql.auth.retry - INFO - Received status code 200 for POST request (retry.py:355)
2025-12-15 12:58:48,002 - MainThread - databricks.sql.auth.thrift_http_client - INFO - HTTP Response with status code 200, message: OK (thrift_http_client.py:208)
2025-12-15 12:58:48,351 - MainThread - databricks.sql.auth.retry - INFO - Received status code 200 for POST request (retry.py:355)
2025-12-15 12:58:48,351 - MainThread - databricks.sql.auth.thrift_http_client - INFO - HTTP Response with status code 200, message: OK (thrift_http_client.py:208)
2025-12-15 12:58:48,640 - MainThread - databricks.sql.auth.retry - INFO - Received status code 200 for POST request (retry.py:355)
2025-12-15 12:58:48,640 - MainThread - databricks.sql.auth.thrift_http_client - INFO - HTTP Response with status code 200, message: OK (thrift_http_client.py:208)
2025-12-15 12:58:48,848 - MainThread - databricks.sql.auth.retry - INFO - Received status code 200 for POST request (retry.py:355)
2025-12-15 12:58:48,848 - MainThread - databricks.sql.auth.thrift_http_client - INFO - HTTP Response with status code 200, message: OK (thrift_http_client.py:208)
2025-12-15 12:58:49,507 - MainThread - databricks.sql.auth.retry - INFO - Received status code 200 for POST request (retry.py:355)
2025-12-15 12:58:49,507 - MainThread - databricks.sql.auth.thrift_http_client - INFO - HTTP Response with status code 200, message: OK (thrift_http_client.py:208)
2025-12-15 12:58:49,806 - MainThread - databricks.sql.auth.retry - INFO - Received status code 200 for POST request (retry.py:355)
2025-12-15 12:58:49,806 - MainThread - databricks.sql.auth.thrift_http_client - INFO - HTTP Response with status code 200, message: OK (thrift_http_client.py:208)
2025-12-15 12:58:53,141 - MainThread - databricks.sql.auth.retry - INFO - Received status code 200 for POST request (retry.py:355)
2025-12-15 12:58:53,141 - MainThread - databricks.sql.auth.thrift_http_client - INFO - HTTP Response with status code 200, message: OK (thrift_http_client.py:208)
2025-12-15 12:58:53,799 - MainThread - databricks.sql.auth.retry - INFO - Received status code 200 for POST request (retry.py:355)
2025-12-15 12:58:53,799 - MainThread - databricks.sql.auth.thrift_http_client - INFO - HTTP Response with status code 200, message: OK (thrift_http_client.py:208)
2025-12-15 12:58:55,383 - MainThread - databricks.sql.auth.retry - INFO - Received status code 200 for POST request (retry.py:355)
2025-12-15 12:58:55,383 - MainThread - databricks.sql.auth.thrift_http_client - INFO - HTTP Response with status code 200, message: OK (thrift_http_client.py:208)
2025-12-15 12:58:56,248 - MainThread - databricks.sql.auth.retry - INFO - Received status code 200 for POST request (retry.py:355)
2025-12-15 12:58:56,248 - MainThread - databricks.sql.auth.thrift_http_client - INFO - HTTP Response with status code 200, message: OK (thrift_http_client.py:208)
2025-12-15 12:58:57,083 - MainThread - databricks.sql.auth.retry - INFO - Received status code 200 for POST request (retry.py:355)
2025-12-15 12:58:57,083 - MainThread - databricks.sql.auth.thrift_http_client - INFO - HTTP Response with status code 200, message: OK (thrift_http_client.py:208)
2025-12-15 12:58:57,201 - MainThread - sqlmesh.core.state_sync.common - INFO - Processing batch of size 6 with end updated_ts=1765033869599 (janitor.py:163)
2025-12-15 12:58:57,203 - MainThread - sqlmesh.core.engine_adapter.base - INFO - Executing SQL: DROP TABLE IF EXISTS `newbankingdemo`.`sqlmesh__gold`.`gold__transactions_2__3716642666__dev` (base.py:2619)
2025-12-15 12:58:57,219 - MainThread - databricks.sql.session - WARNING - [WARN] Parameter '_user_agent_entry' is deprecated; use 'user_agent_entry' instead. This parameter will be removed in the upcoming releases. (session.py:55)
2025-12-15 12:58:57,470 - MainThread - databricks.sql.auth.retry - INFO - Received status code 200 for POST request (retry.py:355)
2025-12-15 12:58:57,470 - MainThread - databricks.sql.auth.thrift_http_client - INFO - HTTP Response with status code 200, message: OK (thrift_http_client.py:208)
2025-12-15 12:58:57,470 - MainThread - databricks.sql.session - INFO - Successfully opened session 01f0d9b5-d1b1-1de0-ab4e-e8c597817a77 (session.py:143)
2025-12-15 12:58:57,812 - MainThread - databricks.sql.auth.retry - INFO - Received status code 200 for POST request (retry.py:355)
2025-12-15 12:58:57,812 - MainThread - databricks.sql.auth.thrift_http_client - INFO - HTTP Response with status code 200, message: OK (thrift_http_client.py:208)
2025-12-15 12:58:57,814 - MainThread - sqlmesh.core.snapshot.evaluator - INFO - Dropped table 'newbankingdemo.sqlmesh__gold.gold__transactions_2__3716642666__dev' (evaluator.py:2125)
2025-12-15 12:58:57,817 - MainThread - sqlmesh.core.engine_adapter.base - INFO - Executing SQL: DROP TABLE IF EXISTS `newbankingdemo`.`sqlmesh__gold`.`gold__transactions_2__3716642666` (base.py:2619)
2025-12-15 12:58:58,748 - MainThread - databricks.sql.auth.retry - INFO - Received status code 200 for POST request (retry.py:355)
2025-12-15 12:58:58,748 - MainThread - databricks.sql.auth.thrift_http_client - INFO - HTTP Response with status code 200, message: OK (thrift_http_client.py:208)
2025-12-15 12:58:58,750 - MainThread - sqlmesh.core.snapshot.evaluator - INFO - Dropped table 'newbankingdemo.sqlmesh__gold.gold__transactions_2__3716642666' (evaluator.py:2125)
2025-12-15 12:58:58,757 - MainThread - sqlmesh.core.engine_adapter.base - INFO - Executing SQL: DROP TABLE IF EXISTS `newbankingdemo`.`sqlmesh__gold`.`gold__transactions_2__2629782491__dev` (base.py:2619)
2025-12-15 12:58:59,098 - MainThread - databricks.sql.auth.retry - INFO - Received status code 200 for POST request (retry.py:355)
2025-12-15 12:58:59,098 - MainThread - databricks.sql.auth.thrift_http_client - INFO - HTTP Response with status code 200, message: OK (thrift_http_client.py:208)
2025-12-15 12:58:59,098 - MainThread - sqlmesh.core.snapshot.evaluator - INFO - Dropped table 'newbankingdemo.sqlmesh__gold.gold__transactions_2__2629782491__dev' (evaluator.py:2125)
2025-12-15 12:58:59,098 - MainThread - sqlmesh.core.engine_adapter.base - INFO - Executing SQL: DROP TABLE IF EXISTS `newbankingdemo`.`sqlmesh__gold`.`gold__transactions_2__2629782491` (base.py:2619)
2025-12-15 12:59:00,039 - MainThread - databricks.sql.auth.retry - INFO - Received status code 200 for POST request (retry.py:355)
2025-12-15 12:59:00,039 - MainThread - databricks.sql.auth.thrift_http_client - INFO - HTTP Response with status code 200, message: OK (thrift_http_client.py:208)
2025-12-15 12:59:00,058 - MainThread - sqlmesh.core.snapshot.evaluator - INFO - Dropped table 'newbankingdemo.sqlmesh__gold.gold__transactions_2__2629782491' (evaluator.py:2125)
2025-12-15 12:59:00,064 - MainThread - sqlmesh.core.engine_adapter.base - INFO - Executing SQL: DROP TABLE IF EXISTS `newbankingdemo`.`sqlmesh__gold`.`gold__transactions_2__553716356__dev` (base.py:2619)
2025-12-15 12:59:00,312 - MainThread - databricks.sql.auth.retry - INFO - Received status code 200 for POST request (retry.py:355)
2025-12-15 12:59:00,312 - MainThread - databricks.sql.auth.thrift_http_client - INFO - HTTP Response with status code 200, message: OK (thrift_http_client.py:208)
2025-12-15 12:59:00,330 - MainThread - sqlmesh.core.snapshot.evaluator - INFO - Dropped table 'newbankingdemo.sqlmesh__gold.gold__transactions_2__553716356__dev' (evaluator.py:2125)
2025-12-15 12:59:00,330 - MainThread - sqlmesh.core.engine_adapter.base - INFO - Executing SQL: DROP TABLE IF EXISTS `newbankingdemo`.`sqlmesh__gold`.`gold__transactions_2__553716356` (base.py:2619)
2025-12-15 12:59:01,296 - MainThread - databricks.sql.auth.retry - INFO - Received status code 200 for POST request (retry.py:355)
2025-12-15 12:59:01,296 - MainThread - databricks.sql.auth.thrift_http_client - INFO - HTTP Response with status code 200, message: OK (thrift_http_client.py:208)
2025-12-15 12:59:01,296 - MainThread - sqlmesh.core.snapshot.evaluator - INFO - Dropped table 'newbankingdemo.sqlmesh__gold.gold__transactions_2__553716356' (evaluator.py:2125)
2025-12-15 12:59:01,296 - MainThread - sqlmesh.core.engine_adapter.base - INFO - Executing SQL: DROP TABLE IF EXISTS `newbankingdemo`.`sqlmesh__gold`.`gold__transactions_2__3765301057__dev` (base.py:2619)
2025-12-15 12:59:01,668 - MainThread - databricks.sql.auth.retry - INFO - Received status code 200 for POST request (retry.py:355)
2025-12-15 12:59:01,668 - MainThread - databricks.sql.auth.thrift_http_client - INFO - HTTP Response with status code 200, message: OK (thrift_http_client.py:208)
2025-12-15 12:59:01,668 - MainThread - sqlmesh.core.snapshot.evaluator - INFO - Dropped table 'newbankingdemo.sqlmesh__gold.gold__transactions_2__3765301057__dev' (evaluator.py:2125)
2025-12-15 12:59:01,679 - MainThread - sqlmesh.core.engine_adapter.base - INFO - Executing SQL: DROP TABLE IF EXISTS `newbankingdemo`.`sqlmesh__gold`.`gold__transactions_2__3765301057` (base.py:2619)
2025-12-15 12:59:02,736 - MainThread - databricks.sql.auth.retry - INFO - Received status code 200 for POST request (retry.py:355)
2025-12-15 12:59:02,738 - MainThread - databricks.sql.auth.thrift_http_client - INFO - HTTP Response with status code 200, message: OK (thrift_http_client.py:208)
2025-12-15 12:59:02,738 - MainThread - sqlmesh.core.snapshot.evaluator - INFO - Dropped table 'newbankingdemo.sqlmesh__gold.gold__transactions_2__3765301057' (evaluator.py:2125)
2025-12-15 12:59:02,749 - MainThread - sqlmesh.core.engine_adapter.base - INFO - Executing SQL: DROP TABLE IF EXISTS `newbankingdemo`.`sqlmesh__silver`.`silver__transactions_2__2179663067__dev` (base.py:2619)
2025-12-15 12:59:02,980 - MainThread - databricks.sql.auth.retry - INFO - Received status code 200 for POST request (retry.py:355)
2025-12-15 12:59:02,980 - MainThread - databricks.sql.auth.thrift_http_client - INFO - HTTP Response with status code 200, message: OK (thrift_http_client.py:208)
2025-12-15 12:59:02,980 - MainThread - sqlmesh.core.snapshot.evaluator - INFO - Dropped table 'newbankingdemo.sqlmesh__silver.silver__transactions_2__2179663067__dev' (evaluator.py:2125)
2025-12-15 12:59:02,980 - MainThread - sqlmesh.core.engine_adapter.base - INFO - Executing SQL: DROP TABLE IF EXISTS `newbankingdemo`.`sqlmesh__silver`.`silver__transactions_2__2179663067` (base.py:2619)
2025-12-15 12:59:03,886 - MainThread - databricks.sql.auth.retry - INFO - Received status code 200 for POST request (retry.py:355)
2025-12-15 12:59:03,886 - MainThread - databricks.sql.auth.thrift_http_client - INFO - HTTP Response with status code 200, message: OK (thrift_http_client.py:208)
2025-12-15 12:59:03,886 - MainThread - sqlmesh.core.snapshot.evaluator - INFO - Dropped table 'newbankingdemo.sqlmesh__silver.silver__transactions_2__2179663067' (evaluator.py:2125)
2025-12-15 12:59:03,886 - MainThread - sqlmesh.core.engine_adapter.base - INFO - Executing SQL: DROP TABLE IF EXISTS `newbankingdemo`.`sqlmesh__silver`.`silver__transactions_2__3316432348__dev` (base.py:2619)
2025-12-15 12:59:04,128 - MainThread - databricks.sql.auth.retry - INFO - Received status code 200 for POST request (retry.py:355)
2025-12-15 12:59:04,128 - MainThread - databricks.sql.auth.thrift_http_client - INFO - HTTP Response with status code 200, message: OK (thrift_http_client.py:208)
2025-12-15 12:59:04,128 - MainThread - sqlmesh.core.snapshot.evaluator - INFO - Dropped table 'newbankingdemo.sqlmesh__silver.silver__transactions_2__3316432348__dev' (evaluator.py:2125)
2025-12-15 12:59:04,128 - MainThread - sqlmesh.core.engine_adapter.base - INFO - Executing SQL: DROP TABLE IF EXISTS `newbankingdemo`.`sqlmesh__silver`.`silver__transactions_2__3316432348` (base.py:2619)
2025-12-15 12:59:04,924 - MainThread - databricks.sql.auth.retry - INFO - Received status code 200 for POST request (retry.py:355)
2025-12-15 12:59:04,924 - MainThread - databricks.sql.auth.thrift_http_client - INFO - HTTP Response with status code 200, message: OK (thrift_http_client.py:208)
2025-12-15 12:59:04,934 - MainThread - sqlmesh.core.snapshot.evaluator - INFO - Dropped table 'newbankingdemo.sqlmesh__silver.silver__transactions_2__3316432348' (evaluator.py:2125)
2025-12-15 12:59:05,490 - MainThread - databricks.sql.auth.retry - INFO - Received status code 200 for POST request (retry.py:355)
2025-12-15 12:59:05,490 - MainThread - databricks.sql.auth.thrift_http_client - INFO - HTTP Response with status code 200, message: OK (thrift_http_client.py:208)
2025-12-15 12:59:06,579 - MainThread - databricks.sql.auth.retry - INFO - Received status code 200 for POST request (retry.py:355)
2025-12-15 12:59:06,579 - MainThread - databricks.sql.auth.thrift_http_client - INFO - HTTP Response with status code 200, message: OK (thrift_http_client.py:208)
2025-12-15 12:59:06,867 - MainThread - databricks.sql.auth.retry - INFO - Received status code 200 for POST request (retry.py:355)
2025-12-15 12:59:06,867 - MainThread - databricks.sql.auth.thrift_http_client - INFO - HTTP Response with status code 200, message: OK (thrift_http_client.py:208)
2025-12-15 12:59:07,754 - MainThread - databricks.sql.auth.retry - INFO - Received status code 200 for POST request (retry.py:355)
2025-12-15 12:59:07,754 - MainThread - databricks.sql.auth.thrift_http_client - INFO - HTTP Response with status code 200, message: OK (thrift_http_client.py:208)
2025-12-15 12:59:09,357 - MainThread - databricks.sql.auth.retry - INFO - Received status code 200 for POST request (retry.py:355)
2025-12-15 12:59:09,357 - MainThread - databricks.sql.auth.thrift_http_client - INFO - HTTP Response with status code 200, message: OK (thrift_http_client.py:208)
2025-12-15 12:59:10,806 - MainThread - databricks.sql.auth.retry - INFO - Received status code 200 for POST request (retry.py:355)
2025-12-15 12:59:10,806 - MainThread - databricks.sql.auth.thrift_http_client - INFO - HTTP Response with status code 200, message: OK (thrift_http_client.py:208)
2025-12-15 12:59:10,835 - MainThread - sqlmesh.core.state_sync.db.interval - INFO - Compacting 12 intervals for 6 snapshots (interval.py:130)
2025-12-15 12:59:10,835 - MainThread - sqlmesh.core.state_sync.db.interval - INFO - Pushing intervals for snapshot SnapshotId<"newbankingdemo"."gold"."accounts_2": 3101799127> (interval.py:215)
2025-12-15 12:59:10,838 - MainThread - sqlmesh.core.state_sync.db.interval - INFO - Pushing intervals for snapshot SnapshotId<"newbankingdemo"."gold"."customers_2": 1076732822> (interval.py:215)
2025-12-15 12:59:10,838 - MainThread - sqlmesh.core.state_sync.db.interval - INFO - Pushing intervals for snapshot SnapshotId<"newbankingdemo"."gold"."transactions_2": 4204978203> (interval.py:215)
2025-12-15 12:59:10,838 - MainThread - sqlmesh.core.state_sync.db.interval - INFO - Pushing intervals for snapshot SnapshotId<"newbankingdemo"."silver"."accounts_2": 341872557> (interval.py:215)
2025-12-15 12:59:10,838 - MainThread - sqlmesh.core.state_sync.db.interval - INFO - Pushing intervals for snapshot SnapshotId<"newbankingdemo"."silver"."customers_2": 95111029> (interval.py:215)
2025-12-15 12:59:10,838 - MainThread - sqlmesh.core.state_sync.db.interval - INFO - Pushing intervals for snapshot SnapshotId<"newbankingdemo"."silver"."transactions_2": 1157795900> (interval.py:215)
2025-12-15 12:59:15,106 - MainThread - databricks.sql.auth.retry - INFO - Received status code 200 for POST request (retry.py:355)
2025-12-15 12:59:15,106 - MainThread - databricks.sql.auth.thrift_http_client - INFO - HTTP Response with status code 200, message: OK (thrift_http_client.py:208)
2025-12-15 12:59:17,117 - MainThread - databricks.sql.auth.retry - INFO - Received status code 200 for POST request (retry.py:355)
2025-12-15 12:59:17,117 - MainThread - databricks.sql.auth.thrift_http_client - INFO - HTTP Response with status code 200, message: OK (thrift_http_client.py:208)
2025-12-15 12:59:20,065 - MainThread - databricks.sql.auth.retry - INFO - Received status code 200 for POST request (retry.py:355)
2025-12-15 12:59:20,065 - MainThread - databricks.sql.auth.thrift_http_client - INFO - HTTP Response with status code 200, message: OK (thrift_http_client.py:208)
2025-12-15 12:59:22,140 - MainThread - databricks.sql.auth.retry - INFO - Received status code 200 for POST request (retry.py:355)
2025-12-15 12:59:22,140 - MainThread - databricks.sql.auth.thrift_http_client - INFO - HTTP Response with status code 200, message: OK (thrift_http_client.py:208)
2025-12-15 12:59:23,923 - MainThread - databricks.sql.auth.retry - INFO - Received status code 200 for POST request (retry.py:355)
2025-12-15 12:59:23,923 - MainThread - databricks.sql.auth.thrift_http_client - INFO - HTTP Response with status code 200, message: OK (thrift_http_client.py:208)
2025-12-15 12:59:23,923 - MainThread - sqlmesh.core.state_sync.common - INFO - Cleaned up expired snapshots batch (janitor.py:179)
2025-12-15 12:59:24,096 - MainThread - databricks.sql.auth.retry - INFO - Received status code 200 for POST request (retry.py:355)
2025-12-15 12:59:24,096 - MainThread - databricks.sql.auth.thrift_http_client - INFO - HTTP Response with status code 200, message: OK (thrift_http_client.py:208)
2025-12-15 12:59:24,584 - MainThread - databricks.sql.auth.retry - INFO - Received status code 200 for POST request (retry.py:355)
2025-12-15 12:59:24,585 - MainThread - databricks.sql.auth.thrift_http_client - INFO - HTTP Response with status code 200, message: OK (thrift_http_client.py:208)
2025-12-15 12:59:24,591 - MainThread - sqlmesh.core.state_sync.common - INFO - Cleaned up 6 expired snapshots (janitor.py:181)
2025-12-15 12:59:25,293 - MainThread - databricks.sql.auth.retry - INFO - Received status code 200 for POST request (retry.py:355)
2025-12-15 12:59:25,293 - MainThread - databricks.sql.auth.thrift_http_client - INFO - HTTP Response with status code 200, message: OK (thrift_http_client.py:208)
2025-12-15 12:59:25,305 - MainThread - sqlmesh.core.state_sync.db.interval - INFO - Compacting 0 intervals for 0 snapshots (interval.py:130)
2025-12-15 12:59:25,712 - MainThread - databricks.sql.auth.retry - INFO - Received status code 200 for POST request (retry.py:355)
2025-12-15 12:59:25,712 - MainThread - databricks.sql.auth.thrift_http_client - INFO - HTTP Response with status code 200, message: OK (thrift_http_client.py:208)
2025-12-15 12:59:25,958 - MainThread - databricks.sql.auth.retry - INFO - Received status code 200 for POST request (retry.py:355)
2025-12-15 12:59:25,958 - MainThread - databricks.sql.auth.thrift_http_client - INFO - HTTP Response with status code 200, message: OK (thrift_http_client.py:208)
2025-12-15 12:59:26,685 - MainThread - databricks.sql.auth.retry - INFO - Received status code 200 for POST request (retry.py:355)
2025-12-15 12:59:26,685 - MainThread - databricks.sql.auth.thrift_http_client - INFO - HTTP Response with status code 200, message: OK (thrift_http_client.py:208)
2025-12-15 12:59:27,557 - MainThread - databricks.sql.auth.retry - INFO - Received status code 200 for POST request (retry.py:355)
2025-12-15 12:59:27,557 - MainThread - databricks.sql.auth.thrift_http_client - INFO - HTTP Response with status code 200, message: OK (thrift_http_client.py:208)
2025-12-15 12:59:27,788 - MainThread - databricks.sql.auth.retry - INFO - Received status code 200 for POST request (retry.py:355)
2025-12-15 12:59:27,788 - MainThread - databricks.sql.auth.thrift_http_client - INFO - HTTP Response with status code 200, message: OK (thrift_http_client.py:208)
2025-12-15 12:59:28,002 - MainThread - databricks.sql.auth.retry - INFO - Received status code 200 for POST request (retry.py:355)
2025-12-15 12:59:28,002 - MainThread - databricks.sql.auth.thrift_http_client - INFO - HTTP Response with status code 200, message: OK (thrift_http_client.py:208)
2025-12-15 12:59:28,923 - MainThread - databricks.sql.auth.retry - INFO - Received status code 200 for POST request (retry.py:355)
2025-12-15 12:59:28,923 - MainThread - databricks.sql.auth.thrift_http_client - INFO - HTTP Response with status code 200, message: OK (thrift_http_client.py:208)
2025-12-15 12:59:29,211 - MainThread - databricks.sql.auth.retry - INFO - Received status code 200 for POST request (retry.py:355)
2025-12-15 12:59:29,212 - MainThread - databricks.sql.auth.thrift_http_client - INFO - HTTP Response with status code 200, message: OK (thrift_http_client.py:208)
2025-12-15 12:59:29,232 - MainThread - sqlmesh.core.snapshot.evaluator - INFO - Listing data objects in schema newbankingdemo.sqlmesh__silver (evaluator.py:1616)
2025-12-15 12:59:29,235 - MainThread - sqlmesh.core.engine_adapter.base - INFO - Executing SQL: SELECT `table_name` AS `name`, `table_schema` AS `schema`, `table_catalog` AS `catalog`, CASE `table_type` WHEN 'VIEW' THEN 'view' WHEN 'MATERIALIZED_VIEW' THEN 'materialized_view' ELSE 'table' END AS `type` FROM `system`.`information_schema`.`tables` WHERE (`table_catalog` = 'newbankingdemo' AND `table_schema` = 'sqlmesh__silver') AND `table_name` IN ('silver__customers_2__562887494', 'silver__transactions_2__615368167', 'silver__accounts_2__3741260822') (base.py:2619)
2025-12-15 12:59:29,910 - MainThread - databricks.sql.auth.retry - INFO - Received status code 200 for POST request (retry.py:355)
2025-12-15 12:59:29,910 - MainThread - databricks.sql.auth.thrift_http_client - INFO - HTTP Response with status code 200, message: OK (thrift_http_client.py:208)
2025-12-15 12:59:29,932 - MainThread - sqlmesh.core.snapshot.evaluator - INFO - Listing data objects in schema newbankingdemo.sqlmesh__gold (evaluator.py:1616)
2025-12-15 12:59:29,938 - MainThread - sqlmesh.core.engine_adapter.base - INFO - Executing SQL: SELECT `table_name` AS `name`, `table_schema` AS `schema`, `table_catalog` AS `catalog`, CASE `table_type` WHEN 'VIEW' THEN 'view' WHEN 'MATERIALIZED_VIEW' THEN 'materialized_view' ELSE 'table' END AS `type` FROM `system`.`information_schema`.`tables` WHERE (`table_catalog` = 'newbankingdemo' AND `table_schema` = 'sqlmesh__gold') AND `table_name` IN ('gold__transactions_2__1721424202', 'gold__customers_2__2439568028', 'gold__accounts_2__2894313673') (base.py:2619)
2025-12-15 12:59:30,305 - MainThread - databricks.sql.auth.retry - INFO - Received status code 200 for POST request (retry.py:355)
2025-12-15 12:59:30,305 - MainThread - databricks.sql.auth.thrift_http_client - INFO - HTTP Response with status code 200, message: OK (thrift_http_client.py:208)
2025-12-15 12:59:30,514 - MainThread - databricks.sql.auth.retry - INFO - Received status code 200 for POST request (retry.py:355)
2025-12-15 12:59:30,514 - MainThread - databricks.sql.auth.thrift_http_client - INFO - HTTP Response with status code 200, message: OK (thrift_http_client.py:208)
2025-12-15 12:59:30,534 - MainThread - sqlmesh.core.snapshot.evaluator - INFO - Evaluating snapshot SnapshotId<"newbankingdemo"."silver"."accounts_2": 341872557> (evaluator.py:711)
2025-12-15 12:59:30,535 - MainThread - sqlmesh.core.engine_adapter.base - INFO - Executing SQL: USE CATALOG `newbankingdemo` (base.py:2619)
2025-12-15 12:59:30,722 - MainThread - databricks.sql.auth.retry - INFO - Received status code 200 for POST request (retry.py:355)
2025-12-15 12:59:30,722 - MainThread - databricks.sql.auth.thrift_http_client - INFO - HTTP Response with status code 200, message: OK (thrift_http_client.py:208)
2025-12-15 12:59:30,730 - MainThread - sqlmesh.core.snapshot.evaluator - INFO - Inserting data for snapshot SnapshotId<"newbankingdemo"."silver"."accounts_2": 341872557> (evaluator.py:952)
2025-12-15 12:59:30,730 - MainThread - sqlmesh.core.snapshot.evaluator - INFO - Inserting batch (2025-12-13 00:00:00, 2025-12-15 00:00:00) into newbankingdemo.sqlmesh__silver.silver__accounts_2__3741260822' (evaluator.py:984)
2025-12-15 12:59:30,743 - MainThread - sqlmesh.core.engine_adapter.base - INFO - Executing SQL: INSERT INTO `newbankingdemo`.`sqlmesh__silver`.`silver__accounts_2__3741260822` REPLACE WHERE TRUE SELECT CAST(`accountnumber` AS STRING) AS `accountnumber`, CAST(`customernumber` AS STRING) AS `customernumber`, CAST(`accountopeneddate` AS TIMESTAMP_NTZ) AS `accountopeneddate`, CAST(`startingbalance` AS DECIMAL(15, 2)) AS `startingbalance` FROM `newbankingdemo`.`bronze`.`accounts_2` AS `accounts_2` (base.py:2619)
2025-12-15 12:59:33,962 - MainThread - databricks.sql.auth.retry - INFO - Received status code 200 for POST request (retry.py:355)
2025-12-15 12:59:33,963 - MainThread - databricks.sql.auth.thrift_http_client - INFO - HTTP Response with status code 200, message: OK (thrift_http_client.py:208)
2025-12-15 12:59:33,978 - MainThread - sqlmesh.core.state_sync.db.facade - INFO - Adding interval (2025-12-13 00:00:00, 2025-12-15 00:00:00) for snapshot SnapshotId<"newbankingdemo"."silver"."accounts_2": 341872557> (facade.py:637)
2025-12-15 12:59:33,979 - MainThread - sqlmesh.core.state_sync.db.interval - INFO - Pushing intervals for snapshot SnapshotId<"newbankingdemo"."silver"."accounts_2": 341872557> (interval.py:215)
2025-12-15 12:59:36,060 - MainThread - databricks.sql.auth.retry - INFO - Received status code 200 for POST request (retry.py:355)
2025-12-15 12:59:36,060 - MainThread - databricks.sql.auth.thrift_http_client - INFO - HTTP Response with status code 200, message: OK (thrift_http_client.py:208)
2025-12-15 12:59:36,418 - MainThread - databricks.sql.auth.retry - INFO - Received status code 200 for POST request (retry.py:355)
2025-12-15 12:59:36,418 - MainThread - databricks.sql.auth.thrift_http_client - INFO - HTTP Response with status code 200, message: OK (thrift_http_client.py:208)
2025-12-15 12:59:36,452 - MainThread - sqlmesh.core.snapshot.evaluator - INFO - Evaluating snapshot SnapshotId<"newbankingdemo"."silver"."customers_2": 95111029> (evaluator.py:711)
2025-12-15 12:59:36,452 - MainThread - sqlmesh.core.engine_adapter.base - INFO - Executing SQL: USE CATALOG `newbankingdemo` (base.py:2619)
2025-12-15 12:59:36,641 - MainThread - databricks.sql.auth.retry - INFO - Received status code 200 for POST request (retry.py:355)
2025-12-15 12:59:36,641 - MainThread - databricks.sql.auth.thrift_http_client - INFO - HTTP Response with status code 200, message: OK (thrift_http_client.py:208)
2025-12-15 12:59:36,648 - MainThread - sqlmesh.core.snapshot.evaluator - INFO - Inserting data for snapshot SnapshotId<"newbankingdemo"."silver"."customers_2": 95111029> (evaluator.py:952)
2025-12-15 12:59:36,662 - MainThread - sqlmesh.core.snapshot.evaluator - INFO - Inserting batch (2025-12-13 00:00:00, 2025-12-15 00:00:00) into newbankingdemo.sqlmesh__silver.silver__customers_2__562887494' (evaluator.py:984)
2025-12-15 12:59:36,669 - MainThread - sqlmesh.core.engine_adapter.base - INFO - Executing SQL: INSERT INTO `newbankingdemo`.`sqlmesh__silver`.`silver__customers_2__562887494` REPLACE WHERE TRUE SELECT CAST(`customernumber` AS STRING) AS `customernumber`, CAST(`firstname` AS STRING) AS `firstname`, CAST(`surname` AS STRING) AS `surname`, CAST(`dateofbirth` AS DATE) AS `dateofbirth`, CAST(`gender` AS STRING) AS `gender`, CAST(`emailaddress` AS STRING) AS `emailaddress`, CAST(`ukpostcode` AS STRING) AS `ukpostcode`, CAST(`housenumber` AS STRING) AS `housenumber`, CAST(`streetaddress` AS STRING) AS `streetaddress`, CAST(`town` AS STRING) AS `town` FROM `newbankingdemo`.`bronze`.`customers_2` AS `customers_2` (base.py:2619)
2025-12-15 12:59:39,953 - MainThread - databricks.sql.auth.retry - INFO - Received status code 200 for POST request (retry.py:355)
2025-12-15 12:59:39,953 - MainThread - databricks.sql.auth.thrift_http_client - INFO - HTTP Response with status code 200, message: OK (thrift_http_client.py:208)
2025-12-15 12:59:39,962 - MainThread - sqlmesh.core.state_sync.db.facade - INFO - Adding interval (2025-12-13 00:00:00, 2025-12-15 00:00:00) for snapshot SnapshotId<"newbankingdemo"."silver"."customers_2": 95111029> (facade.py:637)
2025-12-15 12:59:39,963 - MainThread - sqlmesh.core.state_sync.db.interval - INFO - Pushing intervals for snapshot SnapshotId<"newbankingdemo"."silver"."customers_2": 95111029> (interval.py:215)
2025-12-15 12:59:42,365 - MainThread - databricks.sql.auth.retry - INFO - Received status code 200 for POST request (retry.py:355)
2025-12-15 12:59:42,365 - MainThread - databricks.sql.auth.thrift_http_client - INFO - HTTP Response with status code 200, message: OK (thrift_http_client.py:208)
2025-12-15 12:59:42,562 - MainThread - databricks.sql.auth.retry - INFO - Received status code 200 for POST request (retry.py:355)
2025-12-15 12:59:42,562 - MainThread - databricks.sql.auth.thrift_http_client - INFO - HTTP Response with status code 200, message: OK (thrift_http_client.py:208)
2025-12-15 12:59:42,599 - MainThread - sqlmesh.core.snapshot.evaluator - INFO - Evaluating snapshot SnapshotId<"newbankingdemo"."silver"."transactions_2": 1157795900> (evaluator.py:711)
2025-12-15 12:59:42,600 - MainThread - sqlmesh.core.engine_adapter.base - INFO - Executing SQL: USE CATALOG `newbankingdemo` (base.py:2619)
2025-12-15 12:59:42,780 - MainThread - databricks.sql.auth.retry - INFO - Received status code 200 for POST request (retry.py:355)
2025-12-15 12:59:42,780 - MainThread - databricks.sql.auth.thrift_http_client - INFO - HTTP Response with status code 200, message: OK (thrift_http_client.py:208)
2025-12-15 12:59:42,780 - MainThread - sqlmesh.core.snapshot.evaluator - INFO - Inserting data for snapshot SnapshotId<"newbankingdemo"."silver"."transactions_2": 1157795900> (evaluator.py:952)
2025-12-15 12:59:42,795 - MainThread - sqlmesh.core.snapshot.evaluator - INFO - Inserting batch (2025-12-13 00:00:00, 2025-12-15 00:00:00) into newbankingdemo.sqlmesh__silver.silver__transactions_2__615368167' (evaluator.py:984)
2025-12-15 12:59:42,795 - MainThread - sqlmesh.core.engine_adapter.base - INFO - Executing SQL: INSERT INTO `newbankingdemo`.`sqlmesh__silver`.`silver__transactions_2__615368167` REPLACE WHERE TRUE SELECT CAST(`accountnumber` AS STRING) AS `accountnumber`, CAST(`customernumber` AS STRING) AS `customernumber`, CAST(`transactiondate` AS TIMESTAMP_NTZ) AS `transactiondate`, CAST(`transactionamount` AS DECIMAL(15, 2)) AS `transactionamount` FROM `newbankingdemo`.`bronze`.`transactions_2` AS `transactions_2` (base.py:2619)
2025-12-15 12:59:46,044 - MainThread - databricks.sql.auth.retry - INFO - Received status code 200 for POST request (retry.py:355)
2025-12-15 12:59:46,044 - MainThread - databricks.sql.auth.thrift_http_client - INFO - HTTP Response with status code 200, message: OK (thrift_http_client.py:208)
2025-12-15 12:59:46,053 - MainThread - sqlmesh.core.state_sync.db.facade - INFO - Adding interval (2025-12-13 00:00:00, 2025-12-15 00:00:00) for snapshot SnapshotId<"newbankingdemo"."silver"."transactions_2": 1157795900> (facade.py:637)
2025-12-15 12:59:46,054 - MainThread - sqlmesh.core.state_sync.db.interval - INFO - Pushing intervals for snapshot SnapshotId<"newbankingdemo"."silver"."transactions_2": 1157795900> (interval.py:215)
2025-12-15 12:59:48,133 - MainThread - databricks.sql.auth.retry - INFO - Received status code 200 for POST request (retry.py:355)
2025-12-15 12:59:48,134 - MainThread - databricks.sql.auth.thrift_http_client - INFO - HTTP Response with status code 200, message: OK (thrift_http_client.py:208)
2025-12-15 12:59:48,440 - MainThread - databricks.sql.auth.retry - INFO - Received status code 200 for POST request (retry.py:355)
2025-12-15 12:59:48,440 - MainThread - databricks.sql.auth.thrift_http_client - INFO - HTTP Response with status code 200, message: OK (thrift_http_client.py:208)
2025-12-15 12:59:48,460 - MainThread - sqlmesh.core.snapshot.evaluator - INFO - Evaluating snapshot SnapshotId<"newbankingdemo"."gold"."accounts_2": 3101799127> (evaluator.py:711)
2025-12-15 12:59:48,460 - MainThread - sqlmesh.core.engine_adapter.base - INFO - Executing SQL: USE CATALOG `newbankingdemo` (base.py:2619)
2025-12-15 12:59:48,673 - MainThread - databricks.sql.auth.retry - INFO - Received status code 200 for POST request (retry.py:355)
2025-12-15 12:59:48,676 - MainThread - databricks.sql.auth.thrift_http_client - INFO - HTTP Response with status code 200, message: OK (thrift_http_client.py:208)
2025-12-15 12:59:48,682 - MainThread - sqlmesh.core.snapshot.evaluator - INFO - Inserting data for snapshot SnapshotId<"newbankingdemo"."gold"."accounts_2": 3101799127> (evaluator.py:952)
2025-12-15 12:59:48,693 - MainThread - sqlmesh.core.snapshot.evaluator - INFO - Inserting batch (2025-12-13 00:00:00, 2025-12-15 00:00:00) into newbankingdemo.sqlmesh__gold.gold__accounts_2__2894313673' (evaluator.py:984)
2025-12-15 12:59:48,709 - MainThread - sqlmesh.core.engine_adapter.base - INFO - Executing SQL: INSERT INTO `newbankingdemo`.`sqlmesh__gold`.`gold__accounts_2__2894313673` REPLACE WHERE TRUE SELECT CAST(`accounts_2`.`accountnumber` AS STRING) AS `accountnumber`, CAST(`accounts_2`.`customernumber` AS STRING) AS `customernumber`, CAST(YEAR(`accounts_2`.`accountopeneddate`) AS INT) AS `accountopenedyear`, CAST(MONTH(`accounts_2`.`accountopeneddate`) AS INT) AS `accountopenedmonth`, CAST(DAY(`accounts_2`.`accountopeneddate`) AS INT) AS `accountopenedday`, CAST(DAYNAME(`accounts_2`.`accountopeneddate`) AS STRING) AS `accountopeneddayname`, CAST(`accounts_2`.`startingbalance` AS DECIMAL(15, 2)) AS `startingbalance` FROM `newbankingdemo`.`sqlmesh__silver`.`silver__accounts_2__3741260822` AS `accounts_2` (base.py:2619)
2025-12-15 12:59:51,205 - MainThread - databricks.sql.auth.retry - INFO - Received status code 200 for POST request (retry.py:355)
2025-12-15 12:59:51,205 - MainThread - databricks.sql.auth.thrift_http_client - INFO - HTTP Response with status code 200, message: OK (thrift_http_client.py:208)
2025-12-15 12:59:51,221 - MainThread - sqlmesh.core.state_sync.db.facade - INFO - Adding interval (2025-12-13 00:00:00, 2025-12-15 00:00:00) for snapshot SnapshotId<"newbankingdemo"."gold"."accounts_2": 3101799127> (facade.py:637)
2025-12-15 12:59:51,221 - MainThread - sqlmesh.core.state_sync.db.interval - INFO - Pushing intervals for snapshot SnapshotId<"newbankingdemo"."gold"."accounts_2": 3101799127> (interval.py:215)
2025-12-15 12:59:53,587 - MainThread - databricks.sql.auth.retry - INFO - Received status code 200 for POST request (retry.py:355)
2025-12-15 12:59:53,587 - MainThread - databricks.sql.auth.thrift_http_client - INFO - HTTP Response with status code 200, message: OK (thrift_http_client.py:208)
2025-12-15 12:59:53,787 - MainThread - databricks.sql.auth.retry - INFO - Received status code 200 for POST request (retry.py:355)
2025-12-15 12:59:53,787 - MainThread - databricks.sql.auth.thrift_http_client - INFO - HTTP Response with status code 200, message: OK (thrift_http_client.py:208)
2025-12-15 12:59:53,815 - MainThread - sqlmesh.core.snapshot.evaluator - INFO - Evaluating snapshot SnapshotId<"newbankingdemo"."gold"."customers_2": 1076732822> (evaluator.py:711)
2025-12-15 12:59:53,819 - MainThread - sqlmesh.core.engine_adapter.base - INFO - Executing SQL: USE CATALOG `newbankingdemo` (base.py:2619)
2025-12-15 12:59:54,038 - MainThread - databricks.sql.auth.retry - INFO - Received status code 200 for POST request (retry.py:355)
2025-12-15 12:59:54,038 - MainThread - databricks.sql.auth.thrift_http_client - INFO - HTTP Response with status code 200, message: OK (thrift_http_client.py:208)
2025-12-15 12:59:54,038 - MainThread - sqlmesh.core.snapshot.evaluator - INFO - Inserting data for snapshot SnapshotId<"newbankingdemo"."gold"."customers_2": 1076732822> (evaluator.py:952)
2025-12-15 12:59:54,073 - MainThread - sqlmesh.core.snapshot.evaluator - INFO - Inserting batch (2025-12-13 00:00:00, 2025-12-15 00:00:00) into newbankingdemo.sqlmesh__gold.gold__customers_2__2439568028' (evaluator.py:984)
2025-12-15 12:59:54,073 - MainThread - sqlmesh.core.engine_adapter.base - INFO - Executing SQL: INSERT INTO `newbankingdemo`.`sqlmesh__gold`.`gold__customers_2__2439568028` REPLACE WHERE TRUE SELECT CAST(`customers_2`.`customernumber` AS STRING) AS `customernumber`, CAST(`customers_2`.`dateofbirth` AS DATE) AS `dateofbirth`, CAST(`customers_2`.`gender` AS STRING) AS `gender`, CAST(`customers_2`.`ukpostcode` AS STRING) AS `ukpostcode` FROM `newbankingdemo`.`sqlmesh__silver`.`silver__customers_2__562887494` AS `customers_2` (base.py:2619)
2025-12-15 12:59:56,512 - MainThread - databricks.sql.auth.retry - INFO - Received status code 200 for POST request (retry.py:355)
2025-12-15 12:59:56,512 - MainThread - databricks.sql.auth.thrift_http_client - INFO - HTTP Response with status code 200, message: OK (thrift_http_client.py:208)
2025-12-15 12:59:56,520 - MainThread - sqlmesh.core.state_sync.db.facade - INFO - Adding interval (2025-12-13 00:00:00, 2025-12-15 00:00:00) for snapshot SnapshotId<"newbankingdemo"."gold"."customers_2": 1076732822> (facade.py:637)
2025-12-15 12:59:56,534 - MainThread - sqlmesh.core.state_sync.db.interval - INFO - Pushing intervals for snapshot SnapshotId<"newbankingdemo"."gold"."customers_2": 1076732822> (interval.py:215)
2025-12-15 12:59:58,564 - MainThread - databricks.sql.auth.retry - INFO - Received status code 200 for POST request (retry.py:355)
2025-12-15 12:59:58,564 - MainThread - databricks.sql.auth.thrift_http_client - INFO - HTTP Response with status code 200, message: OK (thrift_http_client.py:208)
2025-12-15 12:59:58,752 - MainThread - databricks.sql.auth.retry - INFO - Received status code 200 for POST request (retry.py:355)
2025-12-15 12:59:58,752 - MainThread - databricks.sql.auth.thrift_http_client - INFO - HTTP Response with status code 200, message: OK (thrift_http_client.py:208)
2025-12-15 12:59:58,785 - MainThread - sqlmesh.core.snapshot.evaluator - INFO - Evaluating snapshot SnapshotId<"newbankingdemo"."gold"."transactions_2": 4204978203> (evaluator.py:711)
2025-12-15 12:59:58,787 - MainThread - sqlmesh.core.engine_adapter.base - INFO - Executing SQL: USE CATALOG `newbankingdemo` (base.py:2619)
2025-12-15 12:59:59,002 - MainThread - databricks.sql.auth.retry - INFO - Received status code 200 for POST request (retry.py:355)
2025-12-15 12:59:59,002 - MainThread - databricks.sql.auth.thrift_http_client - INFO - HTTP Response with status code 200, message: OK (thrift_http_client.py:208)
2025-12-15 12:59:59,018 - MainThread - sqlmesh.core.snapshot.evaluator - INFO - Inserting data for snapshot SnapshotId<"newbankingdemo"."gold"."transactions_2": 4204978203> (evaluator.py:952)
2025-12-15 12:59:59,038 - MainThread - sqlmesh.core.snapshot.evaluator - INFO - Inserting batch (2025-12-13 00:00:00, 2025-12-15 00:00:00) into newbankingdemo.sqlmesh__gold.gold__transactions_2__1721424202' (evaluator.py:984)
2025-12-15 12:59:59,038 - MainThread - sqlmesh.core.engine_adapter.base - INFO - Executing SQL: INSERT INTO `newbankingdemo`.`sqlmesh__gold`.`gold__transactions_2__1721424202` REPLACE WHERE TRUE SELECT CAST(`transactions_2`.`accountnumber` AS STRING) AS `accountnumber`, CAST(`transactions_2`.`customernumber` AS STRING) AS `customernumber`, CAST(YEAR(`transactions_2`.`transactiondate`) AS INT) AS `transactionyear`, CAST(MONTH(`transactions_2`.`transactiondate`) AS INT) AS `transactionmonth`, CAST(MONTHNAME(`transactions_2`.`transactiondate`) AS STRING) AS `transactionmonthname`, CAST(DAY(`transactions_2`.`transactiondate`) AS INT) AS `transactionday`, CAST(DAYNAME(`transactions_2`.`transactiondate`) AS STRING) AS `transactiondayname`, CAST(`transactions_2`.`transactionamount` AS DECIMAL(15, 2)) AS `transactionamount` FROM `newbankingdemo`.`sqlmesh__silver`.`silver__transactions_2__615368167` AS `transactions_2` (base.py:2619)
2025-12-15 13:00:02,057 - MainThread - databricks.sql.auth.retry - INFO - Received status code 200 for POST request (retry.py:355)
2025-12-15 13:00:02,057 - MainThread - databricks.sql.auth.thrift_http_client - INFO - HTTP Response with status code 200, message: OK (thrift_http_client.py:208)
2025-12-15 13:00:02,063 - MainThread - sqlmesh.core.state_sync.db.facade - INFO - Adding interval (2025-12-13 00:00:00, 2025-12-15 00:00:00) for snapshot SnapshotId<"newbankingdemo"."gold"."transactions_2": 4204978203> (facade.py:637)
2025-12-15 13:00:02,063 - MainThread - sqlmesh.core.state_sync.db.interval - INFO - Pushing intervals for snapshot SnapshotId<"newbankingdemo"."gold"."transactions_2": 4204978203> (interval.py:215)
2025-12-15 13:00:04,086 - MainThread - databricks.sql.auth.retry - INFO - Received status code 200 for POST request (retry.py:355)
2025-12-15 13:00:04,086 - MainThread - databricks.sql.auth.thrift_http_client - INFO - HTTP Response with status code 200, message: OK (thrift_http_client.py:208)
2025-12-15 13:00:04,112 - MainThread - databricks.sql.session - INFO - Closing session 01f0d9b5-d1b1-1de0-ab4e-e8c597817a77 (session.py:194)
2025-12-15 13:00:04,199 - MainThread - databricks.sql.auth.retry - INFO - Received status code 200 for POST request (retry.py:355)
2025-12-15 13:00:04,199 - MainThread - databricks.sql.auth.thrift_http_client - INFO - HTTP Response with status code 200, message: OK (thrift_http_client.py:208)
2025-12-15 13:00:04,200 - MainThread - databricks.sql.session - INFO - Closing session 01f0d9b5-cbcc-14b4-aa3e-a2ba080075d3 (session.py:194)
2025-12-15 13:00:04,269 - MainThread - databricks.sql.auth.retry - INFO - Received status code 200 for POST request (retry.py:355)
2025-12-15 13:00:04,269 - MainThread - databricks.sql.auth.thrift_http_client - INFO - HTTP Response with status code 200, message: OK (thrift_http_client.py:208)
2025-12-15 13:00:04,285 - MainThread - root - INFO - Shutting down the event dispatcher (dispatcher.py:159)
