2025-12-02 18:39:40,647 - MainThread - sqlmesh.core.console - WARNING - The databricks engine is not recommended for storing SQLMesh state in production deployments. Please see https://sqlmesh.readthedocs.io/en/stable/guides/configuration/#state-connection for a list of recommended engines and more information. (console.py:2335)
2025-12-02 18:39:40,833 - MainThread - databricks.sql.session - WARNING - [WARN] Parameter '_user_agent_entry' is deprecated; use 'user_agent_entry' instead. This parameter will be removed in the upcoming releases. (session.py:55)
2025-12-02 18:39:41,348 - MainThread - databricks.sql.auth.retry - INFO - Received status code 200 for POST request (retry.py:355)
2025-12-02 18:39:41,348 - MainThread - databricks.sql.auth.thrift_http_client - INFO - HTTP Response with status code 200, message: OK (thrift_http_client.py:208)
2025-12-02 18:39:41,362 - MainThread - databricks.sql.session - INFO - Successfully opened session 01f0cfae-43f6-11ed-8e4b-2f875be453d1 (session.py:143)
2025-12-02 18:39:41,462 - MainThread - databricks.sql.auth.retry - INFO - Received status code 200 for POST request (retry.py:355)
2025-12-02 18:39:41,462 - MainThread - databricks.sql.auth.thrift_http_client - INFO - HTTP Response with status code 200, message: OK (thrift_http_client.py:208)
2025-12-02 18:39:50,595 - MainThread - databricks.sql.auth.retry - INFO - Received status code 200 for POST request (retry.py:355)
2025-12-02 18:39:50,595 - MainThread - databricks.sql.auth.thrift_http_client - INFO - HTTP Response with status code 200, message: OK (thrift_http_client.py:208)
2025-12-02 18:39:55,868 - MainThread - databricks.sql.auth.retry - INFO - Received status code 200 for POST request (retry.py:355)
2025-12-02 18:39:55,868 - MainThread - databricks.sql.auth.thrift_http_client - INFO - HTTP Response with status code 200, message: OK (thrift_http_client.py:208)
2025-12-02 18:39:56,501 - MainThread - databricks.sql.auth.retry - INFO - Received status code 200 for POST request (retry.py:355)
2025-12-02 18:39:56,501 - MainThread - databricks.sql.auth.thrift_http_client - INFO - HTTP Response with status code 200, message: OK (thrift_http_client.py:208)
2025-12-02 18:39:56,731 - MainThread - databricks.sql.auth.retry - INFO - Received status code 200 for POST request (retry.py:355)
2025-12-02 18:39:56,731 - MainThread - databricks.sql.auth.thrift_http_client - INFO - HTTP Response with status code 200, message: OK (thrift_http_client.py:208)
2025-12-02 18:39:57,103 - MainThread - databricks.sql.auth.retry - INFO - Received status code 200 for POST request (retry.py:355)
2025-12-02 18:39:57,103 - MainThread - databricks.sql.auth.thrift_http_client - INFO - HTTP Response with status code 200, message: OK (thrift_http_client.py:208)
2025-12-02 18:39:57,262 - MainThread - databricks.sql.auth.retry - INFO - Received status code 200 for POST request (retry.py:355)
2025-12-02 18:39:57,262 - MainThread - databricks.sql.auth.thrift_http_client - INFO - HTTP Response with status code 200, message: OK (thrift_http_client.py:208)
2025-12-02 18:40:02,192 - MainThread - databricks.sql.auth.retry - INFO - Received status code 200 for POST request (retry.py:355)
2025-12-02 18:40:02,192 - MainThread - databricks.sql.auth.thrift_http_client - INFO - HTTP Response with status code 200, message: OK (thrift_http_client.py:208)
2025-12-02 18:40:02,560 - MainThread - databricks.sql.auth.retry - INFO - Received status code 200 for POST request (retry.py:355)
2025-12-02 18:40:02,560 - MainThread - databricks.sql.auth.thrift_http_client - INFO - HTTP Response with status code 200, message: OK (thrift_http_client.py:208)
2025-12-02 18:40:02,901 - MainThread - databricks.sql.auth.retry - INFO - Received status code 200 for POST request (retry.py:355)
2025-12-02 18:40:02,916 - MainThread - databricks.sql.auth.thrift_http_client - INFO - HTTP Response with status code 200, message: OK (thrift_http_client.py:208)
2025-12-02 18:40:04,758 - MainThread - databricks.sql.auth.retry - INFO - Received status code 200 for POST request (retry.py:355)
2025-12-02 18:40:04,758 - MainThread - databricks.sql.auth.thrift_http_client - INFO - HTTP Response with status code 200, message: OK (thrift_http_client.py:208)
2025-12-02 18:40:09,248 - MainThread - databricks.sql.auth.retry - INFO - Received status code 200 for POST request (retry.py:355)
2025-12-02 18:40:09,248 - MainThread - databricks.sql.auth.thrift_http_client - INFO - HTTP Response with status code 200, message: OK (thrift_http_client.py:208)
2025-12-02 18:40:10,255 - MainThread - databricks.sql.auth.retry - INFO - Received status code 200 for POST request (retry.py:355)
2025-12-02 18:40:10,255 - MainThread - databricks.sql.auth.thrift_http_client - INFO - HTTP Response with status code 200, message: OK (thrift_http_client.py:208)
2025-12-02 18:40:11,631 - MainThread - databricks.sql.auth.retry - INFO - Received status code 200 for POST request (retry.py:355)
2025-12-02 18:40:11,631 - MainThread - databricks.sql.auth.thrift_http_client - INFO - HTTP Response with status code 200, message: OK (thrift_http_client.py:208)
2025-12-02 18:40:12,749 - MainThread - databricks.sql.auth.retry - INFO - Received status code 200 for POST request (retry.py:355)
2025-12-02 18:40:12,749 - MainThread - databricks.sql.auth.thrift_http_client - INFO - HTTP Response with status code 200, message: OK (thrift_http_client.py:208)
2025-12-02 18:40:13,425 - MainThread - databricks.sql.auth.retry - INFO - Received status code 200 for POST request (retry.py:355)
2025-12-02 18:40:13,425 - MainThread - databricks.sql.auth.thrift_http_client - INFO - HTTP Response with status code 200, message: OK (thrift_http_client.py:208)
2025-12-02 18:40:15,235 - MainThread - databricks.sql.auth.retry - INFO - Received status code 200 for POST request (retry.py:355)
2025-12-02 18:40:15,235 - MainThread - databricks.sql.auth.thrift_http_client - INFO - HTTP Response with status code 200, message: OK (thrift_http_client.py:208)
2025-12-02 18:40:15,592 - MainThread - databricks.sql.auth.retry - INFO - Received status code 200 for POST request (retry.py:355)
2025-12-02 18:40:15,592 - MainThread - databricks.sql.auth.thrift_http_client - INFO - HTTP Response with status code 200, message: OK (thrift_http_client.py:208)
2025-12-02 18:40:29,929 - MainThread - databricks.sql.auth.retry - INFO - Received status code 200 for POST request (retry.py:355)
2025-12-02 18:40:29,929 - MainThread - databricks.sql.auth.thrift_http_client - INFO - HTTP Response with status code 200, message: OK (thrift_http_client.py:208)
2025-12-02 18:40:30,999 - MainThread - databricks.sql.auth.retry - INFO - Received status code 200 for POST request (retry.py:355)
2025-12-02 18:40:31,011 - MainThread - databricks.sql.auth.thrift_http_client - INFO - HTTP Response with status code 200, message: OK (thrift_http_client.py:208)
2025-12-02 18:40:31,043 - MainThread - sqlmesh.core.plan.evaluator - INFO - Evaluating plan stage CreateSnapshotRecordsStage (evaluator.py:123)
2025-12-02 18:40:31,484 - MainThread - databricks.sql.auth.retry - INFO - Received status code 200 for POST request (retry.py:355)
2025-12-02 18:40:31,484 - MainThread - databricks.sql.auth.thrift_http_client - INFO - HTTP Response with status code 200, message: OK (thrift_http_client.py:208)
2025-12-02 18:40:36,118 - MainThread - databricks.sql.auth.retry - INFO - Received status code 200 for POST request (retry.py:355)
2025-12-02 18:40:36,119 - MainThread - databricks.sql.auth.thrift_http_client - INFO - HTTP Response with status code 200, message: OK (thrift_http_client.py:208)
2025-12-02 18:40:36,141 - MainThread - sqlmesh.core.plan.evaluator - INFO - Evaluating plan stage PhysicalLayerSchemaCreationStage (evaluator.py:123)
2025-12-02 18:40:36,141 - MainThread - sqlmesh.core.snapshot.evaluator - INFO - Creating schema 'newbankingdemo.sqlmesh__silver' (evaluator.py:1449)
2025-12-02 18:40:36,141 - MainThread - sqlmesh.core.engine_adapter.base - INFO - Executing SQL: /* SQLMESH_PLAN: 8eb0f99b961a4e28b2391086ae52806e */ CREATE SCHEMA IF NOT EXISTS `newbankingdemo`.`sqlmesh__silver` (base.py:2619)
2025-12-02 18:40:36,155 - MainThread - databricks.sql.session - WARNING - [WARN] Parameter '_user_agent_entry' is deprecated; use 'user_agent_entry' instead. This parameter will be removed in the upcoming releases. (session.py:55)
2025-12-02 18:40:36,417 - MainThread - databricks.sql.auth.retry - INFO - Received status code 200 for POST request (retry.py:355)
2025-12-02 18:40:36,417 - MainThread - databricks.sql.auth.thrift_http_client - INFO - HTTP Response with status code 200, message: OK (thrift_http_client.py:208)
2025-12-02 18:40:36,417 - MainThread - databricks.sql.session - INFO - Successfully opened session 01f0cfae-64d6-1406-85cc-39fde0fe8e5a (session.py:143)
2025-12-02 18:40:36,824 - MainThread - databricks.sql.auth.retry - INFO - Received status code 200 for POST request (retry.py:355)
2025-12-02 18:40:36,824 - MainThread - databricks.sql.auth.thrift_http_client - INFO - HTTP Response with status code 200, message: OK (thrift_http_client.py:208)
2025-12-02 18:40:36,842 - MainThread - sqlmesh.core.snapshot.evaluator - INFO - Creating schema 'newbankingdemo.sqlmesh__gold' (evaluator.py:1449)
2025-12-02 18:40:36,844 - MainThread - sqlmesh.core.engine_adapter.base - INFO - Executing SQL: /* SQLMESH_PLAN: 8eb0f99b961a4e28b2391086ae52806e */ CREATE SCHEMA IF NOT EXISTS `newbankingdemo`.`sqlmesh__gold` (base.py:2619)
2025-12-02 18:40:37,310 - MainThread - databricks.sql.auth.retry - INFO - Received status code 200 for POST request (retry.py:355)
2025-12-02 18:40:37,310 - MainThread - databricks.sql.auth.thrift_http_client - INFO - HTTP Response with status code 200, message: OK (thrift_http_client.py:208)
2025-12-02 18:40:37,310 - MainThread - sqlmesh.core.plan.evaluator - INFO - Evaluating plan stage BackfillStage (evaluator.py:123)
2025-12-02 18:40:37,314 - MainThread - sqlmesh.core.snapshot.evaluator - INFO - Listing data objects in schema newbankingdemo.sqlmesh__gold (evaluator.py:1616)
2025-12-02 18:40:37,318 - MainThread - sqlmesh.core.engine_adapter.base - INFO - Executing SQL: /* SQLMESH_PLAN: 8eb0f99b961a4e28b2391086ae52806e */ SELECT `table_name` AS `name`, `table_schema` AS `schema`, `table_catalog` AS `catalog`, CASE `table_type` WHEN 'VIEW' THEN 'view' WHEN 'MATERIALIZED_VIEW' THEN 'materialized_view' ELSE 'table' END AS `type` FROM `system`.`information_schema`.`tables` WHERE (`table_catalog` = 'newbankingdemo' AND `table_schema` = 'sqlmesh__gold') AND `table_name` IN ('gold__customers_2__2439568028', 'gold__transactions_2__2629782491', 'gold__accounts_2__2894313673') (base.py:2619)
2025-12-02 18:40:37,904 - MainThread - databricks.sql.auth.retry - INFO - Received status code 200 for POST request (retry.py:355)
2025-12-02 18:40:37,904 - MainThread - databricks.sql.auth.thrift_http_client - INFO - HTTP Response with status code 200, message: OK (thrift_http_client.py:208)
2025-12-02 18:40:37,915 - MainThread - sqlmesh.core.snapshot.evaluator - INFO - Evaluating snapshot SnapshotId<"newbankingdemo"."gold"."accounts_2": 3101799127> (evaluator.py:711)
2025-12-02 18:40:37,915 - MainThread - sqlmesh.core.engine_adapter.base - INFO - Executing SQL: /* SQLMESH_PLAN: 8eb0f99b961a4e28b2391086ae52806e */ USE CATALOG `newbankingdemo` (base.py:2619)
2025-12-02 18:40:38,141 - MainThread - databricks.sql.auth.retry - INFO - Received status code 200 for POST request (retry.py:355)
2025-12-02 18:40:38,141 - MainThread - databricks.sql.auth.thrift_http_client - INFO - HTTP Response with status code 200, message: OK (thrift_http_client.py:208)
2025-12-02 18:40:38,141 - MainThread - sqlmesh.core.snapshot.evaluator - INFO - Inserting data for snapshot SnapshotId<"newbankingdemo"."gold"."accounts_2": 3101799127> (evaluator.py:952)
2025-12-02 18:40:38,172 - MainThread - sqlmesh.core.snapshot.evaluator - INFO - Inserting batch (2025-12-01 00:00:00, 2025-12-02 00:00:00) into newbankingdemo.sqlmesh__gold.gold__accounts_2__2894313673' (evaluator.py:984)
2025-12-02 18:40:38,183 - MainThread - sqlmesh.core.engine_adapter.base - INFO - Executing SQL: /* SQLMESH_PLAN: 8eb0f99b961a4e28b2391086ae52806e */ CREATE TABLE IF NOT EXISTS `newbankingdemo`.`sqlmesh__gold`.`gold__accounts_2__2894313673` AS SELECT CAST(`accountnumber` AS STRING) AS `accountnumber`, CAST(`customernumber` AS STRING) AS `customernumber`, CAST(`accountopenedyear` AS INT) AS `accountopenedyear`, CAST(`accountopenedmonth` AS INT) AS `accountopenedmonth`, CAST(`accountopenedday` AS INT) AS `accountopenedday`, CAST(`accountopeneddayname` AS STRING) AS `accountopeneddayname`, CAST(`startingbalance` AS DECIMAL(15, 2)) AS `startingbalance` FROM (SELECT CAST(`accounts_2`.`accountnumber` AS STRING) AS `accountnumber`, CAST(`accounts_2`.`customernumber` AS STRING) AS `customernumber`, CAST(YEAR(`accounts_2`.`accountopeneddate`) AS INT) AS `accountopenedyear`, CAST(MONTH(`accounts_2`.`accountopeneddate`) AS INT) AS `accountopenedmonth`, CAST(DAY(`accounts_2`.`accountopeneddate`) AS INT) AS `accountopenedday`, CAST(DAYNAME(`accounts_2`.`accountopeneddate`) AS STRING) AS `accountopeneddayname`, CAST(`accounts_2`.`startingbalance` AS DECIMAL(15, 2)) AS `startingbalance` FROM `newbankingdemo`.`sqlmesh__silver`.`silver__accounts_2__3741260822` AS `accounts_2`) AS `_subquery` (base.py:2619)
2025-12-02 18:40:42,475 - MainThread - databricks.sql.auth.retry - INFO - Received status code 200 for POST request (retry.py:355)
2025-12-02 18:40:42,475 - MainThread - databricks.sql.auth.thrift_http_client - INFO - HTTP Response with status code 200, message: OK (thrift_http_client.py:208)
2025-12-02 18:40:42,486 - MainThread - sqlmesh.core.engine_adapter.base - INFO - Executing SQL: /* SQLMESH_PLAN: 8eb0f99b961a4e28b2391086ae52806e */ SELECT CURRENT_CATALOG() (base.py:2619)
2025-12-02 18:40:42,736 - MainThread - databricks.sql.auth.retry - INFO - Received status code 200 for POST request (retry.py:355)
2025-12-02 18:40:42,736 - MainThread - databricks.sql.auth.thrift_http_client - INFO - HTTP Response with status code 200, message: OK (thrift_http_client.py:208)
2025-12-02 18:40:42,745 - MainThread - sqlmesh.core.engine_adapter.base - INFO - Executing SQL: /* SQLMESH_PLAN: 8eb0f99b961a4e28b2391086ae52806e */ ALTER TABLE `newbankingdemo`.`sqlmesh__gold`.`gold__accounts_2__2894313673` ALTER COLUMN `accountnumber` COMMENT 'The Account Number of the account' (base.py:2619)
2025-12-02 18:40:43,959 - MainThread - databricks.sql.auth.retry - INFO - Received status code 200 for POST request (retry.py:355)
2025-12-02 18:40:43,960 - MainThread - databricks.sql.auth.thrift_http_client - INFO - HTTP Response with status code 200, message: OK (thrift_http_client.py:208)
2025-12-02 18:40:43,967 - MainThread - sqlmesh.core.engine_adapter.base - INFO - Executing SQL: /* SQLMESH_PLAN: 8eb0f99b961a4e28b2391086ae52806e */ SELECT CURRENT_CATALOG() (base.py:2619)
2025-12-02 18:40:44,143 - MainThread - databricks.sql.auth.retry - INFO - Received status code 200 for POST request (retry.py:355)
2025-12-02 18:40:44,143 - MainThread - databricks.sql.auth.thrift_http_client - INFO - HTTP Response with status code 200, message: OK (thrift_http_client.py:208)
2025-12-02 18:40:44,156 - MainThread - sqlmesh.core.engine_adapter.base - INFO - Executing SQL: /* SQLMESH_PLAN: 8eb0f99b961a4e28b2391086ae52806e */ ALTER TABLE `newbankingdemo`.`sqlmesh__gold`.`gold__accounts_2__2894313673` ALTER COLUMN `customernumber` COMMENT 'The Customer Number of the account owner' (base.py:2619)
2025-12-02 18:40:45,151 - MainThread - databricks.sql.auth.retry - INFO - Received status code 200 for POST request (retry.py:355)
2025-12-02 18:40:45,151 - MainThread - databricks.sql.auth.thrift_http_client - INFO - HTTP Response with status code 200, message: OK (thrift_http_client.py:208)
2025-12-02 18:40:45,167 - MainThread - sqlmesh.core.engine_adapter.base - INFO - Executing SQL: /* SQLMESH_PLAN: 8eb0f99b961a4e28b2391086ae52806e */ SELECT CURRENT_CATALOG() (base.py:2619)
2025-12-02 18:40:45,399 - MainThread - databricks.sql.auth.retry - INFO - Received status code 200 for POST request (retry.py:355)
2025-12-02 18:40:45,399 - MainThread - databricks.sql.auth.thrift_http_client - INFO - HTTP Response with status code 200, message: OK (thrift_http_client.py:208)
2025-12-02 18:40:45,410 - MainThread - sqlmesh.core.engine_adapter.base - INFO - Executing SQL: /* SQLMESH_PLAN: 8eb0f99b961a4e28b2391086ae52806e */ ALTER TABLE `newbankingdemo`.`sqlmesh__gold`.`gold__accounts_2__2894313673` ALTER COLUMN `accountopenedyear` COMMENT 'The Year the account was opened' (base.py:2619)
2025-12-02 18:40:46,563 - MainThread - databricks.sql.auth.retry - INFO - Received status code 200 for POST request (retry.py:355)
2025-12-02 18:40:46,565 - MainThread - databricks.sql.auth.thrift_http_client - INFO - HTTP Response with status code 200, message: OK (thrift_http_client.py:208)
2025-12-02 18:40:46,567 - MainThread - sqlmesh.core.engine_adapter.base - INFO - Executing SQL: /* SQLMESH_PLAN: 8eb0f99b961a4e28b2391086ae52806e */ SELECT CURRENT_CATALOG() (base.py:2619)
2025-12-02 18:40:46,721 - MainThread - databricks.sql.auth.retry - INFO - Received status code 200 for POST request (retry.py:355)
2025-12-02 18:40:46,721 - MainThread - databricks.sql.auth.thrift_http_client - INFO - HTTP Response with status code 200, message: OK (thrift_http_client.py:208)
2025-12-02 18:40:46,728 - MainThread - sqlmesh.core.engine_adapter.base - INFO - Executing SQL: /* SQLMESH_PLAN: 8eb0f99b961a4e28b2391086ae52806e */ ALTER TABLE `newbankingdemo`.`sqlmesh__gold`.`gold__accounts_2__2894313673` ALTER COLUMN `accountopenedmonth` COMMENT 'The Month the account was opened' (base.py:2619)
2025-12-02 18:40:47,669 - MainThread - databricks.sql.auth.retry - INFO - Received status code 200 for POST request (retry.py:355)
2025-12-02 18:40:47,669 - MainThread - databricks.sql.auth.thrift_http_client - INFO - HTTP Response with status code 200, message: OK (thrift_http_client.py:208)
2025-12-02 18:40:47,671 - MainThread - sqlmesh.core.engine_adapter.base - INFO - Executing SQL: /* SQLMESH_PLAN: 8eb0f99b961a4e28b2391086ae52806e */ SELECT CURRENT_CATALOG() (base.py:2619)
2025-12-02 18:40:47,873 - MainThread - databricks.sql.auth.retry - INFO - Received status code 200 for POST request (retry.py:355)
2025-12-02 18:40:47,873 - MainThread - databricks.sql.auth.thrift_http_client - INFO - HTTP Response with status code 200, message: OK (thrift_http_client.py:208)
2025-12-02 18:40:47,882 - MainThread - sqlmesh.core.engine_adapter.base - INFO - Executing SQL: /* SQLMESH_PLAN: 8eb0f99b961a4e28b2391086ae52806e */ ALTER TABLE `newbankingdemo`.`sqlmesh__gold`.`gold__accounts_2__2894313673` ALTER COLUMN `accountopenedday` COMMENT 'The Day the account was opened' (base.py:2619)
2025-12-02 18:40:48,757 - MainThread - databricks.sql.auth.retry - INFO - Received status code 200 for POST request (retry.py:355)
2025-12-02 18:40:48,757 - MainThread - databricks.sql.auth.thrift_http_client - INFO - HTTP Response with status code 200, message: OK (thrift_http_client.py:208)
2025-12-02 18:40:48,759 - MainThread - sqlmesh.core.engine_adapter.base - INFO - Executing SQL: /* SQLMESH_PLAN: 8eb0f99b961a4e28b2391086ae52806e */ SELECT CURRENT_CATALOG() (base.py:2619)
2025-12-02 18:40:48,953 - MainThread - databricks.sql.auth.retry - INFO - Received status code 200 for POST request (retry.py:355)
2025-12-02 18:40:48,953 - MainThread - databricks.sql.auth.thrift_http_client - INFO - HTTP Response with status code 200, message: OK (thrift_http_client.py:208)
2025-12-02 18:40:48,972 - MainThread - sqlmesh.core.engine_adapter.base - INFO - Executing SQL: /* SQLMESH_PLAN: 8eb0f99b961a4e28b2391086ae52806e */ ALTER TABLE `newbankingdemo`.`sqlmesh__gold`.`gold__accounts_2__2894313673` ALTER COLUMN `accountopeneddayname` COMMENT 'The Day Name the account was opened' (base.py:2619)
2025-12-02 18:40:49,856 - MainThread - databricks.sql.auth.retry - INFO - Received status code 200 for POST request (retry.py:355)
2025-12-02 18:40:49,856 - MainThread - databricks.sql.auth.thrift_http_client - INFO - HTTP Response with status code 200, message: OK (thrift_http_client.py:208)
2025-12-02 18:40:49,863 - MainThread - sqlmesh.core.engine_adapter.base - INFO - Executing SQL: /* SQLMESH_PLAN: 8eb0f99b961a4e28b2391086ae52806e */ SELECT CURRENT_CATALOG() (base.py:2619)
2025-12-02 18:40:50,050 - MainThread - databricks.sql.auth.retry - INFO - Received status code 200 for POST request (retry.py:355)
2025-12-02 18:40:50,050 - MainThread - databricks.sql.auth.thrift_http_client - INFO - HTTP Response with status code 200, message: OK (thrift_http_client.py:208)
2025-12-02 18:40:50,060 - MainThread - sqlmesh.core.engine_adapter.base - INFO - Executing SQL: /* SQLMESH_PLAN: 8eb0f99b961a4e28b2391086ae52806e */ ALTER TABLE `newbankingdemo`.`sqlmesh__gold`.`gold__accounts_2__2894313673` ALTER COLUMN `startingbalance` COMMENT 'The balance when the account was initially opened' (base.py:2619)
2025-12-02 18:40:50,877 - MainThread - databricks.sql.auth.retry - INFO - Received status code 200 for POST request (retry.py:355)
2025-12-02 18:40:50,878 - MainThread - databricks.sql.auth.thrift_http_client - INFO - HTTP Response with status code 200, message: OK (thrift_http_client.py:208)
2025-12-02 18:40:50,881 - MainThread - sqlmesh.core.state_sync.db.facade - INFO - Adding interval (2025-12-01 00:00:00, 2025-12-02 00:00:00) for snapshot SnapshotId<"newbankingdemo"."gold"."accounts_2": 3101799127> (facade.py:637)
2025-12-02 18:40:50,881 - MainThread - sqlmesh.core.state_sync.db.interval - INFO - Pushing intervals for snapshot SnapshotId<"newbankingdemo"."gold"."accounts_2": 3101799127> (interval.py:215)
2025-12-02 18:40:52,861 - MainThread - databricks.sql.auth.retry - INFO - Received status code 200 for POST request (retry.py:355)
2025-12-02 18:40:52,861 - MainThread - databricks.sql.auth.thrift_http_client - INFO - HTTP Response with status code 200, message: OK (thrift_http_client.py:208)
2025-12-02 18:40:52,885 - MainThread - sqlmesh.core.snapshot.evaluator - INFO - Evaluating snapshot SnapshotId<"newbankingdemo"."gold"."customers_2": 1076732822> (evaluator.py:711)
2025-12-02 18:40:52,892 - MainThread - sqlmesh.core.engine_adapter.base - INFO - Executing SQL: /* SQLMESH_PLAN: 8eb0f99b961a4e28b2391086ae52806e */ USE CATALOG `newbankingdemo` (base.py:2619)
2025-12-02 18:40:53,118 - MainThread - databricks.sql.auth.retry - INFO - Received status code 200 for POST request (retry.py:355)
2025-12-02 18:40:53,118 - MainThread - databricks.sql.auth.thrift_http_client - INFO - HTTP Response with status code 200, message: OK (thrift_http_client.py:208)
2025-12-02 18:40:53,124 - MainThread - sqlmesh.core.snapshot.evaluator - INFO - Inserting data for snapshot SnapshotId<"newbankingdemo"."gold"."customers_2": 1076732822> (evaluator.py:952)
2025-12-02 18:40:53,141 - MainThread - sqlmesh.core.snapshot.evaluator - INFO - Inserting batch (2025-12-01 00:00:00, 2025-12-02 00:00:00) into newbankingdemo.sqlmesh__gold.gold__customers_2__2439568028' (evaluator.py:984)
2025-12-02 18:40:53,144 - MainThread - sqlmesh.core.engine_adapter.base - INFO - Executing SQL: /* SQLMESH_PLAN: 8eb0f99b961a4e28b2391086ae52806e */ CREATE TABLE IF NOT EXISTS `newbankingdemo`.`sqlmesh__gold`.`gold__customers_2__2439568028` AS SELECT CAST(`customernumber` AS STRING) AS `customernumber`, CAST(`dateofbirth` AS DATE) AS `dateofbirth`, CAST(`gender` AS STRING) AS `gender`, CAST(`ukpostcode` AS STRING) AS `ukpostcode` FROM (SELECT CAST(`customers_2`.`customernumber` AS STRING) AS `customernumber`, CAST(`customers_2`.`dateofbirth` AS DATE) AS `dateofbirth`, CAST(`customers_2`.`gender` AS STRING) AS `gender`, CAST(`customers_2`.`ukpostcode` AS STRING) AS `ukpostcode` FROM `newbankingdemo`.`sqlmesh__silver`.`silver__customers_2__562887494` AS `customers_2`) AS `_subquery` (base.py:2619)
2025-12-02 18:40:56,361 - MainThread - databricks.sql.auth.retry - INFO - Received status code 200 for POST request (retry.py:355)
2025-12-02 18:40:56,361 - MainThread - databricks.sql.auth.thrift_http_client - INFO - HTTP Response with status code 200, message: OK (thrift_http_client.py:208)
2025-12-02 18:40:56,383 - MainThread - sqlmesh.core.engine_adapter.base - INFO - Executing SQL: /* SQLMESH_PLAN: 8eb0f99b961a4e28b2391086ae52806e */ SELECT CURRENT_CATALOG() (base.py:2619)
2025-12-02 18:40:56,619 - MainThread - databricks.sql.auth.retry - INFO - Received status code 200 for POST request (retry.py:355)
2025-12-02 18:40:56,619 - MainThread - databricks.sql.auth.thrift_http_client - INFO - HTTP Response with status code 200, message: OK (thrift_http_client.py:208)
2025-12-02 18:40:56,628 - MainThread - sqlmesh.core.engine_adapter.base - INFO - Executing SQL: /* SQLMESH_PLAN: 8eb0f99b961a4e28b2391086ae52806e */ ALTER TABLE `newbankingdemo`.`sqlmesh__gold`.`gold__customers_2__2439568028` ALTER COLUMN `customernumber` COMMENT 'The Customer Number of the Account holder' (base.py:2619)
2025-12-02 18:40:57,526 - MainThread - databricks.sql.auth.retry - INFO - Received status code 200 for POST request (retry.py:355)
2025-12-02 18:40:57,526 - MainThread - databricks.sql.auth.thrift_http_client - INFO - HTTP Response with status code 200, message: OK (thrift_http_client.py:208)
2025-12-02 18:40:57,531 - MainThread - sqlmesh.core.engine_adapter.base - INFO - Executing SQL: /* SQLMESH_PLAN: 8eb0f99b961a4e28b2391086ae52806e */ SELECT CURRENT_CATALOG() (base.py:2619)
2025-12-02 18:40:57,810 - MainThread - databricks.sql.auth.retry - INFO - Received status code 200 for POST request (retry.py:355)
2025-12-02 18:40:57,810 - MainThread - databricks.sql.auth.thrift_http_client - INFO - HTTP Response with status code 200, message: OK (thrift_http_client.py:208)
2025-12-02 18:40:57,824 - MainThread - sqlmesh.core.engine_adapter.base - INFO - Executing SQL: /* SQLMESH_PLAN: 8eb0f99b961a4e28b2391086ae52806e */ ALTER TABLE `newbankingdemo`.`sqlmesh__gold`.`gold__customers_2__2439568028` ALTER COLUMN `dateofbirth` COMMENT 'The Date of Birth of Account Holder' (base.py:2619)
2025-12-02 18:40:58,772 - MainThread - databricks.sql.auth.retry - INFO - Received status code 200 for POST request (retry.py:355)
2025-12-02 18:40:58,772 - MainThread - databricks.sql.auth.thrift_http_client - INFO - HTTP Response with status code 200, message: OK (thrift_http_client.py:208)
2025-12-02 18:40:58,789 - MainThread - sqlmesh.core.engine_adapter.base - INFO - Executing SQL: /* SQLMESH_PLAN: 8eb0f99b961a4e28b2391086ae52806e */ SELECT CURRENT_CATALOG() (base.py:2619)
2025-12-02 18:40:59,047 - MainThread - databricks.sql.auth.retry - INFO - Received status code 200 for POST request (retry.py:355)
2025-12-02 18:40:59,047 - MainThread - databricks.sql.auth.thrift_http_client - INFO - HTTP Response with status code 200, message: OK (thrift_http_client.py:208)
2025-12-02 18:40:59,048 - MainThread - sqlmesh.core.engine_adapter.base - INFO - Executing SQL: /* SQLMESH_PLAN: 8eb0f99b961a4e28b2391086ae52806e */ ALTER TABLE `newbankingdemo`.`sqlmesh__gold`.`gold__customers_2__2439568028` ALTER COLUMN `gender` COMMENT 'The Gender of the Account Holder' (base.py:2619)
2025-12-02 18:40:59,894 - MainThread - databricks.sql.auth.retry - INFO - Received status code 200 for POST request (retry.py:355)
2025-12-02 18:40:59,894 - MainThread - databricks.sql.auth.thrift_http_client - INFO - HTTP Response with status code 200, message: OK (thrift_http_client.py:208)
2025-12-02 18:40:59,894 - MainThread - sqlmesh.core.engine_adapter.base - INFO - Executing SQL: /* SQLMESH_PLAN: 8eb0f99b961a4e28b2391086ae52806e */ SELECT CURRENT_CATALOG() (base.py:2619)
2025-12-02 18:41:00,090 - MainThread - databricks.sql.auth.retry - INFO - Received status code 200 for POST request (retry.py:355)
2025-12-02 18:41:00,090 - MainThread - databricks.sql.auth.thrift_http_client - INFO - HTTP Response with status code 200, message: OK (thrift_http_client.py:208)
2025-12-02 18:41:00,090 - MainThread - sqlmesh.core.engine_adapter.base - INFO - Executing SQL: /* SQLMESH_PLAN: 8eb0f99b961a4e28b2391086ae52806e */ ALTER TABLE `newbankingdemo`.`sqlmesh__gold`.`gold__customers_2__2439568028` ALTER COLUMN `ukpostcode` COMMENT 'The Postcode of the Account Holder' (base.py:2619)
2025-12-02 18:41:01,088 - MainThread - databricks.sql.auth.retry - INFO - Received status code 200 for POST request (retry.py:355)
2025-12-02 18:41:01,088 - MainThread - databricks.sql.auth.thrift_http_client - INFO - HTTP Response with status code 200, message: OK (thrift_http_client.py:208)
2025-12-02 18:41:01,095 - MainThread - sqlmesh.core.state_sync.db.facade - INFO - Adding interval (2025-12-01 00:00:00, 2025-12-02 00:00:00) for snapshot SnapshotId<"newbankingdemo"."gold"."customers_2": 1076732822> (facade.py:637)
2025-12-02 18:41:01,095 - MainThread - sqlmesh.core.state_sync.db.interval - INFO - Pushing intervals for snapshot SnapshotId<"newbankingdemo"."gold"."customers_2": 1076732822> (interval.py:215)
2025-12-02 18:41:03,213 - MainThread - databricks.sql.auth.retry - INFO - Received status code 200 for POST request (retry.py:355)
2025-12-02 18:41:03,213 - MainThread - databricks.sql.auth.thrift_http_client - INFO - HTTP Response with status code 200, message: OK (thrift_http_client.py:208)
2025-12-02 18:41:03,235 - MainThread - sqlmesh.core.snapshot.evaluator - INFO - Evaluating snapshot SnapshotId<"newbankingdemo"."gold"."transactions_2": 3235455814> (evaluator.py:711)
2025-12-02 18:41:03,247 - MainThread - sqlmesh.core.engine_adapter.base - INFO - Executing SQL: /* SQLMESH_PLAN: 8eb0f99b961a4e28b2391086ae52806e */ USE CATALOG `newbankingdemo` (base.py:2619)
2025-12-02 18:41:03,436 - MainThread - databricks.sql.auth.retry - INFO - Received status code 200 for POST request (retry.py:355)
2025-12-02 18:41:03,436 - MainThread - databricks.sql.auth.thrift_http_client - INFO - HTTP Response with status code 200, message: OK (thrift_http_client.py:208)
2025-12-02 18:41:03,452 - MainThread - sqlmesh.core.snapshot.evaluator - INFO - Inserting data for snapshot SnapshotId<"newbankingdemo"."gold"."transactions_2": 3235455814> (evaluator.py:952)
2025-12-02 18:41:03,481 - MainThread - sqlmesh.core.snapshot.evaluator - INFO - Inserting batch (2025-12-01 00:00:00, 2025-12-02 00:00:00) into newbankingdemo.sqlmesh__gold.gold__transactions_2__2629782491' (evaluator.py:984)
2025-12-02 18:41:03,493 - MainThread - sqlmesh.core.engine_adapter.base - INFO - Executing SQL: /* SQLMESH_PLAN: 8eb0f99b961a4e28b2391086ae52806e */ CREATE TABLE IF NOT EXISTS `newbankingdemo`.`sqlmesh__gold`.`gold__transactions_2__2629782491` AS SELECT CAST(`accountnumber` AS STRING) AS `accountnumber`, CAST(`customernumber` AS STRING) AS `customernumber`, CAST(`transactionyear` AS INT) AS `transactionyear`, CAST(`transactionmonth` AS INT) AS `transactionmonth`, CAST(`transactionday` AS INT) AS `transactionday`, CAST(`transactiondayname` AS STRING) AS `transactiondayname`, CAST(`transactionamount` AS DECIMAL(15, 2)) AS `transactionamount` FROM (SELECT CAST(`transactions_2`.`accountnumber` AS STRING) AS `accountnumber`, CAST(`transactions_2`.`customernumber` AS STRING) AS `customernumber`, CAST(YEAR(`transactions_2`.`transactiondate`) AS INT) AS `transactionyear`, CAST(MONTH(`transactions_2`.`transactiondate`) AS INT) AS `transactionmonth`, CAST(DAY(`transactions_2`.`transactiondate`) AS INT) AS `transactionday`, CAST(DAYNAME(`transactions_2`.`transactiondate`) AS STRING) AS `transactiondayname`, CAST(`transactions_2`.`transactionamount` AS DECIMAL(15, 2)) AS `transactionamount` FROM `newbankingdemo`.`sqlmesh__silver`.`silver__transactions_2__615368167` AS `transactions_2`) AS `_subquery` (base.py:2619)
2025-12-02 18:41:07,019 - MainThread - databricks.sql.auth.retry - INFO - Received status code 200 for POST request (retry.py:355)
2025-12-02 18:41:07,019 - MainThread - databricks.sql.auth.thrift_http_client - INFO - HTTP Response with status code 200, message: OK (thrift_http_client.py:208)
2025-12-02 18:41:07,024 - MainThread - sqlmesh.core.engine_adapter.base - INFO - Executing SQL: /* SQLMESH_PLAN: 8eb0f99b961a4e28b2391086ae52806e */ SELECT CURRENT_CATALOG() (base.py:2619)
2025-12-02 18:41:07,184 - MainThread - databricks.sql.auth.retry - INFO - Received status code 200 for POST request (retry.py:355)
2025-12-02 18:41:07,184 - MainThread - databricks.sql.auth.thrift_http_client - INFO - HTTP Response with status code 200, message: OK (thrift_http_client.py:208)
2025-12-02 18:41:07,204 - MainThread - sqlmesh.core.engine_adapter.base - INFO - Executing SQL: /* SQLMESH_PLAN: 8eb0f99b961a4e28b2391086ae52806e */ ALTER TABLE `newbankingdemo`.`sqlmesh__gold`.`gold__transactions_2__2629782491` ALTER COLUMN `accountnumber` COMMENT 'The Account Number of the account' (base.py:2619)
2025-12-02 18:41:08,250 - MainThread - databricks.sql.auth.retry - INFO - Received status code 200 for POST request (retry.py:355)
2025-12-02 18:41:08,250 - MainThread - databricks.sql.auth.thrift_http_client - INFO - HTTP Response with status code 200, message: OK (thrift_http_client.py:208)
2025-12-02 18:41:08,253 - MainThread - sqlmesh.core.engine_adapter.base - INFO - Executing SQL: /* SQLMESH_PLAN: 8eb0f99b961a4e28b2391086ae52806e */ SELECT CURRENT_CATALOG() (base.py:2619)
2025-12-02 18:41:08,431 - MainThread - databricks.sql.auth.retry - INFO - Received status code 200 for POST request (retry.py:355)
2025-12-02 18:41:08,432 - MainThread - databricks.sql.auth.thrift_http_client - INFO - HTTP Response with status code 200, message: OK (thrift_http_client.py:208)
2025-12-02 18:41:08,435 - MainThread - sqlmesh.core.engine_adapter.base - INFO - Executing SQL: /* SQLMESH_PLAN: 8eb0f99b961a4e28b2391086ae52806e */ ALTER TABLE `newbankingdemo`.`sqlmesh__gold`.`gold__transactions_2__2629782491` ALTER COLUMN `customernumber` COMMENT 'The Customer Number of the account owner' (base.py:2619)
2025-12-02 18:41:09,379 - MainThread - databricks.sql.auth.retry - INFO - Received status code 200 for POST request (retry.py:355)
2025-12-02 18:41:09,379 - MainThread - databricks.sql.auth.thrift_http_client - INFO - HTTP Response with status code 200, message: OK (thrift_http_client.py:208)
2025-12-02 18:41:09,384 - MainThread - sqlmesh.core.engine_adapter.base - INFO - Executing SQL: /* SQLMESH_PLAN: 8eb0f99b961a4e28b2391086ae52806e */ SELECT CURRENT_CATALOG() (base.py:2619)
2025-12-02 18:41:09,532 - MainThread - databricks.sql.auth.retry - INFO - Received status code 200 for POST request (retry.py:355)
2025-12-02 18:41:09,547 - MainThread - databricks.sql.auth.thrift_http_client - INFO - HTTP Response with status code 200, message: OK (thrift_http_client.py:208)
2025-12-02 18:41:09,551 - MainThread - sqlmesh.core.engine_adapter.base - INFO - Executing SQL: /* SQLMESH_PLAN: 8eb0f99b961a4e28b2391086ae52806e */ ALTER TABLE `newbankingdemo`.`sqlmesh__gold`.`gold__transactions_2__2629782491` ALTER COLUMN `transactionyear` COMMENT 'The Year the transaction occurred' (base.py:2619)
2025-12-02 18:41:10,568 - MainThread - databricks.sql.auth.retry - INFO - Received status code 200 for POST request (retry.py:355)
2025-12-02 18:41:10,568 - MainThread - databricks.sql.auth.thrift_http_client - INFO - HTTP Response with status code 200, message: OK (thrift_http_client.py:208)
2025-12-02 18:41:10,573 - MainThread - sqlmesh.core.engine_adapter.base - INFO - Executing SQL: /* SQLMESH_PLAN: 8eb0f99b961a4e28b2391086ae52806e */ SELECT CURRENT_CATALOG() (base.py:2619)
2025-12-02 18:41:10,746 - MainThread - databricks.sql.auth.retry - INFO - Received status code 200 for POST request (retry.py:355)
2025-12-02 18:41:10,746 - MainThread - databricks.sql.auth.thrift_http_client - INFO - HTTP Response with status code 200, message: OK (thrift_http_client.py:208)
2025-12-02 18:41:10,765 - MainThread - sqlmesh.core.engine_adapter.base - INFO - Executing SQL: /* SQLMESH_PLAN: 8eb0f99b961a4e28b2391086ae52806e */ ALTER TABLE `newbankingdemo`.`sqlmesh__gold`.`gold__transactions_2__2629782491` ALTER COLUMN `transactionmonth` COMMENT 'The Month the transaction occurred' (base.py:2619)
2025-12-02 18:41:11,647 - MainThread - databricks.sql.auth.retry - INFO - Received status code 200 for POST request (retry.py:355)
2025-12-02 18:41:11,647 - MainThread - databricks.sql.auth.thrift_http_client - INFO - HTTP Response with status code 200, message: OK (thrift_http_client.py:208)
2025-12-02 18:41:11,656 - MainThread - sqlmesh.core.engine_adapter.base - INFO - Executing SQL: /* SQLMESH_PLAN: 8eb0f99b961a4e28b2391086ae52806e */ SELECT CURRENT_CATALOG() (base.py:2619)
2025-12-02 18:41:11,911 - MainThread - databricks.sql.auth.retry - INFO - Received status code 200 for POST request (retry.py:355)
2025-12-02 18:41:11,911 - MainThread - databricks.sql.auth.thrift_http_client - INFO - HTTP Response with status code 200, message: OK (thrift_http_client.py:208)
2025-12-02 18:41:11,911 - MainThread - sqlmesh.core.engine_adapter.base - INFO - Executing SQL: /* SQLMESH_PLAN: 8eb0f99b961a4e28b2391086ae52806e */ ALTER TABLE `newbankingdemo`.`sqlmesh__gold`.`gold__transactions_2__2629782491` ALTER COLUMN `transactionday` COMMENT 'The Day the transaction occurred' (base.py:2619)
2025-12-02 18:41:12,862 - MainThread - databricks.sql.auth.retry - INFO - Received status code 200 for POST request (retry.py:355)
2025-12-02 18:41:12,862 - MainThread - databricks.sql.auth.thrift_http_client - INFO - HTTP Response with status code 200, message: OK (thrift_http_client.py:208)
2025-12-02 18:41:12,866 - MainThread - sqlmesh.core.engine_adapter.base - INFO - Executing SQL: /* SQLMESH_PLAN: 8eb0f99b961a4e28b2391086ae52806e */ SELECT CURRENT_CATALOG() (base.py:2619)
2025-12-02 18:41:13,045 - MainThread - databricks.sql.auth.retry - INFO - Received status code 200 for POST request (retry.py:355)
2025-12-02 18:41:13,045 - MainThread - databricks.sql.auth.thrift_http_client - INFO - HTTP Response with status code 200, message: OK (thrift_http_client.py:208)
2025-12-02 18:41:13,045 - MainThread - sqlmesh.core.engine_adapter.base - INFO - Executing SQL: /* SQLMESH_PLAN: 8eb0f99b961a4e28b2391086ae52806e */ ALTER TABLE `newbankingdemo`.`sqlmesh__gold`.`gold__transactions_2__2629782491` ALTER COLUMN `transactiondayname` COMMENT 'The Day Name the transaction occurred' (base.py:2619)
2025-12-02 18:41:14,081 - MainThread - databricks.sql.auth.retry - INFO - Received status code 200 for POST request (retry.py:355)
2025-12-02 18:41:14,081 - MainThread - databricks.sql.auth.thrift_http_client - INFO - HTTP Response with status code 200, message: OK (thrift_http_client.py:208)
2025-12-02 18:41:14,095 - MainThread - sqlmesh.core.engine_adapter.base - INFO - Executing SQL: /* SQLMESH_PLAN: 8eb0f99b961a4e28b2391086ae52806e */ SELECT CURRENT_CATALOG() (base.py:2619)
2025-12-02 18:41:14,260 - MainThread - databricks.sql.auth.retry - INFO - Received status code 200 for POST request (retry.py:355)
2025-12-02 18:41:14,260 - MainThread - databricks.sql.auth.thrift_http_client - INFO - HTTP Response with status code 200, message: OK (thrift_http_client.py:208)
2025-12-02 18:41:14,260 - MainThread - sqlmesh.core.engine_adapter.base - INFO - Executing SQL: /* SQLMESH_PLAN: 8eb0f99b961a4e28b2391086ae52806e */ ALTER TABLE `newbankingdemo`.`sqlmesh__gold`.`gold__transactions_2__2629782491` ALTER COLUMN `transactionamount` COMMENT 'The amount of the transaction' (base.py:2619)
2025-12-02 18:41:15,119 - MainThread - databricks.sql.auth.retry - INFO - Received status code 200 for POST request (retry.py:355)
2025-12-02 18:41:15,119 - MainThread - databricks.sql.auth.thrift_http_client - INFO - HTTP Response with status code 200, message: OK (thrift_http_client.py:208)
2025-12-02 18:41:15,119 - MainThread - sqlmesh.core.state_sync.db.facade - INFO - Adding interval (2025-12-01 00:00:00, 2025-12-02 00:00:00) for snapshot SnapshotId<"newbankingdemo"."gold"."transactions_2": 3235455814> (facade.py:637)
2025-12-02 18:41:15,119 - MainThread - sqlmesh.core.state_sync.db.interval - INFO - Pushing intervals for snapshot SnapshotId<"newbankingdemo"."gold"."transactions_2": 3235455814> (interval.py:215)
2025-12-02 18:41:16,731 - MainThread - databricks.sql.auth.retry - INFO - Received status code 200 for POST request (retry.py:355)
2025-12-02 18:41:16,731 - MainThread - databricks.sql.auth.thrift_http_client - INFO - HTTP Response with status code 200, message: OK (thrift_http_client.py:208)
2025-12-02 18:41:16,749 - MainThread - sqlmesh.core.plan.evaluator - INFO - Evaluating plan stage EnvironmentRecordUpdateStage (evaluator.py:123)
2025-12-02 18:41:16,749 - MainThread - sqlmesh.core.state_sync.db.facade - INFO - Promoting environment 'dd' (facade.py:167)
2025-12-02 18:41:17,390 - MainThread - databricks.sql.auth.retry - INFO - Received status code 200 for POST request (retry.py:355)
2025-12-02 18:41:17,390 - MainThread - databricks.sql.auth.thrift_http_client - INFO - HTTP Response with status code 200, message: OK (thrift_http_client.py:208)
2025-12-02 18:41:17,565 - MainThread - databricks.sql.auth.retry - INFO - Received status code 200 for POST request (retry.py:355)
2025-12-02 18:41:17,565 - MainThread - databricks.sql.auth.thrift_http_client - INFO - HTTP Response with status code 200, message: OK (thrift_http_client.py:208)
2025-12-02 18:41:18,599 - MainThread - databricks.sql.auth.retry - INFO - Received status code 200 for POST request (retry.py:355)
2025-12-02 18:41:18,599 - MainThread - databricks.sql.auth.thrift_http_client - INFO - HTTP Response with status code 200, message: OK (thrift_http_client.py:208)
2025-12-02 18:41:19,769 - MainThread - databricks.sql.auth.retry - INFO - Received status code 200 for POST request (retry.py:355)
2025-12-02 18:41:19,769 - MainThread - databricks.sql.auth.thrift_http_client - INFO - HTTP Response with status code 200, message: OK (thrift_http_client.py:208)
2025-12-02 18:41:22,185 - MainThread - databricks.sql.auth.retry - INFO - Received status code 200 for POST request (retry.py:355)
2025-12-02 18:41:22,185 - MainThread - databricks.sql.auth.thrift_http_client - INFO - HTTP Response with status code 200, message: OK (thrift_http_client.py:208)
2025-12-02 18:41:23,367 - MainThread - databricks.sql.auth.retry - INFO - Received status code 200 for POST request (retry.py:355)
2025-12-02 18:41:23,367 - MainThread - databricks.sql.auth.thrift_http_client - INFO - HTTP Response with status code 200, message: OK (thrift_http_client.py:208)
2025-12-02 18:41:23,367 - MainThread - sqlmesh.core.plan.evaluator - INFO - Evaluating plan stage VirtualLayerUpdateStage (evaluator.py:123)
2025-12-02 18:41:23,381 - MainThread - sqlmesh.core.snapshot.evaluator - INFO - Creating schema 'newbankingdemo.silver__dd' (evaluator.py:1449)
2025-12-02 18:41:23,382 - MainThread - sqlmesh.core.engine_adapter.base - INFO - Executing SQL: /* SQLMESH_PLAN: 8eb0f99b961a4e28b2391086ae52806e */ CREATE SCHEMA IF NOT EXISTS `newbankingdemo`.`silver__dd` (base.py:2619)
2025-12-02 18:41:23,802 - MainThread - databricks.sql.auth.retry - INFO - Received status code 200 for POST request (retry.py:355)
2025-12-02 18:41:23,802 - MainThread - databricks.sql.auth.thrift_http_client - INFO - HTTP Response with status code 200, message: OK (thrift_http_client.py:208)
2025-12-02 18:41:23,802 - MainThread - sqlmesh.core.snapshot.evaluator - INFO - Creating schema 'newbankingdemo.gold__dd' (evaluator.py:1449)
2025-12-02 18:41:23,802 - MainThread - sqlmesh.core.engine_adapter.base - INFO - Executing SQL: /* SQLMESH_PLAN: 8eb0f99b961a4e28b2391086ae52806e */ CREATE SCHEMA IF NOT EXISTS `newbankingdemo`.`gold__dd` (base.py:2619)
2025-12-02 18:41:24,152 - MainThread - databricks.sql.auth.retry - INFO - Received status code 200 for POST request (retry.py:355)
2025-12-02 18:41:24,152 - MainThread - databricks.sql.auth.thrift_http_client - INFO - HTTP Response with status code 200, message: OK (thrift_http_client.py:208)
2025-12-02 18:41:24,168 - MainThread - sqlmesh.core.snapshot.evaluator - INFO - Listing data objects in schema newbankingdemo.silver__dd (evaluator.py:1616)
2025-12-02 18:41:24,168 - MainThread - sqlmesh.core.engine_adapter.base - INFO - Executing SQL: /* SQLMESH_PLAN: 8eb0f99b961a4e28b2391086ae52806e */ SELECT `table_name` AS `name`, `table_schema` AS `schema`, `table_catalog` AS `catalog`, CASE `table_type` WHEN 'VIEW' THEN 'view' WHEN 'MATERIALIZED_VIEW' THEN 'materialized_view' ELSE 'table' END AS `type` FROM `system`.`information_schema`.`tables` WHERE (`table_catalog` = 'newbankingdemo' AND `table_schema` = 'silver__dd') AND `table_name` IN ('accounts_2', 'transactions_2', 'customers_2') (base.py:2619)
2025-12-02 18:41:24,473 - MainThread - databricks.sql.auth.retry - INFO - Received status code 200 for POST request (retry.py:355)
2025-12-02 18:41:24,473 - MainThread - databricks.sql.auth.thrift_http_client - INFO - HTTP Response with status code 200, message: OK (thrift_http_client.py:208)
2025-12-02 18:41:24,478 - MainThread - sqlmesh.core.snapshot.evaluator - INFO - Listing data objects in schema newbankingdemo.gold__dd (evaluator.py:1616)
2025-12-02 18:41:24,480 - MainThread - sqlmesh.core.engine_adapter.base - INFO - Executing SQL: /* SQLMESH_PLAN: 8eb0f99b961a4e28b2391086ae52806e */ SELECT `table_name` AS `name`, `table_schema` AS `schema`, `table_catalog` AS `catalog`, CASE `table_type` WHEN 'VIEW' THEN 'view' WHEN 'MATERIALIZED_VIEW' THEN 'materialized_view' ELSE 'table' END AS `type` FROM `system`.`information_schema`.`tables` WHERE (`table_catalog` = 'newbankingdemo' AND `table_schema` = 'gold__dd') AND `table_name` IN ('accounts_2', 'transactions_2', 'customers_2') (base.py:2619)
2025-12-02 18:41:24,852 - MainThread - databricks.sql.auth.retry - INFO - Received status code 200 for POST request (retry.py:355)
2025-12-02 18:41:24,852 - MainThread - databricks.sql.auth.thrift_http_client - INFO - HTTP Response with status code 200, message: OK (thrift_http_client.py:208)
2025-12-02 18:41:24,852 - MainThread - sqlmesh.core.engine_adapter.base - INFO - Executing SQL: /* SQLMESH_PLAN: 8eb0f99b961a4e28b2391086ae52806e */ USE CATALOG `newbankingdemo` (base.py:2619)
2025-12-02 18:41:25,019 - MainThread - databricks.sql.auth.retry - INFO - Received status code 200 for POST request (retry.py:355)
2025-12-02 18:41:25,019 - MainThread - databricks.sql.auth.thrift_http_client - INFO - HTTP Response with status code 200, message: OK (thrift_http_client.py:208)
2025-12-02 18:41:25,019 - MainThread - sqlmesh.core.snapshot.evaluator - INFO - Updating view 'newbankingdemo.silver__dd.accounts_2' to point at table 'newbankingdemo.sqlmesh__silver.silver__accounts_2__3741260822' (evaluator.py:1988)
2025-12-02 18:41:25,019 - MainThread - sqlmesh.core.engine_adapter.base - INFO - Executing SQL: /* SQLMESH_PLAN: 8eb0f99b961a4e28b2391086ae52806e */ CREATE OR REPLACE VIEW `newbankingdemo`.`silver__dd`.`accounts_2` AS SELECT * FROM `newbankingdemo`.`sqlmesh__silver`.`silver__accounts_2__3741260822` (base.py:2619)
2025-12-02 18:41:25,486 - MainThread - databricks.sql.auth.retry - INFO - Received status code 200 for POST request (retry.py:355)
2025-12-02 18:41:25,486 - MainThread - databricks.sql.auth.thrift_http_client - INFO - HTTP Response with status code 200, message: OK (thrift_http_client.py:208)
2025-12-02 18:41:25,486 - MainThread - sqlmesh.core.engine_adapter.base - INFO - Executing SQL: /* SQLMESH_PLAN: 8eb0f99b961a4e28b2391086ae52806e */ USE CATALOG `newbankingdemo` (base.py:2619)
2025-12-02 18:41:25,666 - MainThread - databricks.sql.auth.retry - INFO - Received status code 200 for POST request (retry.py:355)
2025-12-02 18:41:25,666 - MainThread - databricks.sql.auth.thrift_http_client - INFO - HTTP Response with status code 200, message: OK (thrift_http_client.py:208)
2025-12-02 18:41:25,668 - MainThread - sqlmesh.core.snapshot.evaluator - INFO - Updating view 'newbankingdemo.silver__dd.customers_2' to point at table 'newbankingdemo.sqlmesh__silver.silver__customers_2__562887494' (evaluator.py:1988)
2025-12-02 18:41:25,670 - MainThread - sqlmesh.core.engine_adapter.base - INFO - Executing SQL: /* SQLMESH_PLAN: 8eb0f99b961a4e28b2391086ae52806e */ CREATE OR REPLACE VIEW `newbankingdemo`.`silver__dd`.`customers_2` AS SELECT * FROM `newbankingdemo`.`sqlmesh__silver`.`silver__customers_2__562887494` (base.py:2619)
2025-12-02 18:41:26,115 - MainThread - databricks.sql.auth.retry - INFO - Received status code 200 for POST request (retry.py:355)
2025-12-02 18:41:26,115 - MainThread - databricks.sql.auth.thrift_http_client - INFO - HTTP Response with status code 200, message: OK (thrift_http_client.py:208)
2025-12-02 18:41:26,117 - MainThread - sqlmesh.core.engine_adapter.base - INFO - Executing SQL: /* SQLMESH_PLAN: 8eb0f99b961a4e28b2391086ae52806e */ USE CATALOG `newbankingdemo` (base.py:2619)
2025-12-02 18:41:26,302 - MainThread - databricks.sql.auth.retry - INFO - Received status code 200 for POST request (retry.py:355)
2025-12-02 18:41:26,302 - MainThread - databricks.sql.auth.thrift_http_client - INFO - HTTP Response with status code 200, message: OK (thrift_http_client.py:208)
2025-12-02 18:41:26,302 - MainThread - sqlmesh.core.snapshot.evaluator - INFO - Updating view 'newbankingdemo.silver__dd.transactions_2' to point at table 'newbankingdemo.sqlmesh__silver.silver__transactions_2__615368167' (evaluator.py:1988)
2025-12-02 18:41:26,302 - MainThread - sqlmesh.core.engine_adapter.base - INFO - Executing SQL: /* SQLMESH_PLAN: 8eb0f99b961a4e28b2391086ae52806e */ CREATE OR REPLACE VIEW `newbankingdemo`.`silver__dd`.`transactions_2` AS SELECT * FROM `newbankingdemo`.`sqlmesh__silver`.`silver__transactions_2__615368167` (base.py:2619)
2025-12-02 18:41:26,701 - MainThread - databricks.sql.auth.retry - INFO - Received status code 200 for POST request (retry.py:355)
2025-12-02 18:41:26,701 - MainThread - databricks.sql.auth.thrift_http_client - INFO - HTTP Response with status code 200, message: OK (thrift_http_client.py:208)
2025-12-02 18:41:26,701 - MainThread - sqlmesh.core.engine_adapter.base - INFO - Executing SQL: /* SQLMESH_PLAN: 8eb0f99b961a4e28b2391086ae52806e */ USE CATALOG `newbankingdemo` (base.py:2619)
2025-12-02 18:41:26,955 - MainThread - databricks.sql.auth.retry - INFO - Received status code 200 for POST request (retry.py:355)
2025-12-02 18:41:26,955 - MainThread - databricks.sql.auth.thrift_http_client - INFO - HTTP Response with status code 200, message: OK (thrift_http_client.py:208)
2025-12-02 18:41:26,956 - MainThread - sqlmesh.core.snapshot.evaluator - INFO - Updating view 'newbankingdemo.gold__dd.accounts_2' to point at table 'newbankingdemo.sqlmesh__gold.gold__accounts_2__2894313673' (evaluator.py:1988)
2025-12-02 18:41:26,958 - MainThread - sqlmesh.core.engine_adapter.base - INFO - Executing SQL: /* SQLMESH_PLAN: 8eb0f99b961a4e28b2391086ae52806e */ CREATE OR REPLACE VIEW `newbankingdemo`.`gold__dd`.`accounts_2` AS SELECT * FROM `newbankingdemo`.`sqlmesh__gold`.`gold__accounts_2__2894313673` (base.py:2619)
2025-12-02 18:41:27,450 - MainThread - databricks.sql.auth.retry - INFO - Received status code 200 for POST request (retry.py:355)
2025-12-02 18:41:27,450 - MainThread - databricks.sql.auth.thrift_http_client - INFO - HTTP Response with status code 200, message: OK (thrift_http_client.py:208)
2025-12-02 18:41:27,450 - MainThread - sqlmesh.core.engine_adapter.base - INFO - Executing SQL: /* SQLMESH_PLAN: 8eb0f99b961a4e28b2391086ae52806e */ USE CATALOG `newbankingdemo` (base.py:2619)
2025-12-02 18:41:27,616 - MainThread - databricks.sql.auth.retry - INFO - Received status code 200 for POST request (retry.py:355)
2025-12-02 18:41:27,616 - MainThread - databricks.sql.auth.thrift_http_client - INFO - HTTP Response with status code 200, message: OK (thrift_http_client.py:208)
2025-12-02 18:41:27,632 - MainThread - sqlmesh.core.snapshot.evaluator - INFO - Updating view 'newbankingdemo.gold__dd.customers_2' to point at table 'newbankingdemo.sqlmesh__gold.gold__customers_2__2439568028' (evaluator.py:1988)
2025-12-02 18:41:27,634 - MainThread - sqlmesh.core.engine_adapter.base - INFO - Executing SQL: /* SQLMESH_PLAN: 8eb0f99b961a4e28b2391086ae52806e */ CREATE OR REPLACE VIEW `newbankingdemo`.`gold__dd`.`customers_2` AS SELECT * FROM `newbankingdemo`.`sqlmesh__gold`.`gold__customers_2__2439568028` (base.py:2619)
2025-12-02 18:41:28,104 - MainThread - databricks.sql.auth.retry - INFO - Received status code 200 for POST request (retry.py:355)
2025-12-02 18:41:28,104 - MainThread - databricks.sql.auth.thrift_http_client - INFO - HTTP Response with status code 200, message: OK (thrift_http_client.py:208)
2025-12-02 18:41:28,116 - MainThread - sqlmesh.core.engine_adapter.base - INFO - Executing SQL: /* SQLMESH_PLAN: 8eb0f99b961a4e28b2391086ae52806e */ USE CATALOG `newbankingdemo` (base.py:2619)
2025-12-02 18:41:28,284 - MainThread - databricks.sql.auth.retry - INFO - Received status code 200 for POST request (retry.py:355)
2025-12-02 18:41:28,284 - MainThread - databricks.sql.auth.thrift_http_client - INFO - HTTP Response with status code 200, message: OK (thrift_http_client.py:208)
2025-12-02 18:41:28,287 - MainThread - sqlmesh.core.snapshot.evaluator - INFO - Updating view 'newbankingdemo.gold__dd.transactions_2' to point at table 'newbankingdemo.sqlmesh__gold.gold__transactions_2__2629782491' (evaluator.py:1988)
2025-12-02 18:41:28,289 - MainThread - sqlmesh.core.engine_adapter.base - INFO - Executing SQL: /* SQLMESH_PLAN: 8eb0f99b961a4e28b2391086ae52806e */ CREATE OR REPLACE VIEW `newbankingdemo`.`gold__dd`.`transactions_2` AS SELECT * FROM `newbankingdemo`.`sqlmesh__gold`.`gold__transactions_2__2629782491` (base.py:2619)
2025-12-02 18:41:28,684 - MainThread - databricks.sql.auth.retry - INFO - Received status code 200 for POST request (retry.py:355)
2025-12-02 18:41:28,684 - MainThread - databricks.sql.auth.thrift_http_client - INFO - HTTP Response with status code 200, message: OK (thrift_http_client.py:208)
2025-12-02 18:41:28,696 - MainThread - sqlmesh.core.plan.evaluator - INFO - Evaluating plan stage FinalizeEnvironmentStage (evaluator.py:123)
2025-12-02 18:41:28,696 - MainThread - sqlmesh.core.state_sync.db.environment - INFO - Finalizing environment 'dd' (environment.py:141)
2025-12-02 18:41:29,327 - MainThread - databricks.sql.auth.retry - INFO - Received status code 200 for POST request (retry.py:355)
2025-12-02 18:41:29,327 - MainThread - databricks.sql.auth.thrift_http_client - INFO - HTTP Response with status code 200, message: OK (thrift_http_client.py:208)
2025-12-02 18:41:31,410 - MainThread - databricks.sql.auth.retry - INFO - Received status code 200 for POST request (retry.py:355)
2025-12-02 18:41:31,410 - MainThread - databricks.sql.auth.thrift_http_client - INFO - HTTP Response with status code 200, message: OK (thrift_http_client.py:208)
2025-12-02 18:41:31,426 - MainThread - databricks.sql.session - INFO - Closing session 01f0cfae-64d6-1406-85cc-39fde0fe8e5a (session.py:194)
2025-12-02 18:41:31,489 - MainThread - databricks.sql.auth.retry - INFO - Received status code 200 for POST request (retry.py:355)
2025-12-02 18:41:31,489 - MainThread - databricks.sql.auth.thrift_http_client - INFO - HTTP Response with status code 200, message: OK (thrift_http_client.py:208)
2025-12-02 18:41:31,489 - MainThread - databricks.sql.session - INFO - Closing session 01f0cfae-43f6-11ed-8e4b-2f875be453d1 (session.py:194)
2025-12-02 18:41:31,554 - MainThread - databricks.sql.auth.retry - INFO - Received status code 200 for POST request (retry.py:355)
2025-12-02 18:41:31,554 - MainThread - databricks.sql.auth.thrift_http_client - INFO - HTTP Response with status code 200, message: OK (thrift_http_client.py:208)
2025-12-02 18:41:31,569 - MainThread - root - INFO - Shutting down the event dispatcher (dispatcher.py:159)
