2025-12-02 14:51:16,533 - MainThread - sqlmesh.core.console - WARNING - The databricks engine is not recommended for storing SQLMesh state in production deployments. Please see https://sqlmesh.readthedocs.io/en/stable/guides/configuration/#state-connection for a list of recommended engines and more information. (console.py:2335)
2025-12-02 14:51:16,817 - MainThread - databricks.sql.session - WARNING - [WARN] Parameter '_user_agent_entry' is deprecated; use 'user_agent_entry' instead. This parameter will be removed in the upcoming releases. (session.py:55)
2025-12-02 14:51:17,065 - MainThread - databricks.sql.auth.retry - INFO - Received status code 404 for POST request (retry.py:355)
2025-12-02 14:52:17,108 - MainThread - databricks.sql.auth.retry - INFO - Received status code 404 for POST request (retry.py:355)
2025-12-02 14:53:17,152 - MainThread - databricks.sql.auth.retry - INFO - Received status code 404 for POST request (retry.py:355)
2025-12-02 14:54:17,189 - MainThread - databricks.sql.auth.retry - INFO - Received status code 404 for POST request (retry.py:355)
2025-12-02 14:55:17,383 - MainThread - databricks.sql.auth.retry - INFO - Received status code 404 for POST request (retry.py:355)
2025-12-02 14:56:17,417 - MainThread - databricks.sql.auth.retry - INFO - Received status code 404 for POST request (retry.py:355)
2025-12-02 14:57:17,439 - MainThread - databricks.sql.auth.retry - INFO - Received status code 404 for POST request (retry.py:355)
2025-12-02 14:58:17,650 - MainThread - databricks.sql.auth.retry - INFO - Received status code 404 for POST request (retry.py:355)
2025-12-02 14:59:17,672 - MainThread - databricks.sql.auth.retry - INFO - Received status code 404 for POST request (retry.py:355)
2025-12-02 15:00:17,720 - MainThread - databricks.sql.auth.retry - INFO - Received status code 404 for POST request (retry.py:355)
2025-12-02 15:01:17,755 - MainThread - databricks.sql.auth.retry - INFO - Received status code 404 for POST request (retry.py:355)
2025-12-02 15:02:17,795 - MainThread - databricks.sql.auth.retry - INFO - Received status code 404 for POST request (retry.py:355)
2025-12-02 15:03:17,868 - MainThread - databricks.sql.auth.retry - INFO - Received status code 404 for POST request (retry.py:355)
2025-12-02 15:04:18,276 - MainThread - databricks.sql.auth.retry - INFO - Received status code 404 for POST request (retry.py:355)
2025-12-02 15:05:18,309 - MainThread - databricks.sql.auth.retry - INFO - Received status code 404 for POST request (retry.py:355)
2025-12-02 15:05:18,325 - MainThread - databricks.sql.backend.thrift_backend - ERROR - ThriftBackend.attempt_request: Exception: Retry request would exceed Retry policy max retry duration of 900.0 seconds (thrift_backend.py:477)
2025-12-02 15:05:18,325 - MainThread - databricks.sql.backend.thrift_backend - INFO - Error during request to server. Retry request would exceed Retry policy max retry duration of 900.0 seconds: {"method": "OpenSession", "session-id": null, "query-id": null, "http-code": null, "error-message": "", "original-exception": "Retry request would exceed Retry policy max retry duration of 900.0 seconds", "no-retry-reason": "non-retryable error", "bounded-retry-delay": null, "attempt": "1/30", "elapsed-seconds": "841.4899833202362/900.0"} (thrift_backend.py:346)
2025-12-02 15:05:18,366 - MainThread - databricks.sql.session - WARNING - [WARN] Parameter '_user_agent_entry' is deprecated; use 'user_agent_entry' instead. This parameter will be removed in the upcoming releases. (session.py:55)
2025-12-02 15:05:18,610 - MainThread - databricks.sql.auth.retry - INFO - Received status code 404 for POST request (retry.py:355)
2025-12-02 15:06:18,641 - MainThread - databricks.sql.auth.retry - INFO - Received status code 404 for POST request (retry.py:355)
2025-12-02 15:07:18,866 - MainThread - databricks.sql.auth.retry - INFO - Received status code 404 for POST request (retry.py:355)
2025-12-02 15:08:18,894 - MainThread - databricks.sql.auth.retry - INFO - Received status code 404 for POST request (retry.py:355)
2025-12-02 15:09:19,115 - MainThread - databricks.sql.auth.retry - INFO - Received status code 404 for POST request (retry.py:355)
2025-12-02 15:10:18,474 - ThreadPoolExecutor-1_0 - databricks.sql.auth.retry - INFO - Received status code 200 for POST request (retry.py:355)
2025-12-02 15:10:19,169 - MainThread - databricks.sql.auth.retry - INFO - Received status code 404 for POST request (retry.py:355)
2025-12-02 15:11:19,206 - MainThread - databricks.sql.auth.retry - INFO - Received status code 404 for POST request (retry.py:355)
2025-12-02 15:12:19,430 - MainThread - databricks.sql.auth.retry - INFO - Received status code 404 for POST request (retry.py:355)
2025-12-02 15:13:19,464 - MainThread - databricks.sql.auth.retry - INFO - Received status code 404 for POST request (retry.py:355)
2025-12-02 15:14:19,649 - MainThread - databricks.sql.auth.retry - INFO - Received status code 404 for POST request (retry.py:355)
2025-12-02 15:15:19,693 - MainThread - databricks.sql.auth.retry - INFO - Received status code 404 for POST request (retry.py:355)
2025-12-02 15:16:19,725 - MainThread - databricks.sql.auth.retry - INFO - Received status code 404 for POST request (retry.py:355)
2025-12-02 15:17:19,921 - MainThread - databricks.sql.auth.retry - INFO - Received status code 404 for POST request (retry.py:355)
2025-12-02 15:18:19,947 - MainThread - databricks.sql.auth.retry - INFO - Received status code 404 for POST request (retry.py:355)
2025-12-02 15:19:19,984 - MainThread - databricks.sql.auth.retry - INFO - Received status code 404 for POST request (retry.py:355)
2025-12-02 15:19:20,000 - MainThread - databricks.sql.backend.thrift_backend - ERROR - ThriftBackend.attempt_request: Exception: Retry request would exceed Retry policy max retry duration of 900.0 seconds (thrift_backend.py:477)
2025-12-02 15:19:20,000 - MainThread - databricks.sql.backend.thrift_backend - INFO - Error during request to server. Retry request would exceed Retry policy max retry duration of 900.0 seconds: {"method": "OpenSession", "session-id": null, "query-id": null, "http-code": null, "error-message": "", "original-exception": "Retry request would exceed Retry policy max retry duration of 900.0 seconds", "no-retry-reason": "non-retryable error", "bounded-retry-delay": null, "attempt": "1/30", "elapsed-seconds": "841.613921880722/900.0"} (thrift_backend.py:346)
2025-12-02 15:19:20,032 - MainThread - databricks.sql.session - WARNING - [WARN] Parameter '_user_agent_entry' is deprecated; use 'user_agent_entry' instead. This parameter will be removed in the upcoming releases. (session.py:55)
2025-12-02 15:19:20,364 - MainThread - databricks.sql.auth.retry - INFO - Received status code 404 for POST request (retry.py:355)
2025-12-02 15:20:18,550 - ThreadPoolExecutor-1_0 - databricks.sql.auth.retry - INFO - Received status code 200 for POST request (retry.py:355)
2025-12-02 15:20:20,388 - MainThread - databricks.sql.auth.retry - INFO - Received status code 404 for POST request (retry.py:355)
2025-12-02 15:21:20,613 - MainThread - databricks.sql.auth.retry - INFO - Received status code 404 for POST request (retry.py:355)
2025-12-02 15:22:20,662 - MainThread - databricks.sql.auth.retry - INFO - Received status code 404 for POST request (retry.py:355)
2025-12-02 15:23:20,691 - MainThread - databricks.sql.auth.retry - INFO - Received status code 404 for POST request (retry.py:355)
2025-12-02 15:24:20,734 - MainThread - databricks.sql.auth.retry - INFO - Received status code 404 for POST request (retry.py:355)
2025-12-02 15:25:20,954 - MainThread - databricks.sql.auth.retry - INFO - Received status code 404 for POST request (retry.py:355)
2025-12-02 15:26:20,988 - MainThread - databricks.sql.auth.retry - INFO - Received status code 404 for POST request (retry.py:355)
2025-12-02 15:27:21,024 - MainThread - databricks.sql.auth.retry - INFO - Received status code 404 for POST request (retry.py:355)
2025-12-02 15:28:21,053 - MainThread - databricks.sql.auth.retry - INFO - Received status code 404 for POST request (retry.py:355)
2025-12-02 15:29:21,088 - MainThread - databricks.sql.auth.retry - INFO - Received status code 404 for POST request (retry.py:355)
2025-12-02 15:30:21,121 - MainThread - databricks.sql.auth.retry - INFO - Received status code 404 for POST request (retry.py:355)
2025-12-02 15:31:21,156 - MainThread - databricks.sql.auth.retry - INFO - Received status code 404 for POST request (retry.py:355)
2025-12-02 15:32:11,275 - MainThread - root - INFO - Shutting down the event dispatcher (dispatcher.py:159)
