2025-12-04 07:50:07,019 - MainThread - sqlmesh.core.console - WARNING - The databricks engine is not recommended for storing SQLMesh state in production deployments. Please see https://sqlmesh.readthedocs.io/en/stable/guides/configuration/#state-connection for a list of recommended engines and more information. (console.py:2335)
2025-12-04 07:50:07,282 - MainThread - databricks.sql.session - WARNING - [WARN] Parameter '_user_agent_entry' is deprecated; use 'user_agent_entry' instead. This parameter will be removed in the upcoming releases. (session.py:55)
2025-12-04 07:50:08,910 - MainThread - databricks.sql.auth.retry - INFO - Received status code 200 for POST request (retry.py:355)
2025-12-04 07:50:08,910 - MainThread - databricks.sql.auth.thrift_http_client - INFO - HTTP Response with status code 200, message: OK (thrift_http_client.py:208)
2025-12-04 07:50:08,910 - MainThread - databricks.sql.session - INFO - Successfully opened session 01f0d0e5-dbb9-13fb-b608-75916fd98eb9 (session.py:143)
2025-12-04 07:50:09,226 - MainThread - databricks.sql.auth.retry - INFO - Received status code 200 for POST request (retry.py:355)
2025-12-04 07:50:09,226 - MainThread - databricks.sql.auth.thrift_http_client - INFO - HTTP Response with status code 200, message: OK (thrift_http_client.py:208)
2025-12-04 07:50:17,626 - MainThread - databricks.sql.auth.retry - INFO - Received status code 200 for POST request (retry.py:355)
2025-12-04 07:50:17,626 - MainThread - databricks.sql.auth.thrift_http_client - INFO - HTTP Response with status code 200, message: OK (thrift_http_client.py:208)
2025-12-04 07:50:23,003 - MainThread - databricks.sql.auth.retry - INFO - Received status code 200 for POST request (retry.py:355)
2025-12-04 07:50:23,003 - MainThread - databricks.sql.auth.thrift_http_client - INFO - HTTP Response with status code 200, message: OK (thrift_http_client.py:208)
2025-12-04 07:50:23,743 - MainThread - databricks.sql.auth.retry - INFO - Received status code 200 for POST request (retry.py:355)
2025-12-04 07:50:23,743 - MainThread - databricks.sql.auth.thrift_http_client - INFO - HTTP Response with status code 200, message: OK (thrift_http_client.py:208)
2025-12-04 07:50:24,052 - MainThread - databricks.sql.auth.retry - INFO - Received status code 200 for POST request (retry.py:355)
2025-12-04 07:50:24,052 - MainThread - databricks.sql.auth.thrift_http_client - INFO - HTTP Response with status code 200, message: OK (thrift_http_client.py:208)
2025-12-04 07:50:24,238 - MainThread - databricks.sql.auth.retry - INFO - Received status code 200 for POST request (retry.py:355)
2025-12-04 07:50:24,238 - MainThread - databricks.sql.auth.thrift_http_client - INFO - HTTP Response with status code 200, message: OK (thrift_http_client.py:208)
2025-12-04 07:50:24,442 - MainThread - databricks.sql.auth.retry - INFO - Received status code 200 for POST request (retry.py:355)
2025-12-04 07:50:24,442 - MainThread - databricks.sql.auth.thrift_http_client - INFO - HTTP Response with status code 200, message: OK (thrift_http_client.py:208)
2025-12-04 07:50:29,705 - MainThread - databricks.sql.auth.retry - INFO - Received status code 200 for POST request (retry.py:355)
2025-12-04 07:50:29,705 - MainThread - databricks.sql.auth.thrift_http_client - INFO - HTTP Response with status code 200, message: OK (thrift_http_client.py:208)
2025-12-04 07:50:32,116 - MainThread - databricks.sql.auth.retry - INFO - Received status code 200 for POST request (retry.py:355)
2025-12-04 07:50:32,116 - MainThread - databricks.sql.auth.thrift_http_client - INFO - HTTP Response with status code 200, message: OK (thrift_http_client.py:208)
2025-12-04 07:50:32,236 - MainThread - databricks.sql.auth.retry - INFO - Received status code 200 for POST request (retry.py:355)
2025-12-04 07:50:32,236 - MainThread - databricks.sql.auth.thrift_http_client - INFO - HTTP Response with status code 200, message: OK (thrift_http_client.py:208)
2025-12-04 07:50:32,320 - MainThread - databricks.sql.auth.retry - INFO - Received status code 200 for POST request (retry.py:355)
2025-12-04 07:50:32,320 - MainThread - databricks.sql.auth.thrift_http_client - INFO - HTTP Response with status code 200, message: OK (thrift_http_client.py:208)
2025-12-04 07:50:32,453 - MainThread - databricks.sql.auth.retry - INFO - Received status code 200 for POST request (retry.py:355)
2025-12-04 07:50:32,453 - MainThread - databricks.sql.auth.thrift_http_client - INFO - HTTP Response with status code 200, message: OK (thrift_http_client.py:208)
2025-12-04 07:50:33,086 - MainThread - databricks.sql.auth.retry - INFO - Received status code 200 for POST request (retry.py:355)
2025-12-04 07:50:33,086 - MainThread - databricks.sql.auth.thrift_http_client - INFO - HTTP Response with status code 200, message: OK (thrift_http_client.py:208)
2025-12-04 07:50:33,405 - MainThread - databricks.sql.auth.retry - INFO - Received status code 200 for POST request (retry.py:355)
2025-12-04 07:50:33,405 - MainThread - databricks.sql.auth.thrift_http_client - INFO - HTTP Response with status code 200, message: OK (thrift_http_client.py:208)
2025-12-04 07:50:35,966 - MainThread - databricks.sql.auth.retry - INFO - Received status code 200 for POST request (retry.py:355)
2025-12-04 07:50:35,966 - MainThread - databricks.sql.auth.thrift_http_client - INFO - HTTP Response with status code 200, message: OK (thrift_http_client.py:208)
2025-12-04 07:50:38,343 - MainThread - databricks.sql.auth.retry - INFO - Received status code 200 for POST request (retry.py:355)
2025-12-04 07:50:38,343 - MainThread - databricks.sql.auth.thrift_http_client - INFO - HTTP Response with status code 200, message: OK (thrift_http_client.py:208)
2025-12-04 07:50:40,228 - MainThread - databricks.sql.auth.retry - INFO - Received status code 200 for POST request (retry.py:355)
2025-12-04 07:50:40,228 - MainThread - databricks.sql.auth.thrift_http_client - INFO - HTTP Response with status code 200, message: OK (thrift_http_client.py:208)
2025-12-04 07:50:45,472 - MainThread - databricks.sql.auth.retry - INFO - Received status code 200 for POST request (retry.py:355)
2025-12-04 07:50:45,472 - MainThread - databricks.sql.auth.thrift_http_client - INFO - HTTP Response with status code 200, message: OK (thrift_http_client.py:208)
2025-12-04 07:50:46,529 - MainThread - databricks.sql.auth.retry - INFO - Received status code 200 for POST request (retry.py:355)
2025-12-04 07:50:46,529 - MainThread - databricks.sql.auth.thrift_http_client - INFO - HTTP Response with status code 200, message: OK (thrift_http_client.py:208)
2025-12-04 07:50:48,170 - MainThread - databricks.sql.auth.retry - INFO - Received status code 200 for POST request (retry.py:355)
2025-12-04 07:50:48,170 - MainThread - databricks.sql.auth.thrift_http_client - INFO - HTTP Response with status code 200, message: OK (thrift_http_client.py:208)
2025-12-04 07:50:48,437 - MainThread - databricks.sql.auth.retry - INFO - Received status code 200 for POST request (retry.py:355)
2025-12-04 07:50:48,437 - MainThread - databricks.sql.auth.thrift_http_client - INFO - HTTP Response with status code 200, message: OK (thrift_http_client.py:208)
2025-12-04 07:50:48,469 - MainThread - databricks.sql.session - INFO - Closing session 01f0d0e5-dbb9-13fb-b608-75916fd98eb9 (session.py:194)
2025-12-04 07:50:48,552 - MainThread - databricks.sql.auth.retry - INFO - Received status code 200 for POST request (retry.py:355)
2025-12-04 07:50:48,553 - MainThread - databricks.sql.auth.thrift_http_client - INFO - HTTP Response with status code 200, message: OK (thrift_http_client.py:208)
2025-12-04 07:50:48,558 - MainThread - root - INFO - Shutting down the event dispatcher (dispatcher.py:159)
