2025-12-02 18:50:08,303 - MainThread - sqlmesh.core.console - WARNING - The databricks engine is not recommended for storing SQLMesh state in production deployments. Please see https://sqlmesh.readthedocs.io/en/stable/guides/configuration/#state-connection for a list of recommended engines and more information. (console.py:2335)
2025-12-02 18:50:08,498 - MainThread - databricks.sql.session - WARNING - [WARN] Parameter '_user_agent_entry' is deprecated; use 'user_agent_entry' instead. This parameter will be removed in the upcoming releases. (session.py:55)
2025-12-02 18:50:08,852 - MainThread - databricks.sql.auth.retry - INFO - Received status code 200 for POST request (retry.py:355)
2025-12-02 18:50:08,852 - MainThread - databricks.sql.auth.thrift_http_client - INFO - HTTP Response with status code 200, message: OK (thrift_http_client.py:208)
2025-12-02 18:50:08,852 - MainThread - databricks.sql.session - INFO - Successfully opened session 01f0cfaf-ba05-1c14-976f-344400e5ecb8 (session.py:143)
2025-12-02 18:50:09,457 - MainThread - databricks.sql.auth.retry - INFO - Received status code 200 for POST request (retry.py:355)
2025-12-02 18:50:09,457 - MainThread - databricks.sql.auth.thrift_http_client - INFO - HTTP Response with status code 200, message: OK (thrift_http_client.py:208)
2025-12-02 18:50:09,635 - MainThread - databricks.sql.auth.retry - INFO - Received status code 200 for POST request (retry.py:355)
2025-12-02 18:50:09,635 - MainThread - databricks.sql.auth.thrift_http_client - INFO - HTTP Response with status code 200, message: OK (thrift_http_client.py:208)
2025-12-02 18:50:09,948 - MainThread - databricks.sql.auth.retry - INFO - Received status code 200 for POST request (retry.py:355)
2025-12-02 18:50:09,948 - MainThread - databricks.sql.auth.thrift_http_client - INFO - HTTP Response with status code 200, message: OK (thrift_http_client.py:208)
2025-12-02 18:50:10,097 - MainThread - databricks.sql.auth.retry - INFO - Received status code 200 for POST request (retry.py:355)
2025-12-02 18:50:10,097 - MainThread - databricks.sql.auth.thrift_http_client - INFO - HTTP Response with status code 200, message: OK (thrift_http_client.py:208)
2025-12-02 18:50:10,493 - MainThread - databricks.sql.auth.retry - INFO - Received status code 200 for POST request (retry.py:355)
2025-12-02 18:50:10,493 - MainThread - databricks.sql.auth.thrift_http_client - INFO - HTTP Response with status code 200, message: OK (thrift_http_client.py:208)
2025-12-02 18:50:10,972 - MainThread - databricks.sql.auth.retry - INFO - Received status code 200 for POST request (retry.py:355)
2025-12-02 18:50:10,972 - MainThread - databricks.sql.auth.thrift_http_client - INFO - HTTP Response with status code 200, message: OK (thrift_http_client.py:208)
2025-12-02 18:50:11,786 - MainThread - databricks.sql.auth.retry - INFO - Received status code 200 for POST request (retry.py:355)
2025-12-02 18:50:11,786 - MainThread - databricks.sql.auth.thrift_http_client - INFO - HTTP Response with status code 200, message: OK (thrift_http_client.py:208)
2025-12-02 18:50:12,352 - MainThread - databricks.sql.auth.retry - INFO - Received status code 200 for POST request (retry.py:355)
2025-12-02 18:50:12,352 - MainThread - databricks.sql.auth.thrift_http_client - INFO - HTTP Response with status code 200, message: OK (thrift_http_client.py:208)
2025-12-02 18:50:12,815 - MainThread - databricks.sql.auth.retry - INFO - Received status code 200 for POST request (retry.py:355)
2025-12-02 18:50:12,815 - MainThread - databricks.sql.auth.thrift_http_client - INFO - HTTP Response with status code 200, message: OK (thrift_http_client.py:208)
2025-12-02 18:50:13,512 - MainThread - databricks.sql.auth.retry - INFO - Received status code 200 for POST request (retry.py:355)
2025-12-02 18:50:13,512 - MainThread - databricks.sql.auth.thrift_http_client - INFO - HTTP Response with status code 200, message: OK (thrift_http_client.py:208)
2025-12-02 18:50:14,298 - MainThread - databricks.sql.auth.retry - INFO - Received status code 200 for POST request (retry.py:355)
2025-12-02 18:50:14,298 - MainThread - databricks.sql.auth.thrift_http_client - INFO - HTTP Response with status code 200, message: OK (thrift_http_client.py:208)
2025-12-02 18:50:14,431 - MainThread - databricks.sql.auth.retry - INFO - Received status code 200 for POST request (retry.py:355)
2025-12-02 18:50:14,431 - MainThread - databricks.sql.auth.thrift_http_client - INFO - HTTP Response with status code 200, message: OK (thrift_http_client.py:208)
2025-12-02 18:50:15,137 - MainThread - databricks.sql.auth.retry - INFO - Received status code 200 for POST request (retry.py:355)
2025-12-02 18:50:15,153 - MainThread - databricks.sql.auth.thrift_http_client - INFO - HTTP Response with status code 200, message: OK (thrift_http_client.py:208)
2025-12-02 18:50:15,328 - MainThread - databricks.sql.auth.retry - INFO - Received status code 200 for POST request (retry.py:355)
2025-12-02 18:50:15,328 - MainThread - databricks.sql.auth.thrift_http_client - INFO - HTTP Response with status code 200, message: OK (thrift_http_client.py:208)
2025-12-02 18:50:32,321 - MainThread - databricks.sql.auth.retry - INFO - Received status code 200 for POST request (retry.py:355)
2025-12-02 18:50:32,321 - MainThread - databricks.sql.auth.thrift_http_client - INFO - HTTP Response with status code 200, message: OK (thrift_http_client.py:208)
2025-12-02 18:50:32,980 - MainThread - databricks.sql.auth.retry - INFO - Received status code 200 for POST request (retry.py:355)
2025-12-02 18:50:32,980 - MainThread - databricks.sql.auth.thrift_http_client - INFO - HTTP Response with status code 200, message: OK (thrift_http_client.py:208)
2025-12-02 18:50:33,011 - MainThread - sqlmesh.core.plan.evaluator - INFO - Evaluating plan stage CreateSnapshotRecordsStage (evaluator.py:123)
2025-12-02 18:50:33,348 - MainThread - databricks.sql.auth.retry - INFO - Received status code 200 for POST request (retry.py:355)
2025-12-02 18:50:33,348 - MainThread - databricks.sql.auth.thrift_http_client - INFO - HTTP Response with status code 200, message: OK (thrift_http_client.py:208)
2025-12-02 18:50:35,112 - MainThread - databricks.sql.auth.retry - INFO - Received status code 200 for POST request (retry.py:355)
2025-12-02 18:50:35,112 - MainThread - databricks.sql.auth.thrift_http_client - INFO - HTTP Response with status code 200, message: OK (thrift_http_client.py:208)
2025-12-02 18:50:35,112 - MainThread - sqlmesh.core.plan.evaluator - INFO - Evaluating plan stage PhysicalLayerSchemaCreationStage (evaluator.py:123)
2025-12-02 18:50:35,121 - MainThread - sqlmesh.core.snapshot.evaluator - INFO - Creating schema 'newbankingdemo.sqlmesh__silver' (evaluator.py:1449)
2025-12-02 18:50:35,121 - MainThread - sqlmesh.core.engine_adapter.base - INFO - Executing SQL: /* SQLMESH_PLAN: adfc513b5b804763aab357a32ae3f3d0 */ CREATE SCHEMA IF NOT EXISTS `newbankingdemo`.`sqlmesh__silver` (base.py:2619)
2025-12-02 18:50:35,129 - MainThread - databricks.sql.session - WARNING - [WARN] Parameter '_user_agent_entry' is deprecated; use 'user_agent_entry' instead. This parameter will be removed in the upcoming releases. (session.py:55)
2025-12-02 18:50:35,351 - MainThread - databricks.sql.auth.retry - INFO - Received status code 200 for POST request (retry.py:355)
2025-12-02 18:50:35,351 - MainThread - databricks.sql.auth.thrift_http_client - INFO - HTTP Response with status code 200, message: OK (thrift_http_client.py:208)
2025-12-02 18:50:35,367 - MainThread - databricks.sql.session - INFO - Successfully opened session 01f0cfaf-c9d9-173d-80cb-35d26abcaa9b (session.py:143)
2025-12-02 18:50:35,597 - MainThread - databricks.sql.auth.retry - INFO - Received status code 200 for POST request (retry.py:355)
2025-12-02 18:50:35,597 - MainThread - databricks.sql.auth.thrift_http_client - INFO - HTTP Response with status code 200, message: OK (thrift_http_client.py:208)
2025-12-02 18:50:35,614 - MainThread - sqlmesh.core.snapshot.evaluator - INFO - Creating schema 'newbankingdemo.sqlmesh__gold' (evaluator.py:1449)
2025-12-02 18:50:35,614 - MainThread - sqlmesh.core.engine_adapter.base - INFO - Executing SQL: /* SQLMESH_PLAN: adfc513b5b804763aab357a32ae3f3d0 */ CREATE SCHEMA IF NOT EXISTS `newbankingdemo`.`sqlmesh__gold` (base.py:2619)
2025-12-02 18:50:35,789 - MainThread - databricks.sql.auth.retry - INFO - Received status code 200 for POST request (retry.py:355)
2025-12-02 18:50:35,789 - MainThread - databricks.sql.auth.thrift_http_client - INFO - HTTP Response with status code 200, message: OK (thrift_http_client.py:208)
2025-12-02 18:50:35,806 - MainThread - sqlmesh.core.plan.evaluator - INFO - Evaluating plan stage BackfillStage (evaluator.py:123)
2025-12-02 18:50:35,806 - MainThread - sqlmesh.core.snapshot.evaluator - INFO - Listing data objects in schema newbankingdemo.sqlmesh__gold (evaluator.py:1616)
2025-12-02 18:50:35,824 - MainThread - sqlmesh.core.engine_adapter.base - INFO - Executing SQL: /* SQLMESH_PLAN: adfc513b5b804763aab357a32ae3f3d0 */ SELECT `table_name` AS `name`, `table_schema` AS `schema`, `table_catalog` AS `catalog`, CASE `table_type` WHEN 'VIEW' THEN 'view' WHEN 'MATERIALIZED_VIEW' THEN 'materialized_view' ELSE 'table' END AS `type` FROM `system`.`information_schema`.`tables` WHERE (`table_catalog` = 'newbankingdemo' AND `table_schema` = 'sqlmesh__gold') AND `table_name` IN ('gold__transactions_2__1721424202') (base.py:2619)
2025-12-02 18:50:36,087 - MainThread - databricks.sql.auth.retry - INFO - Received status code 200 for POST request (retry.py:355)
2025-12-02 18:50:36,087 - MainThread - databricks.sql.auth.thrift_http_client - INFO - HTTP Response with status code 200, message: OK (thrift_http_client.py:208)
2025-12-02 18:50:36,100 - MainThread - sqlmesh.core.snapshot.evaluator - INFO - Evaluating snapshot SnapshotId<"newbankingdemo"."gold"."transactions_2": 4204978203> (evaluator.py:711)
2025-12-02 18:50:36,100 - MainThread - sqlmesh.core.engine_adapter.base - INFO - Executing SQL: /* SQLMESH_PLAN: adfc513b5b804763aab357a32ae3f3d0 */ USE CATALOG `newbankingdemo` (base.py:2619)
2025-12-02 18:50:36,270 - MainThread - databricks.sql.auth.retry - INFO - Received status code 200 for POST request (retry.py:355)
2025-12-02 18:50:36,270 - MainThread - databricks.sql.auth.thrift_http_client - INFO - HTTP Response with status code 200, message: OK (thrift_http_client.py:208)
2025-12-02 18:50:36,272 - MainThread - sqlmesh.core.snapshot.evaluator - INFO - Inserting data for snapshot SnapshotId<"newbankingdemo"."gold"."transactions_2": 4204978203> (evaluator.py:952)
2025-12-02 18:50:36,281 - MainThread - sqlmesh.core.snapshot.evaluator - INFO - Inserting batch (2025-12-01 00:00:00, 2025-12-02 00:00:00) into newbankingdemo.sqlmesh__gold.gold__transactions_2__1721424202' (evaluator.py:984)
2025-12-02 18:50:36,290 - MainThread - sqlmesh.core.engine_adapter.base - INFO - Executing SQL: /* SQLMESH_PLAN: adfc513b5b804763aab357a32ae3f3d0 */ CREATE TABLE IF NOT EXISTS `newbankingdemo`.`sqlmesh__gold`.`gold__transactions_2__1721424202` AS SELECT CAST(`accountnumber` AS STRING) AS `accountnumber`, CAST(`customernumber` AS STRING) AS `customernumber`, CAST(`transactionyear` AS INT) AS `transactionyear`, CAST(`transactionmonth` AS INT) AS `transactionmonth`, CAST(`transactionmonthname` AS STRING) AS `transactionmonthname`, CAST(`transactionday` AS INT) AS `transactionday`, CAST(`transactiondayname` AS STRING) AS `transactiondayname`, CAST(`transactionamount` AS DECIMAL(15, 2)) AS `transactionamount` FROM (SELECT CAST(`transactions_2`.`accountnumber` AS STRING) AS `accountnumber`, CAST(`transactions_2`.`customernumber` AS STRING) AS `customernumber`, CAST(YEAR(`transactions_2`.`transactiondate`) AS INT) AS `transactionyear`, CAST(MONTH(`transactions_2`.`transactiondate`) AS INT) AS `transactionmonth`, CAST(MONTHNAME(`transactions_2`.`transactiondate`) AS STRING) AS `transactionmonthname`, CAST(DAY(`transactions_2`.`transactiondate`) AS INT) AS `transactionday`, CAST(DAYNAME(`transactions_2`.`transactiondate`) AS STRING) AS `transactiondayname`, CAST(`transactions_2`.`transactionamount` AS DECIMAL(15, 2)) AS `transactionamount` FROM `newbankingdemo`.`sqlmesh__silver`.`silver__transactions_2__615368167` AS `transactions_2`) AS `_subquery` (base.py:2619)
2025-12-02 18:50:38,919 - MainThread - databricks.sql.auth.retry - INFO - Received status code 200 for POST request (retry.py:355)
2025-12-02 18:50:38,919 - MainThread - databricks.sql.auth.thrift_http_client - INFO - HTTP Response with status code 200, message: OK (thrift_http_client.py:208)
2025-12-02 18:50:38,930 - MainThread - sqlmesh.core.engine_adapter.base - INFO - Executing SQL: /* SQLMESH_PLAN: adfc513b5b804763aab357a32ae3f3d0 */ SELECT CURRENT_CATALOG() (base.py:2619)
2025-12-02 18:50:39,093 - MainThread - databricks.sql.auth.retry - INFO - Received status code 200 for POST request (retry.py:355)
2025-12-02 18:50:39,093 - MainThread - databricks.sql.auth.thrift_http_client - INFO - HTTP Response with status code 200, message: OK (thrift_http_client.py:208)
2025-12-02 18:50:39,111 - MainThread - sqlmesh.core.engine_adapter.base - INFO - Executing SQL: /* SQLMESH_PLAN: adfc513b5b804763aab357a32ae3f3d0 */ ALTER TABLE `newbankingdemo`.`sqlmesh__gold`.`gold__transactions_2__1721424202` ALTER COLUMN `accountnumber` COMMENT 'The Account Number of the account' (base.py:2619)
2025-12-02 18:50:39,997 - MainThread - databricks.sql.auth.retry - INFO - Received status code 200 for POST request (retry.py:355)
2025-12-02 18:50:39,997 - MainThread - databricks.sql.auth.thrift_http_client - INFO - HTTP Response with status code 200, message: OK (thrift_http_client.py:208)
2025-12-02 18:50:40,013 - MainThread - sqlmesh.core.engine_adapter.base - INFO - Executing SQL: /* SQLMESH_PLAN: adfc513b5b804763aab357a32ae3f3d0 */ SELECT CURRENT_CATALOG() (base.py:2619)
2025-12-02 18:50:40,145 - MainThread - databricks.sql.auth.retry - INFO - Received status code 200 for POST request (retry.py:355)
2025-12-02 18:50:40,145 - MainThread - databricks.sql.auth.thrift_http_client - INFO - HTTP Response with status code 200, message: OK (thrift_http_client.py:208)
2025-12-02 18:50:40,172 - MainThread - sqlmesh.core.engine_adapter.base - INFO - Executing SQL: /* SQLMESH_PLAN: adfc513b5b804763aab357a32ae3f3d0 */ ALTER TABLE `newbankingdemo`.`sqlmesh__gold`.`gold__transactions_2__1721424202` ALTER COLUMN `customernumber` COMMENT 'The Customer Number of the account owner' (base.py:2619)
2025-12-02 18:50:40,934 - MainThread - databricks.sql.auth.retry - INFO - Received status code 200 for POST request (retry.py:355)
2025-12-02 18:50:40,934 - MainThread - databricks.sql.auth.thrift_http_client - INFO - HTTP Response with status code 200, message: OK (thrift_http_client.py:208)
2025-12-02 18:50:40,943 - MainThread - sqlmesh.core.engine_adapter.base - INFO - Executing SQL: /* SQLMESH_PLAN: adfc513b5b804763aab357a32ae3f3d0 */ SELECT CURRENT_CATALOG() (base.py:2619)
2025-12-02 18:50:41,089 - MainThread - databricks.sql.auth.retry - INFO - Received status code 200 for POST request (retry.py:355)
2025-12-02 18:50:41,089 - MainThread - databricks.sql.auth.thrift_http_client - INFO - HTTP Response with status code 200, message: OK (thrift_http_client.py:208)
2025-12-02 18:50:41,097 - MainThread - sqlmesh.core.engine_adapter.base - INFO - Executing SQL: /* SQLMESH_PLAN: adfc513b5b804763aab357a32ae3f3d0 */ ALTER TABLE `newbankingdemo`.`sqlmesh__gold`.`gold__transactions_2__1721424202` ALTER COLUMN `transactionyear` COMMENT 'The Year the transaction occurred' (base.py:2619)
2025-12-02 18:50:41,871 - MainThread - databricks.sql.auth.retry - INFO - Received status code 200 for POST request (retry.py:355)
2025-12-02 18:50:41,871 - MainThread - databricks.sql.auth.thrift_http_client - INFO - HTTP Response with status code 200, message: OK (thrift_http_client.py:208)
2025-12-02 18:50:41,879 - MainThread - sqlmesh.core.engine_adapter.base - INFO - Executing SQL: /* SQLMESH_PLAN: adfc513b5b804763aab357a32ae3f3d0 */ SELECT CURRENT_CATALOG() (base.py:2619)
2025-12-02 18:50:42,030 - MainThread - databricks.sql.auth.retry - INFO - Received status code 200 for POST request (retry.py:355)
2025-12-02 18:50:42,030 - MainThread - databricks.sql.auth.thrift_http_client - INFO - HTTP Response with status code 200, message: OK (thrift_http_client.py:208)
2025-12-02 18:50:42,039 - MainThread - sqlmesh.core.engine_adapter.base - INFO - Executing SQL: /* SQLMESH_PLAN: adfc513b5b804763aab357a32ae3f3d0 */ ALTER TABLE `newbankingdemo`.`sqlmesh__gold`.`gold__transactions_2__1721424202` ALTER COLUMN `transactionmonth` COMMENT 'The Month the transaction occurred' (base.py:2619)
2025-12-02 18:50:42,779 - MainThread - databricks.sql.auth.retry - INFO - Received status code 200 for POST request (retry.py:355)
2025-12-02 18:50:42,779 - MainThread - databricks.sql.auth.thrift_http_client - INFO - HTTP Response with status code 200, message: OK (thrift_http_client.py:208)
2025-12-02 18:50:42,787 - MainThread - sqlmesh.core.engine_adapter.base - INFO - Executing SQL: /* SQLMESH_PLAN: adfc513b5b804763aab357a32ae3f3d0 */ SELECT CURRENT_CATALOG() (base.py:2619)
2025-12-02 18:50:42,928 - MainThread - databricks.sql.auth.retry - INFO - Received status code 200 for POST request (retry.py:355)
2025-12-02 18:50:42,928 - MainThread - databricks.sql.auth.thrift_http_client - INFO - HTTP Response with status code 200, message: OK (thrift_http_client.py:208)
2025-12-02 18:50:42,928 - MainThread - sqlmesh.core.engine_adapter.base - INFO - Executing SQL: /* SQLMESH_PLAN: adfc513b5b804763aab357a32ae3f3d0 */ ALTER TABLE `newbankingdemo`.`sqlmesh__gold`.`gold__transactions_2__1721424202` ALTER COLUMN `transactionmonthname` COMMENT 'The MonthName the transaction occurred' (base.py:2619)
2025-12-02 18:50:43,626 - MainThread - databricks.sql.auth.retry - INFO - Received status code 200 for POST request (retry.py:355)
2025-12-02 18:50:43,627 - MainThread - databricks.sql.auth.thrift_http_client - INFO - HTTP Response with status code 200, message: OK (thrift_http_client.py:208)
2025-12-02 18:50:43,630 - MainThread - sqlmesh.core.engine_adapter.base - INFO - Executing SQL: /* SQLMESH_PLAN: adfc513b5b804763aab357a32ae3f3d0 */ SELECT CURRENT_CATALOG() (base.py:2619)
2025-12-02 18:50:43,807 - MainThread - databricks.sql.auth.retry - INFO - Received status code 200 for POST request (retry.py:355)
2025-12-02 18:50:43,807 - MainThread - databricks.sql.auth.thrift_http_client - INFO - HTTP Response with status code 200, message: OK (thrift_http_client.py:208)
2025-12-02 18:50:43,807 - MainThread - sqlmesh.core.engine_adapter.base - INFO - Executing SQL: /* SQLMESH_PLAN: adfc513b5b804763aab357a32ae3f3d0 */ ALTER TABLE `newbankingdemo`.`sqlmesh__gold`.`gold__transactions_2__1721424202` ALTER COLUMN `transactionday` COMMENT 'The Day the transaction occurred' (base.py:2619)
2025-12-02 18:50:44,595 - MainThread - databricks.sql.auth.retry - INFO - Received status code 200 for POST request (retry.py:355)
2025-12-02 18:50:44,596 - MainThread - databricks.sql.auth.thrift_http_client - INFO - HTTP Response with status code 200, message: OK (thrift_http_client.py:208)
2025-12-02 18:50:44,601 - MainThread - sqlmesh.core.engine_adapter.base - INFO - Executing SQL: /* SQLMESH_PLAN: adfc513b5b804763aab357a32ae3f3d0 */ SELECT CURRENT_CATALOG() (base.py:2619)
2025-12-02 18:50:44,750 - MainThread - databricks.sql.auth.retry - INFO - Received status code 200 for POST request (retry.py:355)
2025-12-02 18:50:44,750 - MainThread - databricks.sql.auth.thrift_http_client - INFO - HTTP Response with status code 200, message: OK (thrift_http_client.py:208)
2025-12-02 18:50:44,759 - MainThread - sqlmesh.core.engine_adapter.base - INFO - Executing SQL: /* SQLMESH_PLAN: adfc513b5b804763aab357a32ae3f3d0 */ ALTER TABLE `newbankingdemo`.`sqlmesh__gold`.`gold__transactions_2__1721424202` ALTER COLUMN `transactiondayname` COMMENT 'The Day Name the transaction occurred' (base.py:2619)
2025-12-02 18:50:45,556 - MainThread - databricks.sql.auth.retry - INFO - Received status code 200 for POST request (retry.py:355)
2025-12-02 18:50:45,556 - MainThread - databricks.sql.auth.thrift_http_client - INFO - HTTP Response with status code 200, message: OK (thrift_http_client.py:208)
2025-12-02 18:50:45,572 - MainThread - sqlmesh.core.engine_adapter.base - INFO - Executing SQL: /* SQLMESH_PLAN: adfc513b5b804763aab357a32ae3f3d0 */ SELECT CURRENT_CATALOG() (base.py:2619)
2025-12-02 18:50:45,862 - MainThread - databricks.sql.auth.retry - INFO - Received status code 200 for POST request (retry.py:355)
2025-12-02 18:50:45,862 - MainThread - databricks.sql.auth.thrift_http_client - INFO - HTTP Response with status code 200, message: OK (thrift_http_client.py:208)
2025-12-02 18:50:45,880 - MainThread - sqlmesh.core.engine_adapter.base - INFO - Executing SQL: /* SQLMESH_PLAN: adfc513b5b804763aab357a32ae3f3d0 */ ALTER TABLE `newbankingdemo`.`sqlmesh__gold`.`gold__transactions_2__1721424202` ALTER COLUMN `transactionamount` COMMENT 'The amount of the transaction' (base.py:2619)
2025-12-02 18:50:46,721 - MainThread - databricks.sql.auth.retry - INFO - Received status code 200 for POST request (retry.py:355)
2025-12-02 18:50:46,721 - MainThread - databricks.sql.auth.thrift_http_client - INFO - HTTP Response with status code 200, message: OK (thrift_http_client.py:208)
2025-12-02 18:50:46,721 - MainThread - sqlmesh.core.state_sync.db.facade - INFO - Adding interval (2025-12-01 00:00:00, 2025-12-02 00:00:00) for snapshot SnapshotId<"newbankingdemo"."gold"."transactions_2": 4204978203> (facade.py:637)
2025-12-02 18:50:46,721 - MainThread - sqlmesh.core.state_sync.db.interval - INFO - Pushing intervals for snapshot SnapshotId<"newbankingdemo"."gold"."transactions_2": 4204978203> (interval.py:215)
2025-12-02 18:50:48,211 - MainThread - databricks.sql.auth.retry - INFO - Received status code 200 for POST request (retry.py:355)
2025-12-02 18:50:48,211 - MainThread - databricks.sql.auth.thrift_http_client - INFO - HTTP Response with status code 200, message: OK (thrift_http_client.py:208)
2025-12-02 18:50:48,245 - MainThread - sqlmesh.core.plan.evaluator - INFO - Evaluating plan stage EnvironmentRecordUpdateStage (evaluator.py:123)
2025-12-02 18:50:48,245 - MainThread - sqlmesh.core.state_sync.db.facade - INFO - Promoting environment 'prod' (facade.py:167)
2025-12-02 18:50:48,769 - MainThread - databricks.sql.auth.retry - INFO - Received status code 200 for POST request (retry.py:355)
2025-12-02 18:50:48,769 - MainThread - databricks.sql.auth.thrift_http_client - INFO - HTTP Response with status code 200, message: OK (thrift_http_client.py:208)
2025-12-02 18:50:48,947 - MainThread - databricks.sql.auth.retry - INFO - Received status code 200 for POST request (retry.py:355)
2025-12-02 18:50:48,947 - MainThread - databricks.sql.auth.thrift_http_client - INFO - HTTP Response with status code 200, message: OK (thrift_http_client.py:208)
2025-12-02 18:50:50,646 - MainThread - databricks.sql.auth.retry - INFO - Received status code 200 for POST request (retry.py:355)
2025-12-02 18:50:50,646 - MainThread - databricks.sql.auth.thrift_http_client - INFO - HTTP Response with status code 200, message: OK (thrift_http_client.py:208)
2025-12-02 18:50:51,398 - MainThread - databricks.sql.auth.retry - INFO - Received status code 200 for POST request (retry.py:355)
2025-12-02 18:50:51,398 - MainThread - databricks.sql.auth.thrift_http_client - INFO - HTTP Response with status code 200, message: OK (thrift_http_client.py:208)
2025-12-02 18:50:53,022 - MainThread - databricks.sql.auth.retry - INFO - Received status code 200 for POST request (retry.py:355)
2025-12-02 18:50:53,022 - MainThread - databricks.sql.auth.thrift_http_client - INFO - HTTP Response with status code 200, message: OK (thrift_http_client.py:208)
2025-12-02 18:50:53,747 - MainThread - databricks.sql.auth.retry - INFO - Received status code 200 for POST request (retry.py:355)
2025-12-02 18:50:53,747 - MainThread - databricks.sql.auth.thrift_http_client - INFO - HTTP Response with status code 200, message: OK (thrift_http_client.py:208)
2025-12-02 18:50:53,747 - MainThread - sqlmesh.core.plan.evaluator - INFO - Evaluating plan stage UnpauseStage (evaluator.py:123)
2025-12-02 18:50:55,720 - MainThread - databricks.sql.auth.retry - INFO - Received status code 200 for POST request (retry.py:355)
2025-12-02 18:50:55,721 - MainThread - databricks.sql.auth.thrift_http_client - INFO - HTTP Response with status code 200, message: OK (thrift_http_client.py:208)
2025-12-02 18:50:57,399 - MainThread - databricks.sql.auth.retry - INFO - Received status code 200 for POST request (retry.py:355)
2025-12-02 18:50:57,399 - MainThread - databricks.sql.auth.thrift_http_client - INFO - HTTP Response with status code 200, message: OK (thrift_http_client.py:208)
2025-12-02 18:50:58,527 - MainThread - databricks.sql.auth.retry - INFO - Received status code 200 for POST request (retry.py:355)
2025-12-02 18:50:58,527 - MainThread - databricks.sql.auth.thrift_http_client - INFO - HTTP Response with status code 200, message: OK (thrift_http_client.py:208)
2025-12-02 18:50:58,527 - MainThread - sqlmesh.core.plan.evaluator - INFO - Evaluating plan stage VirtualLayerUpdateStage (evaluator.py:123)
2025-12-02 18:50:58,544 - MainThread - sqlmesh.core.snapshot.evaluator - INFO - Creating schema 'newbankingdemo.gold' (evaluator.py:1449)
2025-12-02 18:50:58,545 - MainThread - sqlmesh.core.engine_adapter.base - INFO - Executing SQL: /* SQLMESH_PLAN: adfc513b5b804763aab357a32ae3f3d0 */ CREATE SCHEMA IF NOT EXISTS `newbankingdemo`.`gold` (base.py:2619)
2025-12-02 18:50:58,778 - MainThread - databricks.sql.auth.retry - INFO - Received status code 200 for POST request (retry.py:355)
2025-12-02 18:50:58,778 - MainThread - databricks.sql.auth.thrift_http_client - INFO - HTTP Response with status code 200, message: OK (thrift_http_client.py:208)
2025-12-02 18:50:58,782 - MainThread - sqlmesh.core.snapshot.evaluator - INFO - Listing data objects in schema newbankingdemo.gold (evaluator.py:1616)
2025-12-02 18:50:58,786 - MainThread - sqlmesh.core.engine_adapter.base - INFO - Executing SQL: /* SQLMESH_PLAN: adfc513b5b804763aab357a32ae3f3d0 */ SELECT `table_name` AS `name`, `table_schema` AS `schema`, `table_catalog` AS `catalog`, CASE `table_type` WHEN 'VIEW' THEN 'view' WHEN 'MATERIALIZED_VIEW' THEN 'materialized_view' ELSE 'table' END AS `type` FROM `system`.`information_schema`.`tables` WHERE (`table_catalog` = 'newbankingdemo' AND `table_schema` = 'gold') AND `table_name` IN ('transactions_2') (base.py:2619)
2025-12-02 18:50:59,094 - MainThread - databricks.sql.auth.retry - INFO - Received status code 200 for POST request (retry.py:355)
2025-12-02 18:50:59,094 - MainThread - databricks.sql.auth.thrift_http_client - INFO - HTTP Response with status code 200, message: OK (thrift_http_client.py:208)
2025-12-02 18:50:59,108 - MainThread - sqlmesh.core.engine_adapter.base - INFO - Executing SQL: /* SQLMESH_PLAN: adfc513b5b804763aab357a32ae3f3d0 */ USE CATALOG `newbankingdemo` (base.py:2619)
2025-12-02 18:50:59,256 - MainThread - databricks.sql.auth.retry - INFO - Received status code 200 for POST request (retry.py:355)
2025-12-02 18:50:59,257 - MainThread - databricks.sql.auth.thrift_http_client - INFO - HTTP Response with status code 200, message: OK (thrift_http_client.py:208)
2025-12-02 18:50:59,259 - MainThread - sqlmesh.core.snapshot.evaluator - INFO - Updating view 'newbankingdemo.gold.transactions_2' to point at table 'newbankingdemo.sqlmesh__gold.gold__transactions_2__1721424202' (evaluator.py:1988)
2025-12-02 18:50:59,261 - MainThread - sqlmesh.core.engine_adapter.base - INFO - Executing SQL: /* SQLMESH_PLAN: adfc513b5b804763aab357a32ae3f3d0 */ CREATE OR REPLACE VIEW `newbankingdemo`.`gold`.`transactions_2` AS SELECT * FROM `newbankingdemo`.`sqlmesh__gold`.`gold__transactions_2__1721424202` (base.py:2619)
2025-12-02 18:50:59,793 - MainThread - databricks.sql.auth.retry - INFO - Received status code 200 for POST request (retry.py:355)
2025-12-02 18:50:59,794 - MainThread - databricks.sql.auth.thrift_http_client - INFO - HTTP Response with status code 200, message: OK (thrift_http_client.py:208)
2025-12-02 18:50:59,800 - MainThread - sqlmesh.core.plan.evaluator - INFO - Evaluating plan stage FinalizeEnvironmentStage (evaluator.py:123)
2025-12-02 18:50:59,800 - MainThread - sqlmesh.core.state_sync.db.environment - INFO - Finalizing environment 'prod' (environment.py:141)
2025-12-02 18:51:00,218 - MainThread - databricks.sql.auth.retry - INFO - Received status code 200 for POST request (retry.py:355)
2025-12-02 18:51:00,220 - MainThread - databricks.sql.auth.thrift_http_client - INFO - HTTP Response with status code 200, message: OK (thrift_http_client.py:208)
2025-12-02 18:51:02,110 - MainThread - databricks.sql.auth.retry - INFO - Received status code 200 for POST request (retry.py:355)
2025-12-02 18:51:02,110 - MainThread - databricks.sql.auth.thrift_http_client - INFO - HTTP Response with status code 200, message: OK (thrift_http_client.py:208)
2025-12-02 18:51:02,110 - MainThread - databricks.sql.session - INFO - Closing session 01f0cfaf-c9d9-173d-80cb-35d26abcaa9b (session.py:194)
2025-12-02 18:51:02,171 - MainThread - databricks.sql.auth.retry - INFO - Received status code 200 for POST request (retry.py:355)
2025-12-02 18:51:02,171 - MainThread - databricks.sql.auth.thrift_http_client - INFO - HTTP Response with status code 200, message: OK (thrift_http_client.py:208)
2025-12-02 18:51:02,187 - MainThread - databricks.sql.session - INFO - Closing session 01f0cfaf-ba05-1c14-976f-344400e5ecb8 (session.py:194)
2025-12-02 18:51:02,252 - MainThread - databricks.sql.auth.retry - INFO - Received status code 200 for POST request (retry.py:355)
2025-12-02 18:51:02,261 - MainThread - databricks.sql.auth.thrift_http_client - INFO - HTTP Response with status code 200, message: OK (thrift_http_client.py:208)
2025-12-02 18:51:02,268 - MainThread - root - INFO - Shutting down the event dispatcher (dispatcher.py:159)
