2025-12-02 13:53:08,918 - MainThread - sqlmesh.core.console - WARNING - The databricks engine is not recommended for storing SQLMesh state in production deployments. Please see https://sqlmesh.readthedocs.io/en/stable/guides/configuration/#state-connection for a list of recommended engines and more information. (console.py:2335)
2025-12-02 13:53:09,119 - MainThread - databricks.sql.session - WARNING - [WARN] Parameter '_user_agent_entry' is deprecated; use 'user_agent_entry' instead. This parameter will be removed in the upcoming releases. (session.py:55)
2025-12-02 13:53:09,358 - MainThread - databricks.sql.auth.retry - INFO - Received status code 404 for POST request (retry.py:355)
2025-12-02 13:54:09,397 - MainThread - databricks.sql.auth.retry - INFO - Received status code 404 for POST request (retry.py:355)
2025-12-02 13:55:09,607 - MainThread - databricks.sql.auth.retry - INFO - Received status code 404 for POST request (retry.py:355)
2025-12-02 13:56:09,649 - MainThread - databricks.sql.auth.retry - INFO - Received status code 404 for POST request (retry.py:355)
2025-12-02 13:57:09,684 - MainThread - databricks.sql.auth.retry - INFO - Received status code 404 for POST request (retry.py:355)
2025-12-02 13:58:09,704 - MainThread - databricks.sql.auth.retry - INFO - Received status code 404 for POST request (retry.py:355)
2025-12-02 13:59:10,124 - MainThread - databricks.sql.auth.retry - INFO - Received status code 404 for POST request (retry.py:355)
2025-12-02 14:00:10,167 - MainThread - databricks.sql.auth.retry - INFO - Received status code 404 for POST request (retry.py:355)
2025-12-02 14:01:10,210 - MainThread - databricks.sql.auth.retry - INFO - Received status code 404 for POST request (retry.py:355)
2025-12-02 14:02:10,237 - MainThread - databricks.sql.auth.retry - INFO - Received status code 404 for POST request (retry.py:355)
2025-12-02 14:03:10,485 - MainThread - databricks.sql.auth.retry - INFO - Received status code 404 for POST request (retry.py:355)
2025-12-02 14:04:10,511 - MainThread - databricks.sql.auth.retry - INFO - Received status code 404 for POST request (retry.py:355)
2025-12-02 14:05:10,764 - MainThread - databricks.sql.auth.retry - INFO - Received status code 404 for POST request (retry.py:355)
2025-12-02 14:06:10,806 - MainThread - databricks.sql.auth.retry - INFO - Received status code 404 for POST request (retry.py:355)
2025-12-02 14:07:10,835 - MainThread - databricks.sql.auth.retry - INFO - Received status code 404 for POST request (retry.py:355)
2025-12-02 14:07:10,851 - MainThread - databricks.sql.backend.thrift_backend - ERROR - ThriftBackend.attempt_request: Exception: Retry request would exceed Retry policy max retry duration of 900.0 seconds (thrift_backend.py:477)
2025-12-02 14:07:10,851 - MainThread - databricks.sql.backend.thrift_backend - INFO - Error during request to server. Retry request would exceed Retry policy max retry duration of 900.0 seconds: {"method": "OpenSession", "session-id": null, "query-id": null, "http-code": null, "error-message": "", "original-exception": "Retry request would exceed Retry policy max retry duration of 900.0 seconds", "no-retry-reason": "non-retryable error", "bounded-retry-delay": null, "attempt": "1/30", "elapsed-seconds": "841.7173700332642/900.0"} (thrift_backend.py:346)
2025-12-02 14:07:10,915 - MainThread - databricks.sql.session - WARNING - [WARN] Parameter '_user_agent_entry' is deprecated; use 'user_agent_entry' instead. This parameter will be removed in the upcoming releases. (session.py:55)
2025-12-02 14:07:11,102 - MainThread - databricks.sql.auth.retry - INFO - Received status code 404 for POST request (retry.py:355)
2025-12-02 14:08:11,137 - MainThread - databricks.sql.auth.retry - INFO - Received status code 404 for POST request (retry.py:355)
2025-12-02 14:09:11,197 - MainThread - databricks.sql.auth.retry - INFO - Received status code 404 for POST request (retry.py:355)
2025-12-02 14:10:11,480 - MainThread - databricks.sql.auth.retry - INFO - Received status code 404 for POST request (retry.py:355)
2025-12-02 14:11:11,515 - MainThread - databricks.sql.auth.retry - INFO - Received status code 404 for POST request (retry.py:355)
2025-12-02 14:12:11,021 - ThreadPoolExecutor-1_0 - databricks.sql.auth.retry - INFO - Received status code 200 for POST request (retry.py:355)
2025-12-02 14:12:11,554 - MainThread - databricks.sql.auth.retry - INFO - Received status code 404 for POST request (retry.py:355)
2025-12-02 14:13:11,779 - MainThread - databricks.sql.auth.retry - INFO - Received status code 404 for POST request (retry.py:355)
2025-12-02 14:14:11,812 - MainThread - databricks.sql.auth.retry - INFO - Received status code 404 for POST request (retry.py:355)
2025-12-02 14:15:12,017 - MainThread - databricks.sql.auth.retry - INFO - Received status code 404 for POST request (retry.py:355)
2025-12-02 14:16:12,054 - MainThread - databricks.sql.auth.retry - INFO - Received status code 404 for POST request (retry.py:355)
2025-12-02 14:17:12,078 - MainThread - databricks.sql.auth.retry - INFO - Received status code 404 for POST request (retry.py:355)
2025-12-02 14:18:12,109 - MainThread - databricks.sql.auth.retry - INFO - Received status code 404 for POST request (retry.py:355)
2025-12-02 14:19:12,158 - MainThread - databricks.sql.auth.retry - INFO - Received status code 404 for POST request (retry.py:355)
2025-12-02 14:20:12,193 - MainThread - databricks.sql.auth.retry - INFO - Received status code 404 for POST request (retry.py:355)
2025-12-02 14:21:12,396 - MainThread - databricks.sql.auth.retry - INFO - Received status code 404 for POST request (retry.py:355)
2025-12-02 14:21:12,412 - MainThread - databricks.sql.backend.thrift_backend - ERROR - ThriftBackend.attempt_request: Exception: Retry request would exceed Retry policy max retry duration of 900.0 seconds (thrift_backend.py:477)
2025-12-02 14:21:12,412 - MainThread - databricks.sql.backend.thrift_backend - INFO - Error during request to server. Retry request would exceed Retry policy max retry duration of 900.0 seconds: {"method": "OpenSession", "session-id": null, "query-id": null, "http-code": null, "error-message": "", "original-exception": "Retry request would exceed Retry policy max retry duration of 900.0 seconds", "no-retry-reason": "non-retryable error", "bounded-retry-delay": null, "attempt": "1/30", "elapsed-seconds": "841.4736058712006/900.0"} (thrift_backend.py:346)
2025-12-02 14:21:12,459 - MainThread - databricks.sql.session - WARNING - [WARN] Parameter '_user_agent_entry' is deprecated; use 'user_agent_entry' instead. This parameter will be removed in the upcoming releases. (session.py:55)
2025-12-02 14:21:12,626 - MainThread - databricks.sql.auth.retry - INFO - Received status code 404 for POST request (retry.py:355)
2025-12-02 14:22:11,025 - ThreadPoolExecutor-1_0 - databricks.sql.auth.retry - INFO - Received status code 200 for POST request (retry.py:355)
2025-12-02 14:22:12,655 - MainThread - databricks.sql.auth.retry - INFO - Received status code 404 for POST request (retry.py:355)
2025-12-02 14:23:12,685 - MainThread - databricks.sql.auth.retry - INFO - Received status code 404 for POST request (retry.py:355)
2025-12-02 14:24:12,925 - MainThread - databricks.sql.auth.retry - INFO - Received status code 404 for POST request (retry.py:355)
2025-12-02 14:25:12,972 - MainThread - databricks.sql.auth.retry - INFO - Received status code 404 for POST request (retry.py:355)
2025-12-02 14:26:12,998 - MainThread - databricks.sql.auth.retry - INFO - Received status code 404 for POST request (retry.py:355)
2025-12-02 14:27:13,287 - MainThread - databricks.sql.auth.retry - INFO - Received status code 404 for POST request (retry.py:355)
2025-12-02 14:28:13,327 - MainThread - databricks.sql.auth.retry - INFO - Received status code 404 for POST request (retry.py:355)
2025-12-02 14:29:13,360 - MainThread - databricks.sql.auth.retry - INFO - Received status code 404 for POST request (retry.py:355)
2025-12-02 14:30:13,598 - MainThread - databricks.sql.auth.retry - INFO - Received status code 404 for POST request (retry.py:355)
2025-12-02 14:31:13,648 - MainThread - databricks.sql.auth.retry - INFO - Received status code 404 for POST request (retry.py:355)
2025-12-02 14:32:13,939 - MainThread - databricks.sql.auth.retry - INFO - Received status code 404 for POST request (retry.py:355)
2025-12-02 14:33:13,969 - MainThread - databricks.sql.auth.retry - INFO - Received status code 404 for POST request (retry.py:355)
2025-12-02 14:34:13,993 - MainThread - databricks.sql.auth.retry - INFO - Received status code 404 for POST request (retry.py:355)
2025-12-02 14:35:14,036 - MainThread - databricks.sql.auth.retry - INFO - Received status code 404 for POST request (retry.py:355)
2025-12-02 14:35:14,036 - MainThread - databricks.sql.backend.thrift_backend - ERROR - ThriftBackend.attempt_request: Exception: Retry request would exceed Retry policy max retry duration of 900.0 seconds (thrift_backend.py:477)
2025-12-02 14:35:14,036 - MainThread - databricks.sql.backend.thrift_backend - INFO - Error during request to server. Retry request would exceed Retry policy max retry duration of 900.0 seconds: {"method": "OpenSession", "session-id": null, "query-id": null, "http-code": null, "error-message": "", "original-exception": "Retry request would exceed Retry policy max retry duration of 900.0 seconds", "no-retry-reason": "non-retryable error", "bounded-retry-delay": null, "attempt": "1/30", "elapsed-seconds": "841.5611329078674/900.0"} (thrift_backend.py:346)
2025-12-02 14:35:14,068 - MainThread - databricks.sql.session - WARNING - [WARN] Parameter '_user_agent_entry' is deprecated; use 'user_agent_entry' instead. This parameter will be removed in the upcoming releases. (session.py:55)
2025-12-02 14:35:14,297 - MainThread - databricks.sql.auth.retry - INFO - Received status code 404 for POST request (retry.py:355)
2025-12-02 14:36:14,329 - MainThread - databricks.sql.auth.retry - INFO - Received status code 404 for POST request (retry.py:355)
2025-12-02 14:37:11,045 - ThreadPoolExecutor-1_0 - databricks.sql.auth.retry - INFO - Received status code 200 for POST request (retry.py:355)
2025-12-02 14:37:14,354 - MainThread - databricks.sql.auth.retry - INFO - Received status code 404 for POST request (retry.py:355)
2025-12-02 14:38:14,395 - MainThread - databricks.sql.auth.retry - INFO - Received status code 404 for POST request (retry.py:355)
2025-12-02 14:39:14,626 - MainThread - databricks.sql.auth.retry - INFO - Received status code 404 for POST request (retry.py:355)
2025-12-02 14:40:14,657 - MainThread - databricks.sql.auth.retry - INFO - Received status code 404 for POST request (retry.py:355)
2025-12-02 14:41:14,925 - MainThread - databricks.sql.auth.retry - INFO - Received status code 404 for POST request (retry.py:355)
2025-12-02 14:42:14,972 - MainThread - databricks.sql.auth.retry - INFO - Received status code 404 for POST request (retry.py:355)
2025-12-02 14:43:15,199 - MainThread - databricks.sql.auth.retry - INFO - Received status code 404 for POST request (retry.py:355)
2025-12-02 14:44:07,443 - MainThread - root - INFO - Shutting down the event dispatcher (dispatcher.py:159)
