2025-12-02 13:33:14,885 - MainThread - sqlmesh.core.config.connection - INFO - Creating new DuckDB adapter for in-memory database (connection.py:494)
2025-12-02 13:33:14,921 - ThreadPoolExecutor-0_0 - sqlmesh.core.console - WARNING - Model '"newbankingdemo"."sqlmesh_example"."full_model"' was not found at C:\Users\darki\Documents\Platform\tests\test_full_model.yaml (console.py:2335)
2025-12-02 13:33:14,921 - MainThread - sqlmesh.core.console - WARNING - The databricks engine is not recommended for storing SQLMesh state in production deployments. Please see https://sqlmesh.readthedocs.io/en/stable/guides/configuration/#state-connection for a list of recommended engines and more information. (console.py:2335)
2025-12-02 13:33:15,248 - MainThread - databricks.sql.session - WARNING - [WARN] Parameter '_user_agent_entry' is deprecated; use 'user_agent_entry' instead. This parameter will be removed in the upcoming releases. (session.py:55)
2025-12-02 13:33:15,429 - MainThread - databricks.sql.auth.retry - INFO - Received status code 404 for POST request (retry.py:355)
2025-12-02 13:34:15,464 - MainThread - databricks.sql.auth.retry - INFO - Received status code 404 for POST request (retry.py:355)
2025-12-02 13:35:15,515 - MainThread - databricks.sql.auth.retry - INFO - Received status code 404 for POST request (retry.py:355)
2025-12-02 13:36:15,739 - MainThread - databricks.sql.auth.retry - INFO - Received status code 404 for POST request (retry.py:355)
2025-12-02 13:37:15,767 - MainThread - databricks.sql.auth.retry - INFO - Received status code 404 for POST request (retry.py:355)
2025-12-02 13:38:15,816 - MainThread - databricks.sql.auth.retry - INFO - Received status code 404 for POST request (retry.py:355)
2025-12-02 13:39:15,843 - MainThread - databricks.sql.auth.retry - INFO - Received status code 404 for POST request (retry.py:355)
2025-12-02 13:40:16,082 - MainThread - databricks.sql.auth.retry - INFO - Received status code 404 for POST request (retry.py:355)
2025-12-02 13:41:16,112 - MainThread - databricks.sql.auth.retry - INFO - Received status code 404 for POST request (retry.py:355)
2025-12-02 13:42:16,349 - MainThread - databricks.sql.auth.retry - INFO - Received status code 404 for POST request (retry.py:355)
2025-12-02 13:43:16,393 - MainThread - databricks.sql.auth.retry - INFO - Received status code 404 for POST request (retry.py:355)
2025-12-02 13:44:16,423 - MainThread - databricks.sql.auth.retry - INFO - Received status code 404 for POST request (retry.py:355)
2025-12-02 13:45:16,649 - MainThread - databricks.sql.auth.retry - INFO - Received status code 404 for POST request (retry.py:355)
2025-12-02 13:46:16,676 - MainThread - databricks.sql.auth.retry - INFO - Received status code 404 for POST request (retry.py:355)
2025-12-02 13:47:16,890 - MainThread - databricks.sql.auth.retry - INFO - Received status code 404 for POST request (retry.py:355)
2025-12-02 13:47:16,890 - MainThread - databricks.sql.backend.thrift_backend - ERROR - ThriftBackend.attempt_request: Exception: Retry request would exceed Retry policy max retry duration of 900.0 seconds (thrift_backend.py:477)
2025-12-02 13:47:16,890 - MainThread - databricks.sql.backend.thrift_backend - INFO - Error during request to server. Retry request would exceed Retry policy max retry duration of 900.0 seconds: {"method": "OpenSession", "session-id": null, "query-id": null, "http-code": null, "error-message": "", "original-exception": "Retry request would exceed Retry policy max retry duration of 900.0 seconds", "no-retry-reason": "non-retryable error", "bounded-retry-delay": null, "attempt": "1/30", "elapsed-seconds": "841.6261665821075/900.0"} (thrift_backend.py:346)
2025-12-02 13:47:16,977 - MainThread - databricks.sql.session - WARNING - [WARN] Parameter '_user_agent_entry' is deprecated; use 'user_agent_entry' instead. This parameter will be removed in the upcoming releases. (session.py:55)
2025-12-02 13:47:17,126 - MainThread - databricks.sql.auth.retry - INFO - Received status code 404 for POST request (retry.py:355)
2025-12-02 13:48:17,142 - MainThread - databricks.sql.auth.retry - INFO - Received status code 404 for POST request (retry.py:355)
2025-12-02 13:49:17,187 - MainThread - databricks.sql.auth.retry - INFO - Received status code 404 for POST request (retry.py:355)
2025-12-02 13:50:17,361 - MainThread - databricks.sql.auth.retry - INFO - Received status code 404 for POST request (retry.py:355)
2025-12-02 13:51:17,409 - MainThread - databricks.sql.auth.retry - INFO - Received status code 404 for POST request (retry.py:355)
2025-12-02 13:51:41,455 - MainThread - root - INFO - Shutting down the event dispatcher (dispatcher.py:159)
